10 1 1
10 1 1
10 1 1
17 0 31
17 0 32
17 0 33
17 0 34
17 0 25
17 0 28
17 0 inv 1712 384 3
17 0 28
17 0 29
17 0 30
13 0 3360 288 3360 384
13 0 3360 384 3376 384
13 2 3360 384 3376 384
13 0 3360 288 3360 384
13 2 3360 288 3360 384
13 0 3360 288 3360 384
13 0 2560 288 2560 384
13 0 1760 288 1760 384
13 0 960 288 960 384
13 0 960 1088 960 1184
13 0 1760 1088 1760 1184
13 0 2560 1088 2560 1184
13 0 3360 1088 3360 1184
17 0 23
17 0 20
17 0 22
17 0 21
17 0 19
17 0 27
17 0 26
17 0 24
13 0 464 368 464 320
13 0 1264 320 1264 368
13 0 2064 368 2064 320
13 0 2864 368 2864 320
13 0 2864 1120 2864 1168
13 0 2064 1168 2064 1120
13 0 1264 1168 1264 1120
13 0 464 1120 464 1168
13 5 464 320 Q7
13 5 1264 320 Q6
13 5 2064 320 Q5
13 5 2864 320 Q4
13 5 2864 1120 Q0
13 5 2064 1120 Q1
13 5 1264 1120 Q2
13 5 464 1120 Q3
13 8 464 320 1
13 8 1264 320 1
13 8 2064 320 1
13 8 2864 320 1
13 8 2864 1120 1
13 8 2864 1120 1
13 8 2864 320 1
13 8 2064 320 1
13 8 1264 320 1
13 8 464 320 1
13 7 464 1120
13 7 1264 1120
13 7 2064 1120
13 7 2864 1120
13 8 2864 1120 0
13 7 2864 320
13 8 2864 320 0
13 7 2064 320
13 8 2064 320 0
13 7 1264 320
13 8 1264 320 0
13 7 464 320
13 8 464 320 0
13 5 464 320 D7
13 5 1264 320 D6
13 5 2064 320 D5
13 5 2864 320 D4
13 5 2864 1120 D0
13 5 2064 1120 D1
13 5 1264 1120 D2
13 5 464 1120 D3
13 8 464 320 1
13 8 1264 320 1
13 8 2064 320 1
13 8 2864 320 1
13 8 2864 1120 1
13 8 2064 1120 1
13 8 1264 1120 1
13 8 464 1120 1
13 8 464 1120 1
13 8 1264 1120 1
13 8 2064 1120 1
13 8 2064 1120 0
13 8 2864 1120 1
13 8 2864 320 1
13 8 2064 320 1
13 8 1264 320 1
13 8 464 320 1
13 7 464 1120
13 8 464 1120 0
13 7 1264 1120
13 8 1264 1120 0
13 7 2064 1120
13 7 2864 1120
13 8 2864 1120 0
13 7 2864 320
13 8 2864 320 0
13 7 2064 320
13 8 2064 320 0
13 7 1264 320
13 8 1264 320 0
13 7 464 320
13 8 464 320 0
13 2 464 1120 464 1168
13 2 1264 1120 1264 1168
13 2 2064 1120 2064 1168
13 2 2864 1120 2864 1168
13 2 2864 320 2864 368
13 2 2064 320 2064 368
13 2 1264 320 1264 368
13 2 464 320 464 368
17 0 vlo 2864 368 0
17 0 vlo 2064 368 0
17 0 vlo 1264 368 0
17 0 vhi 400 288 0
17 0 vlo 464 1168 0
17 0 vlo 1264 1168 0
17 0 vhi 2000 1088 0
17 0 vlo 2864 1168 0
13 0 3360 1088 3360 1184
13 2 3360 1088 3360 1184
13 0 2560 1088 2560 1184
13 2 2560 1088 2560 1184
13 0 1760 1088 1760 1184
13 2 1760 1088 1760 1184
13 0 960 1088 960 1184
13 2 960 1088 960 1184
13 0 960 288 960 384
13 2 960 288 960 384
13 0 1760 288 1760 384
13 2 1760 288 1760 384
13 0 2560 288 2560 384
13 2 2560 288 2560 384
13 0 3360 288 3360 384
13 2 3360 288 3360 384
17 0 inv 3312 384 3
17 0 inv 2512 384 3
17 0 inv 1712 384 3
17 0 28
17 0 inv 1712 384 3
17 0 inv 912 384 3
17 0 inv 912 1184 3
17 0 inv 1712 1184 3
17 0 inv 2512 1184 3
17 0 inv 3312 1184 3
17 0 31
17 0 32
17 0 33
17 0 34
17 0 25
17 0 28
17 0 inv 1712 384 3
17 0 28
17 0 29
17 0 30
13 0 3360 288 3360 384
13 0 2560 288 2560 384
13 0 1760 288 1760 384
13 0 960 288 960 384
13 0 960 1088 960 1184
13 0 1760 1088 1760 1184
13 0 2560 1088 2560 1184
13 0 3360 1088 3360 1184
17 0 23
17 0 20
17 0 22
17 0 21
17 0 19
17 0 27
17 0 26
17 0 24
13 0 464 368 464 320
13 0 1264 320 1264 368
13 0 2064 368 2064 320
13 0 2864 368 2864 320
13 0 2864 1120 2864 1168
13 0 2064 1168 2064 1120
13 0 1264 1168 1264 1120
13 0 464 1120 464 1168
13 5 464 320 D7
13 5 1264 320 D6
13 5 2064 320 D5
13 5 2864 320 D4
13 5 2864 1120 D0
13 5 2064 1120 D1
13 5 1264 1120 D2
13 5 464 1120 D3
13 8 464 320 1
13 8 1264 320 1
13 8 2064 320 1
13 8 2864 320 1
13 8 2864 1120 1
13 8 2064 1120 0
13 8 2064 1120 1
13 8 1264 1120 1
13 8 464 1120 1
