10 1 1
10 1 1
10 1 1
13 0 384 416 384 400
13 2 384 400 384 416
13 2 384 416 384 432
13 0 384 416 384 432
13 0 384 416 384 400
13 0 384 480 384 432
13 2 384 432 384 480
13 2 384 480 384 864
13 0 400 432 480 432
13 2 400 432 480 432
13 2 384 432 400 432
13 0 416 400 480 400
13 2 416 400 480 400
13 2 384 400 416 400
13 0 384 416 384 400
13 2 384 400 384 416
13 2 384 416 384 432
13 0 560 864 2560 864
13 2 560 864 2560 864
13 2 384 864 560 864
13 0 576 832 960 832
13 2 576 832 960 832
13 2 416 832 576 832
13 0 416 608 416 464
13 2 416 464 416 608
13 2 416 608 416 832
13 0 432 464 480 464
13 2 432 464 480 464
13 2 416 464 432 464
13 0 960 848 960 464
13 2 960 464 960 848
13 2 960 848 960 992
13 0 1040 992 2016 992
13 2 1040 992 2016 992
13 2 960 992 1040 992
13 0 1072 928 2016 928
13 2 1072 928 2016 928
13 2 992 928 1072 928
13 0 992 1200 992 928
13 2 992 928 992 1200
13 2 992 1200 992 1264
13 0 1456 896 3360 896
13 2 1456 896 3360 896
13 2 1216 896 1456 896
13 0 1216 592 1216 432
13 2 1216 432 1216 592
13 2 1216 592 1216 896
13 2 1216 432 1280 432
13 2 1216 400 1216 432
13 2 1216 400 1280 400
13 0 1760 576 1760 464
13 2 1760 464 1760 576
13 2 1760 576 1760 1024
13 0 1760 576 1760 1024
13 0 1760 576 1760 464
13 0 1760 608 1760 464
13 2 1760 464 1760 608
13 2 1760 608 1760 1024
13 0 2016 848 2016 432
13 2 2016 432 2016 848
13 2 2016 848 2016 928
13 0 2016 416 2016 400
13 2 2016 400 2016 416
13 2 2016 416 2016 432
13 0 2048 400 2080 400
13 2 2048 400 2080 400
13 2 2016 400 2048 400
13 0 2032 432 2080 432
13 2 2032 432 2080 432
13 2 2016 432 2032 432
13 0 2560 560 2560 464
13 2 2560 464 2560 560
13 2 2560 560 2560 864
13 0 2816 592 2816 432
13 2 2816 432 2816 592
13 2 2816 592 2816 960
13 2 2816 432 2880 432
13 2 2816 400 2816 432
13 0 2816 432 2816 400
13 0 2816 432 2880 432
13 0 2832 400 2880 400
13 2 2832 400 2880 400
13 2 2816 400 2832 400
13 0 2816 416 2816 400
13 2 2816 400 2816 416
13 2 2816 416 2816 432
13 0 2832 432 2880 432
13 2 2832 432 2880 432
13 2 2816 432 2832 432
13 0 3360 848 3360 464
13 2 3360 464 3360 848
13 2 3360 848 3360 896
13 0 3536 464 3712 464
13 2 3536 464 3712 464
13 2 3360 464 3536 464
13 0 3360 464 3536 464
13 0 3536 464 3712 464
13 0 416 1200 480 1200
13 2 416 1200 480 1200
13 2 384 1200 416 1200
13 0 384 1216 384 1200
13 2 384 1200 384 1216
13 2 384 1216 384 1232
13 0 416 1232 480 1232
13 2 416 1232 480 1232
13 2 384 1232 416 1232
13 0 416 1232 384 1232
13 0 416 1232 480 1232
13 0 432 1232 480 1232
13 2 432 1232 480 1232
13 2 384 1232 432 1232
13 0 416 1312 416 1264
13 2 416 1264 416 1312
13 2 416 1312 416 1632
13 0 416 1312 416 1632
13 0 416 1264 416 1312
13 0 1216 1216 1216 1200
13 2 1216 1200 1216 1216
13 2 1216 1216 1216 1232
13 0 1232 1200 1280 1200
13 2 1232 1200 1280 1200
13 2 1216 1200 1232 1200
13 0 1216 1312 1216 1232
13 2 1216 1232 1216 1312
13 2 1216 1312 1216 1696
13 0 1232 1232 1280 1232
13 2 1232 1232 1280 1232
13 2 1216 1232 1232 1232
13 0 1232 1232 1216 1232
13 0 1232 1232 1280 1232
13 0 1232 1232 1280 1232
13 2 1232 1232 1280 1232
13 2 1216 1232 1232 1232
13 0 1280 1696 3360 1696
13 2 1280 1696 3360 1696
13 2 1216 1696 1280 1696
13 0 1856 960 2816 960
13 2 1856 960 2816 960
13 2 1792 960 1856 960
13 0 1856 960 1792 960
13 0 1856 960 2816 960
13 0 1856 960 2816 960
13 2 1856 960 2816 960
13 2 1792 960 1856 960
13 0 1872 1024 2816 1024
13 2 1872 1024 2816 1024
13 2 1760 1024 1872 1024
13 0 1792 1008 1792 960
13 2 1792 960 1792 1008
13 2 1792 1008 1792 1264
13 0 2016 1040 2016 992
13 2 2016 992 2016 1040
13 2 2016 1040 2016 1232
13 0 2016 1040 2016 1232
13 0 2016 1040 2016 992
13 0 2016 1040 2016 992
13 2 2016 992 2016 1040
13 2 2016 1040 2016 1232
17 0 16
13 0 2032 1232 2080 1232
13 2 2032 1232 2080 1232
13 2 2016 1232 2032 1232
13 2 2048 1200 2080 1200
13 0 2816 1104 2816 1024
13 2 2816 1024 2816 1104
13 2 2816 1104 2816 1232
17 0 15
13 0 2848 1232 2880 1232
13 2 2848 1232 2880 1232
13 2 2816 1232 2848 1232
13 0 2848 1232 2816 1232
13 0 2848 1232 2880 1232
13 0 2864 1200 2880 1200
13 2 2864 1200 2880 1200
13 2 2848 1200 2864 1200
13 0 2848 1232 2880 1232
13 2 2848 1232 2880 1232
13 2 2816 1232 2848 1232
13 0 3360 1376 3360 1216
13 2 3360 1216 3360 1376
13 2 3360 1376 3360 1696
13 0 2560 1408 2560 1264
13 2 2560 1264 2560 1408
13 2 2560 1408 2560 1664
13 0 2512 1664 2560 1664
13 2 2512 1664 2560 1664
13 2 384 1664 2512 1664
13 0 384 1568 384 1232
13 2 384 1232 384 1568
13 2 384 1568 384 1664
13 0 384 1568 384 1664
13 0 384 1568 384 1232
13 0 384 1584 384 1232
13 2 384 1232 384 1584
13 2 384 1584 384 1664
13 0 480 464 464 464
13 5 464 464 DR
13 8 464 464 1
13 0 1760 464 1760 640
13 0 1760 640 400 640
13 0 400 640 400 432
13 0 400 432 480 432
13 0 2560 464 2416 464
13 2 2416 464 2560 464
13 0 2560 464 2560 608
13 0 2560 608 1216 608
13 0 1216 608 1216 432
13 0 1216 432 1280 432
13 0 3360 464 3360 640
13 0 3360 640 2016 640
13 0 2016 640 2016 432
13 0 2016 432 2080 432
13 0 1008 1264 1008 832
13 0 1008 832 2816 832
13 0 2816 832 2816 432
13 0 2816 432 2880 432
13 0 2560 1264 2560 1440
13 0 2560 1440 1216 1440
13 0 1216 1440 1216 1232
13 0 1216 1232 1280 1232
13 0 3360 1216 3360 1408
13 0 3360 1408 2016 1408
13 0 2016 1408 2016 1232
13 0 2016 1232 2080 1232
13 0 2864 1232 2880 1232
13 5 2864 1232 DL
13 8 2864 1232 1
13 0 960 464 960 608
13 0 960 608 368 608
13 0 368 608 368 400
13 0 368 400 480 400
13 0 1184 640 1184 400
13 0 1184 400 1280 400
13 0 1984 608 1984 400
13 0 1984 400 2080 400
13 0 2784 640 2784 400
13 0 2784 400 2880 400
13 0 2800 1408 2800 1200
13 0 2800 1200 2880 1200
13 0 1984 1440 1984 1200
13 0 1984 1200 2080 1200
13 0 1760 1264 1760 1408
13 0 1760 1408 1184 1408
13 0 1184 1408 1184 1200
13 0 1184 1200 1280 1200
13 0 1184 1408 384 1408
13 0 384 1408 384 1232
13 0 384 1232 480 1232
13 0 960 1264 960 1440
13 0 960 1440 352 1440
13 0 352 1440 352 1200
13 0 352 1200 480 1200
13 2 352 1200 480 1200
13 2 352 1200 352 1440
13 2 352 1440 960 1440
13 2 960 1264 960 1440
13 2 384 1232 480 1232
13 2 384 1232 384 1408
13 2 384 1408 1184 1408
13 2 1184 1200 1280 1200
13 2 1184 1200 1184 1408
13 2 1184 1408 1760 1408
13 2 1760 1264 1760 1408
13 2 1984 1200 2080 1200
13 2 1984 1200 1984 1440
13 2 2800 1200 2880 1200
13 2 2800 1200 2800 1408
13 2 2784 400 2880 400
13 2 2784 400 2784 640
13 2 1984 400 2080 400
13 2 1984 400 1984 608
13 2 1184 400 1280 400
13 2 1184 400 1184 640
13 2 368 400 480 400
13 2 368 400 368 608
13 2 368 608 960 608
13 2 960 464 960 608
13 8 2864 1232 1
13 7 2864 1232
13 8 2864 1232 0
13 2 2864 1232 2880 1232
13 2 2016 1232 2080 1232
13 2 2016 1232 2016 1408
13 2 2016 1408 3360 1408
13 2 3360 1216 3360 1408
13 2 1216 1232 1280 1232
13 2 1216 1232 1216 1440
13 2 1216 1440 2560 1440
13 2 2560 1264 2560 1440
13 2 2816 432 2880 432
13 2 2816 432 2816 832
13 2 1008 832 2816 832
13 2 1008 832 1008 1264
13 2 2016 432 2080 432
13 2 2016 432 2016 640
13 2 2016 640 3360 640
13 2 3360 464 3360 640
13 2 1216 432 1280 432
13 2 1216 432 1216 608
13 2 1216 608 2560 608
13 2 2560 464 2560 608
13 2 400 432 480 432
13 2 400 432 400 640
13 2 400 640 1760 640
13 2 1760 464 1760 640
13 8 464 464 1
13 7 464 464
13 8 464 464 0
13 2 464 464 480 464
13 0 384 1584 384 1664
13 0 384 1232 384 1584
13 0 384 1568 384 1232
13 2 384 1232 384 1568
13 2 384 1568 384 1664
13 0 384 1568 384 1664
13 0 384 1232 384 1568
13 0 384 1664 2512 1664
13 0 2512 1664 2560 1664
13 0 2560 1408 2560 1664
13 0 2560 1264 2560 1408
13 0 3360 1376 3360 1696
13 0 3360 1216 3360 1376
13 0 2816 1232 2848 1232
13 0 2848 1232 2880 1232
13 0 2848 1200 2864 1200
13 0 2864 1200 2880 1200
13 0 2848 1232 2880 1232
13 2 2848 1232 2880 1232
13 2 2816 1232 2848 1232
13 0 2816 1232 2848 1232
13 0 2848 1232 2880 1232
17 0 vhi 2784 1120 0
13 0 2816 1104 2816 1232
13 0 2816 1024 2816 1104
13 0 2048 1200 2080 1200
13 0 2016 1232 2032 1232
13 0 2032 1232 2080 1232
17 0 vhi 1984 1120 0
13 0 2016 1040 2016 1232
13 0 2016 992 2016 1040
13 0 2016 1040 2016 992
13 2 2016 992 2016 1040
13 2 2016 1040 2016 1232
13 0 2016 1040 2016 1232
13 0 2016 992 2016 1040
13 0 1792 1008 1792 1264
13 0 1792 960 1792 1008
13 0 1760 1024 1872 1024
13 0 1872 1024 2816 1024
13 0 1792 960 1856 960
13 0 1856 960 2816 960
13 0 1856 960 2816 960
13 2 1856 960 2816 960
13 2 1792 960 1856 960
13 0 1792 960 1856 960
13 0 1856 960 2816 960
13 0 1216 1696 1280 1696
13 0 1280 1696 3360 1696
13 0 1216 1232 1232 1232
13 0 1232 1232 1280 1232
13 0 1232 1232 1280 1232
13 2 1232 1232 1280 1232
13 2 1216 1232 1232 1232
13 0 1216 1232 1232 1232
13 0 1232 1232 1280 1232
13 0 1216 1312 1216 1696
13 0 1216 1232 1216 1312
13 0 1216 1200 1232 1200
13 0 1232 1200 1280 1200
13 0 1216 1216 1216 1232
13 0 1216 1200 1216 1216
13 0 384 1232 432 1232
13 0 432 1232 480 1232
13 0 416 1232 480 1232
13 2 416 1232 480 1232
13 2 384 1232 416 1232
13 0 384 1232 416 1232
13 0 416 1232 480 1232
13 0 384 1216 384 1232
13 0 384 1200 384 1216
13 0 384 1200 416 1200
13 0 416 1200 480 1200
13 0 3360 848 3360 896
13 0 3360 464 3360 848
13 0 2816 432 2832 432
13 0 2832 432 2880 432
13 0 2816 416 2816 432
13 0 2816 400 2816 416
13 0 2816 400 2832 400
13 0 2832 400 2880 400
13 2 2816 432 2880 432
13 2 2816 400 2816 432
13 0 2816 400 2816 432
13 0 2816 432 2880 432
13 0 2816 592 2816 960
13 0 2816 432 2816 592
13 0 2560 560 2560 864
13 0 2560 464 2560 560
13 0 2016 432 2032 432
13 0 2032 432 2080 432
13 0 2016 400 2048 400
13 0 2048 400 2080 400
13 0 2016 416 2016 432
13 0 2016 400 2016 416
13 0 2016 848 2016 928
13 0 2016 432 2016 848
13 0 1760 608 1760 1024
13 0 1760 464 1760 608
13 0 1760 576 1760 464
13 2 1760 464 1760 576
13 2 1760 576 1760 1024
13 0 1760 576 1760 1024
13 0 1760 464 1760 576
13 0 1216 400 1280 400
13 0 1216 400 1216 432
13 0 1216 432 1280 432
13 0 1216 592 1216 896
13 0 1216 432 1216 592
13 0 1216 896 1456 896
13 0 1456 896 3360 896
13 0 992 1200 992 1264
13 0 992 928 992 1200
13 0 992 928 1072 928
13 0 1072 928 2016 928
13 0 960 992 1040 992
13 0 1040 992 2016 992
13 0 960 848 960 992
13 0 960 464 960 848
13 0 416 464 432 464
13 0 432 464 480 464
13 0 416 608 416 832
13 0 416 464 416 608
13 0 416 832 576 832
13 0 576 832 960 832
13 0 384 864 560 864
13 0 560 864 2560 864
13 0 384 416 384 432
13 0 384 400 384 416
13 0 384 400 416 400
13 0 416 400 480 400
13 0 384 432 400 432
13 0 400 432 480 432
13 0 384 480 384 864
13 0 384 432 384 480
13 0 384 416 384 400
13 2 384 400 384 416
13 2 384 416 384 432
13 0 384 416 384 432
13 0 384 400 384 416
