10 1 1
10 1 1
10 1 1
10 1 101
10 1 1
10 1 1
10 3 1
10 1 1
10 1 1
17 0 fd1s3dx 576 544 0
17 0 mux41 320 480 0
17 0 1
17 0 fd1s3dx 576 496 0
17 0 1
17 0 fd1s3dx 576 528 0
13 0 512 576 576 576
13 2 512 576 576 576
17 0 2
17 0 1
17 0 mux41 480 320 0
17 0 fd1s3dx 736 368 0
13 0 672 416 736 416
17 0 mux41 1120 320 0
17 0 fd1s3dx 1376 368 0
13 0 1312 416 1376 416
17 0 mux41 1760 320 0
17 0 fd1s3dx 2016 368 0
13 0 1952 416 2016 416
17 0 mux41 2400 320 0
17 0 fd1s3dx 2656 368 0
13 0 2592 416 2656 416
13 2 2592 416 2656 416
17 0 8
17 0 7
13 2 1952 416 2016 416
17 0 6
17 0 5
13 2 1312 416 1376 416
17 0 4
17 0 3
17 0 mux41 1280 320 0
17 0 fd1s3dx 1536 368 0
13 0 1472 416 1536 416
17 0 mux41 2080 320 0
17 0 fd1s3dx 2336 368 0
13 0 2272 416 2336 416
17 0 mux41 2880 320 0
17 0 fd1s3dx 3136 368 0
13 0 3072 416 3136 416
17 0 fd1s3dx 3136 1008 0
17 0 mux41 2880 960 0
17 0 fd1s3dx 2336 1008 0
17 0 mux41 2080 960 0
17 0 fd1s3dx 1536 1008 0
17 0 mux41 1280 960 0
17 0 mux41 480 960 0
17 0 fd1s3dx 736 1008 0
13 0 672 1056 736 1056
13 0 1472 1056 1536 1056
13 0 2272 1056 2336 1056
13 0 3072 1056 3136 1056
13 0 320 672 3632 672
13 0 3632 672 560 672
13 0 560 672 560 880
13 2 560 672 560 880
13 0 320 704 3632 704
13 0 3632 736 320 736
13 0 320 768 3632 768
13 0 736 448 736 672
13 0 1536 448 1536 672
13 0 2336 448 2336 672
13 0 3136 448 3136 672
13 0 736 1088 736 672
13 0 736 672 736 1056
13 0 736 1056 736 1088
13 2 736 1056 736 1088
13 2 736 672 736 1056
13 0 736 1088 736 768
13 0 736 768 736 1056
13 0 736 1056 736 1088
13 2 736 1056 736 1088
13 2 736 768 736 1056
13 0 736 1088 736 960
13 0 736 960 736 1056
13 0 736 1056 736 1088
13 2 736 1056 736 1088
13 2 736 960 736 1056
13 0 3632 672 3680 672
13 0 3632 704 3680 704
13 0 3632 736 3680 736
13 0 3632 768 3680 768
13 0 3680 704 3664 704
13 2 320 704 3680 704
13 0 3664 704 320 704
13 2 320 704 3664 704
13 0 3648 704 320 704
13 2 320 736 3680 736
13 0 3632 736 320 736
13 2 320 736 3632 736
13 0 3616 736 320 736
13 2 320 736 3616 736
13 0 3600 736 320 736
13 2 320 736 3600 736
13 0 3616 736 320 736
13 2 320 768 3680 768
13 0 3584 768 320 768
13 0 960 416 992 416
13 0 992 416 992 320
13 0 1760 416 1792 416
13 0 1792 416 1792 320
13 0 2560 416 2592 416
13 0 2592 416 2592 320
13 0 3360 416 3392 416
13 0 3392 416 3392 320
13 0 480 368 448 368
13 0 448 368 448 320
13 2 448 320 448 368
13 2 448 368 480 368
13 0 480 368 480 320
13 2 480 320 480 368
13 2 992 320 992 416
13 0 960 320 960 416
13 0 960 416 992 416
13 2 960 416 992 416
13 0 1792 400 1792 320
13 2 1792 320 1792 400
13 2 1792 400 1792 416
13 0 1760 400 1760 416
13 0 1760 416 1792 416
13 0 1760 400 1760 320
13 0 1760 320 1792 320
13 2 1760 320 1792 320
13 2 1760 416 1792 416
13 0 3360 1056 3360 960
13 0 2560 1056 2560 960
13 0 1760 1056 1760 960
13 0 960 1072 960 960
13 0 960 960 960 1056
13 0 960 1056 960 1072
13 2 960 1056 960 1072
13 0 2592 352 2592 320
13 2 2592 320 2592 352
13 2 2592 352 2592 416
13 0 2560 352 2560 416
13 0 2560 416 2592 416
13 0 2560 352 2560 320
13 0 2560 320 2592 320
13 2 2560 320 2592 320
13 2 2560 416 2592 416
13 2 3392 320 3392 416
13 0 3360 320 3360 416
13 0 3360 416 3392 416
13 2 3360 416 3392 416
13 0 3584 672 3584 1040
13 0 3584 672 3584 768
13 0 3584 768 3584 1040
13 0 3584 768 3680 768
13 2 3584 768 3680 768
13 2 3584 768 3584 1040
13 2 3584 672 3584 768
13 2 320 768 3584 768
13 0 3680 768 320 768
13 2 320 736 3616 736
13 0 3680 736 320 736
13 2 320 704 3648 704
13 0 3680 704 320 704
13 0 3680 768 3680 992
13 0 3648 736 3648 992
13 0 3616 704 3616 992
13 0 3584 672 3584 992
13 0 3664 672 3680 672
13 2 3664 672 3680 672
13 2 3584 672 3664 672
13 0 3664 704 3680 704
13 2 3664 704 3680 704
13 2 3616 704 3664 704
13 0 3664 736 3680 736
13 2 3664 736 3680 736
13 2 3648 736 3664 736
13 0 3584 992 3584 1312
13 0 3584 1312 320 1312
13 0 320 1344 3616 1344
13 0 3616 1344 3616 992
13 0 3648 992 3648 1376
13 0 3648 1376 320 1376
13 0 320 1408 3680 1408
13 0 3680 1408 3680 992
13 0 736 1088 736 1312
13 0 1536 1088 1536 1312
13 0 2336 1088 2336 1312
13 0 3136 1088 3136 1312
13 0 3248 528 3248 704
13 0 2448 528 2448 704
13 0 3248 1168 3248 1344
13 0 2448 1168 2448 1344
13 0 1648 1168 1648 1344
13 0 1648 528 1648 704
13 0 848 528 848 704
13 0 848 1168 848 1344
13 0 480 1184 480 1408
13 0 480 1152 448 1152
13 0 448 1152 448 1376
13 0 1280 1184 1280 1408
13 0 1280 1152 1248 1152
13 0 1248 1152 1248 1376
13 0 2080 1184 2080 1408
13 0 2080 1152 2048 1152
13 0 2048 1152 2048 1376
13 0 2880 1184 2880 1408
13 0 2880 1152 2848 1152
13 0 2848 1152 2848 1376
13 0 2880 544 2880 768
13 0 2880 512 2848 512
13 0 2848 512 2848 736
13 0 2080 544 2080 768
13 0 2080 512 2048 512
13 0 2048 512 2048 736
13 0 1280 544 1280 768
13 0 1280 512 1248 512
13 0 1248 512 1248 736
13 0 480 544 480 768
13 0 480 512 448 512
13 0 448 512 448 736
13 0 480 368 480 320
13 0 1280 368 1280 320
13 5 480 320 D7
13 8 480 320 1
13 8 480 320 1
13 7 480 320
13 8 480 320 0
13 0 2080 368 2080 320
13 0 2880 368 2880 320
13 0 2880 1008 2880 960
13 0 2080 1008 2080 960
13 0 1280 1008 1280 960
13 0 480 1008 480 960
13 0 2560 416 2560 800
13 0 2560 800 416 800
13 0 416 800 416 400
13 0 416 400 480 400
13 2 416 400 480 400
13 2 416 400 416 800
13 2 416 800 2560 800
13 2 2560 416 2560 800
13 0 480 464 416 464
13 0 416 464 416 800
13 0 416 800 960 800
13 0 960 800 960 416
13 0 1280 464 1216 464
13 0 1216 464 1216 800
13 0 1216 800 960 800
13 0 2080 464 2016 464
13 0 2016 464 2016 800
13 0 2016 800 1760 800
13 0 1760 800 1760 416
13 0 2880 464 2816 464
13 0 2816 464 2816 800
13 0 2816 800 2560 800
13 0 2560 800 2560 416
13 0 3360 416 3360 640
13 0 3360 640 3712 640
13 0 3712 640 3712 1440
13 0 3712 1440 416 1440
13 0 416 1440 416 1104
13 0 416 1104 480 1104
13 0 2880 1104 2560 1104
13 0 2560 1104 2560 1056
13 0 2080 1104 1760 1104
13 0 1760 1104 1760 1056
13 0 1280 1104 960 1104
13 0 960 1104 960 1056
13 0 1216 624 1216 464
13 2 1216 464 1216 624
13 2 1216 624 1216 800
13 0 1088 800 1216 800
13 2 1088 800 1216 800
13 2 960 800 1088 800
13 0 1088 800 960 800
13 0 1088 800 1216 800
13 0 1088 800 1216 800
13 2 1088 800 1216 800
13 2 960 800 1088 800
13 0 1216 464 960 464
13 0 960 464 960 416
13 0 1904 800 2016 800
13 2 1904 800 2016 800
13 2 1760 800 1904 800
13 0 2016 608 2016 464
13 2 2016 464 2016 608
13 2 2016 608 2016 800
13 0 1760 544 1760 416
13 2 1760 416 1760 544
13 2 1760 544 1760 800
13 0 2016 464 1760 464
13 0 1760 464 1760 416
13 0 2832 464 2560 464
13 0 2816 464 2560 464
13 0 2624 800 2816 800
13 2 2624 800 2816 800
13 2 2560 800 2624 800
13 0 2560 592 2560 416
13 2 2560 416 2560 592
13 2 2560 592 2560 800
13 0 2816 608 2816 464
13 2 2816 464 2816 608
13 2 2816 608 2816 800
13 0 2816 464 2560 464
13 0 2560 464 2560 416
13 0 480 432 384 432
13 0 384 432 384 832
13 0 384 832 2560 832
13 0 2560 832 2560 464
13 0 1280 432 1216 432
13 0 1216 432 1216 864
13 0 1216 864 3360 864
13 0 3360 864 3360 640
13 5 480 320 D7
13 5 1280 320 D6
13 5 2080 320 D5
13 5 2880 320 D4
13 5 480 960 D3
13 5 1280 960 D2
13 5 2080 960 D1
13 5 2880 960 D0
13 5 960 320 Q7
13 5 1760 320 Q6
13 5 2560 320 Q5
13 5 3360 320 Q4
13 5 960 960 Q3
13 5 1760 960 Q2
13 5 2560 960 Q1
13 5 3360 960 Q0
13 8 480 320 1
13 8 1280 320 1
13 8 2080 336 1
13 8 2080 320 1
13 8 2880 320 1
13 8 480 960 1
13 8 1280 960 1
13 8 1760 960 1
13 8 1760 960 1
13 8 1280 960 1
13 8 480 960 1
13 8 2880 320 1
13 8 2080 320 1
13 8 2080 336 1
13 8 1280 320 1
13 8 480 320 1
13 7 3360 960
13 7 2560 960
13 7 1760 960
13 8 1760 960 0
13 7 960 960
13 7 3360 320
13 7 2560 320
13 8 2080 960 1
13 8 2880 960 1
13 8 960 320 2
13 8 1760 320 2
13 5 2560 320 Q5
13 5 3360 320 Q4
13 5 960 960 Q3
13 5 1760 960 Q2
13 5 2560 960 Q1
13 5 3360 960 Q0
13 8 2560 320 2
13 8 3360 320 2
13 8 960 976 2
13 8 960 960 2
13 8 1760 960 2
13 8 2560 960 2
13 8 3360 960 2
13 5 320 672 CLK
13 5 320 704 RST
13 5 320 736 A0
13 5 320 768 A1
13 8 304 672 1
13 8 304 672 1
13 8 304 672 1
13 8 320 672 1
13 8 320 704 1
13 8 320 736 1
13 8 320 768 1
13 2 672 1056 736 1056
13 2 1472 1056 1536 1056
13 2 2272 1056 2336 1056
13 2 3072 1056 3136 1056
13 2 416 1104 480 1104
13 2 960 1104 1280 1104
13 2 1760 1104 2080 1104
13 2 2560 1104 2880 1104
13 2 448 1152 480 1152
13 2 1248 1152 1280 1152
13 2 2048 1152 2080 1152
13 2 2848 1152 2880 1152
13 2 320 1312 736 1312
13 2 736 1312 1536 1312
13 2 1536 1312 2336 1312
13 2 2336 1312 3136 1312
13 2 3136 1312 3584 1312
13 2 320 1344 848 1344
13 2 848 1344 1648 1344
13 2 1648 1344 2448 1344
13 2 2448 1344 3248 1344
13 2 3248 1344 3616 1344
13 2 320 1376 448 1376
13 2 448 1376 1248 1376
13 2 1248 1376 2048 1376
13 2 2048 1376 2848 1376
13 2 2848 1376 3648 1376
13 2 320 1408 480 1408
13 2 480 1408 1280 1408
13 2 1280 1408 2080 1408
13 2 2080 1408 2880 1408
13 2 2880 1408 3680 1408
13 2 416 1440 3712 1440
13 2 416 1104 416 1440
13 2 448 1152 448 1376
13 2 480 960 480 1008
13 2 480 1184 480 1408
13 2 736 1088 736 1312
13 2 848 1168 848 1344
13 2 960 960 960 1056
13 2 960 1056 960 1104
13 2 1248 1152 1248 1376
13 2 1280 960 1280 1008
13 2 1280 1184 1280 1408
13 2 1536 1088 1536 1312
13 2 1648 1168 1648 1344
13 2 1760 960 1760 1056
13 2 1760 1056 1760 1104
13 2 2048 1152 2048 1376
13 2 2080 960 2080 1008
13 2 2080 1184 2080 1408
13 2 2336 1088 2336 1312
13 2 2448 1168 2448 1344
13 2 2560 960 2560 1056
13 2 2560 1056 2560 1104
13 2 2848 1152 2848 1376
13 2 2880 960 2880 1008
13 2 2880 1184 2880 1408
13 2 3136 1088 3136 1312
13 2 3248 1168 3248 1344
13 2 3360 960 3360 1056
13 2 3584 672 3584 1312
13 2 3616 704 3616 1344
13 2 3648 736 3648 1376
13 2 3680 768 3680 1408
13 2 3712 640 3712 1440
13 7 480 960
13 8 480 960 0
13 7 960 960
13 8 960 960 0
13 7 1280 960
13 8 1280 960 0
13 7 1760 960
13 8 1760 960 0
13 7 2080 960
13 8 2080 960 0
13 7 2560 960
13 8 2560 960 0
13 7 2880 960
13 8 2880 960 0
13 7 3360 960
13 8 3360 960 0
17 0 16
17 0 15
17 0 14
17 0 13
17 0 12
17 0 11
17 0 10
17 0 9
17 0 fd1s3dx 736 1328 0
17 0 mux41 480 1280 0
17 0 mux41 1280 1280 0
17 0 fd1s3dx 1536 1328 0
17 0 mux41 2080 1280 0
17 0 fd1s3dx 2336 1328 0
17 0 mux41 2880 1280 0
17 0 fd1s3dx 3136 1328 0
13 0 672 1376 736 1376
13 0 1472 1376 1536 1376
13 0 2272 1376 2336 1376
13 0 3072 1376 3136 1376
13 0 416 1424 480 1424
13 0 960 1424 1280 1424
13 0 1760 1424 2080 1424
13 0 2560 1424 2880 1424
13 0 448 1472 480 1472
13 0 1248 1472 1280 1472
13 0 2048 1472 2080 1472
13 0 2848 1472 2880 1472
13 0 320 1632 736 1632
13 0 736 1632 1536 1632
13 0 1536 1632 2336 1632
13 0 2336 1632 3136 1632
13 0 3136 1632 3584 1632
13 0 320 1664 848 1664
13 0 848 1664 1648 1664
13 0 1648 1664 2448 1664
13 0 2448 1664 3248 1664
13 0 3248 1664 3616 1664
13 0 320 1696 448 1696
13 0 448 1696 1248 1696
13 0 1248 1696 2048 1696
13 0 2048 1696 2848 1696
13 0 2848 1696 3648 1696
13 0 320 1728 480 1728
13 0 480 1728 1280 1728
13 0 1280 1728 2080 1728
13 0 2080 1728 2880 1728
13 0 2880 1728 3680 1728
13 0 416 1760 3712 1760
13 0 416 1424 416 1760
13 0 448 1472 448 1696
13 0 480 1280 480 1328
13 0 480 1504 480 1728
13 0 736 1408 736 1632
13 0 848 1488 848 1664
13 0 960 1280 960 1376
13 0 960 1376 960 1424
13 0 1248 1472 1248 1696
13 0 1280 1280 1280 1328
13 0 1280 1504 1280 1728
13 0 1536 1408 1536 1632
13 0 1648 1488 1648 1664
13 0 1760 1280 1760 1376
13 0 1760 1376 1760 1424
13 0 2048 1472 2048 1696
13 0 2080 1280 2080 1328
13 0 2080 1504 2080 1728
13 0 2336 1408 2336 1632
13 0 2448 1488 2448 1664
13 0 2560 1280 2560 1376
13 0 2560 1376 2560 1424
13 0 2848 1472 2848 1696
13 0 2880 1280 2880 1328
13 0 2880 1504 2880 1728
13 0 3136 1408 3136 1632
13 0 3248 1488 3248 1664
13 0 3360 1280 3360 1376
13 0 3584 1200 3584 1632
13 0 3584 672 3584 1200
13 0 3616 1200 3616 1664
13 0 3616 1184 3616 1200
13 0 3616 704 3616 1184
13 0 3648 1200 3648 1696
13 0 3648 1168 3648 1200
13 0 3648 736 3648 1168
13 0 3680 1200 3680 1728
13 0 3680 1152 3680 1200
13 0 3680 768 3680 1152
13 0 3712 1200 3712 1760
13 0 3712 1136 3712 1200
13 0 3712 640 3712 1136
13 5 480 1280 D3
13 5 960 1280 Q3
13 5 1280 1280 D2
13 5 1760 1280 Q2
13 5 2080 1280 D1
13 5 2560 1280 Q1
13 5 2880 1280 D0
13 5 3360 1280 Q0
13 8 480 960 1
13 8 960 960 2
13 8 1280 960 1
13 8 1760 960 2
13 8 2080 960 1
13 8 2560 960 2
13 8 2880 960 1
13 8 3360 960 2
13 8 480 1280 1
13 8 960 1280 2
13 8 1280 1280 1
13 8 1760 1280 2
13 8 2080 1280 1
13 8 2560 1280 2
13 8 2880 1280 1
13 8 3360 1280 2
13 2 384 832 2560 832
13 2 1216 864 3360 864
13 2 384 432 384 832
13 2 1216 432 1216 864
13 2 2560 464 2560 832
13 2 3360 640 3360 864
13 0 384 864 2560 864
13 0 1216 896 3360 896
13 0 384 848 384 864
13 0 384 432 384 848
13 0 1216 848 1216 896
13 0 1216 832 1216 848
13 0 1216 432 1216 832
13 0 2560 848 2560 864
13 0 2560 816 2560 848
13 0 2560 464 2560 816
13 0 3360 848 3360 896
13 0 3360 800 3360 848
13 0 3360 640 3360 800
13 0 560 800 960 800
13 2 560 800 960 800
13 2 416 800 560 800
13 0 560 832 416 832
13 0 416 832 416 800
13 0 560 832 960 832
13 0 960 832 960 800
13 0 736 1760 3712 1760
13 2 736 1760 3712 1760
13 2 416 1760 736 1760
13 0 720 1792 416 1792
13 0 416 1792 416 1760
13 0 720 1792 3712 1792
13 0 3712 1792 3712 1760
13 0 3584 640 3712 640
13 2 3584 640 3712 640
13 2 3360 640 3584 640
13 0 3552 416 3360 416
13 0 3360 416 3360 640
13 0 3552 416 3712 416
13 0 3712 416 3712 640
13 0 3520 416 3712 416
13 2 3520 416 3712 416
13 2 3360 416 3520 416
13 0 3520 464 3360 464
13 0 3360 464 3360 416
13 0 3520 464 3712 464
13 0 3712 464 3712 416
13 0 3712 432 3712 416
13 2 3712 416 3712 432
13 2 3712 432 3712 464
13 0 2080 432 2016 432
13 0 2016 432 2016 928
13 0 2016 928 992 928
13 0 992 928 992 1424
13 0 2880 432 2816 432
13 0 2816 432 2816 960
13 0 2816 960 1792 960
13 0 1792 960 1792 1424
13 0 480 1392 384 1392
13 0 384 1392 384 1824
13 0 384 1824 2560 1824
13 0 2560 1824 2560 1424
13 0 1280 1392 1216 1392
13 0 1216 1392 1216 1856
13 0 1216 1856 3360 1856
13 0 3360 1856 3360 1376
13 0 960 832 960 992
13 0 960 992 2048 992
13 0 2048 992 2048 1392
13 0 2048 1392 2080 1392
13 0 2880 1392 2832 1392
13 0 2832 1392 2832 1024
13 0 2832 1024 1760 1024
13 0 1760 1024 1760 464
17 0 vhi 2704 1296 0
17 0 vhi 1920 1280 0
13 0 2048 1328 2048 992
13 2 2048 992 2048 1328
13 2 2048 1328 2048 1392
13 0 1968 1328 1968 1392
13 0 1968 1392 2048 1392
13 0 1968 1328 1968 992
13 0 1968 992 2048 992
17 0 18
17 0 vhi 1984 1280 0
13 0 1968 1280 1968 992
13 2 1968 992 1968 1280
13 2 1968 1280 1968 1392
13 0 2016 1280 2016 1392
13 0 2016 1392 1968 1392
13 0 2016 1280 2016 992
13 0 2016 992 1968 992
13 0 1984 1392 2016 1392
13 2 1984 1392 2016 1392
13 2 1968 1392 1984 1392
13 0 2032 992 2048 992
13 2 2032 992 2048 992
13 2 2016 992 2032 992
13 0 2080 1360 2048 1360
13 0 2832 1328 2832 1024
13 2 2832 1024 2832 1328
13 2 2832 1328 2832 1392
13 0 2800 1328 2800 1392
13 0 2800 1392 2832 1392
13 0 2800 1328 2800 1024
13 0 2800 1024 2832 1024
17 0 17
17 0 vhi 2784 1280 0
13 0 2800 1296 2800 1024
13 2 2800 1024 2800 1296
13 2 2800 1296 2800 1392
13 0 2816 1296 2816 1392
13 0 2816 1392 2800 1392
13 0 2816 1296 2816 1024
13 0 2816 1024 2800 1024
13 2 2816 1024 2832 1024
13 2 2800 1392 2816 1392
13 0 2848 1360 2880 1360
13 0 1216 1392 1216 1360
13 0 1216 1360 1280 1360
13 0 384 1392 384 1360
13 0 384 1360 480 1360
13 0 2880 432 2880 400
13 2 2880 400 2880 432
13 0 2816 432 2816 400
13 0 2816 400 2880 400
13 0 2016 432 2016 400
13 0 2016 400 2080 400
13 0 1216 432 1216 400
13 0 1216 400 1280 400
13 0 384 432 384 400
13 0 384 400 480 400
13 2 384 1360 480 1360
13 2 1216 1360 1280 1360
13 2 2048 1360 2080 1360
13 2 2848 1360 2880 1360
13 2 672 1376 736 1376
13 2 1472 1376 1536 1376
13 2 2272 1376 2336 1376
13 2 3072 1376 3136 1376
13 2 384 1392 480 1392
13 2 1216 1392 1280 1392
13 2 2016 1392 2080 1392
13 2 2816 1392 2880 1392
13 2 416 1424 480 1424
13 2 960 1424 992 1424
13 2 992 1424 1280 1424
13 2 1760 1424 1792 1424
13 2 1792 1424 2080 1424
13 2 2560 1424 2880 1424
13 2 448 1472 480 1472
13 2 1248 1472 1280 1472
13 2 2048 1472 2080 1472
13 2 2848 1472 2880 1472
13 2 320 1632 736 1632
13 2 736 1632 1536 1632
13 2 1536 1632 2336 1632
13 2 2336 1632 3136 1632
13 2 3136 1632 3584 1632
13 2 320 1664 848 1664
13 2 848 1664 1648 1664
13 2 1648 1664 2448 1664
13 2 2448 1664 3248 1664
13 2 3248 1664 3616 1664
13 2 320 1696 448 1696
13 2 448 1696 1248 1696
13 2 1248 1696 2048 1696
13 2 2048 1696 2848 1696
13 2 2848 1696 3648 1696
13 2 320 1728 480 1728
13 2 480 1728 1280 1728
13 2 1280 1728 2080 1728
13 2 2080 1728 2880 1728
13 2 2880 1728 3680 1728
13 2 416 1792 3712 1792
13 2 384 1824 2560 1824
13 2 1216 1856 3360 1856
13 0 384 1360 384 1392
13 2 384 1360 384 1392
13 2 384 1392 384 1824
13 2 416 1424 416 1792
13 2 448 1472 448 1696
13 2 480 1280 480 1328
13 2 480 1504 480 1728
13 2 736 1408 736 1632
13 2 848 1488 848 1664
13 2 960 1280 960 1376
13 2 960 1376 960 1424
13 2 992 928 992 1424
13 0 1216 1360 1216 1392
13 2 1216 1360 1216 1392
13 2 1216 1392 1216 1856
13 2 1248 1472 1248 1696
13 2 1280 1280 1280 1328
13 2 1280 1504 1280 1728
13 2 1536 1408 1536 1632
13 2 1648 1488 1648 1664
13 2 1760 1280 1760 1376
13 2 1760 1376 1760 1424
13 2 1792 960 1792 1424
13 2 2016 992 2016 1392
13 2 2048 1472 2048 1696
13 2 2080 1280 2080 1328
13 2 2080 1504 2080 1728
13 2 2336 1408 2336 1632
13 2 2448 1488 2448 1664
13 2 2560 1280 2560 1376
13 0 2560 1376 2560 1424
13 2 2560 1376 2560 1424
13 2 2560 1424 2560 1824
13 2 2816 1024 2816 1392
13 2 2848 1472 2848 1696
13 2 2880 1280 2880 1328
13 2 2880 1504 2880 1728
13 2 3136 1408 3136 1632
13 2 3248 1488 3248 1664
13 2 3360 1280 3360 1376
13 2 3360 1376 3360 1856
13 2 3584 672 3584 1632
13 2 3616 704 3616 1664
13 2 3648 736 3648 1696
13 2 3680 768 3680 1728
13 2 3712 464 3712 1792
13 7 480 1280
13 8 480 1280 0
13 7 960 1280
13 8 960 1280 0
13 7 1280 1280
13 8 1280 1280 0
13 7 1760 1280
13 8 1760 1280 0
13 7 2080 1280
13 8 2080 1280 0
13 7 2560 1280
13 8 2560 1280 0
13 7 2880 1280
13 8 2880 1280 0
13 7 3360 1280
13 8 3360 1280 0
17 0 18
17 0 17
17 0 9
17 0 10
17 0 11
17 0 12
17 0 13
17 0 14
17 0 15
17 0 16
17 0 vhi 1984 1136 0
17 0 vhi 2784 1136 0
17 0 fd1s3dx 736 1184 0
17 0 mux41 480 1136 0
17 0 mux41 1280 1136 0
17 0 fd1s3dx 1536 1184 0
17 0 mux41 2080 1136 0
17 0 fd1s3dx 2336 1184 0
17 0 mux41 2880 1136 0
17 0 fd1s3dx 3136 1184 0
13 0 384 1216 480 1216
13 0 1216 1216 1280 1216
13 0 2048 1216 2080 1216
13 0 2848 1216 2880 1216
13 0 672 1232 736 1232
13 0 1472 1232 1536 1232
13 0 2272 1232 2336 1232
13 0 3072 1232 3136 1232
13 0 384 1248 480 1248
13 0 1216 1248 1280 1248
13 0 2016 1248 2080 1248
13 0 2816 1248 2880 1248
13 0 416 1280 480 1280
13 0 960 1280 992 1280
13 0 992 1280 1280 1280
13 0 1760 1280 1792 1280
13 0 1792 1280 2080 1280
13 0 2560 1280 2880 1280
13 0 448 1328 480 1328
13 0 1248 1328 1280 1328
13 0 2048 1328 2080 1328
13 0 2848 1328 2880 1328
13 0 320 1488 736 1488
13 0 736 1488 1536 1488
13 0 1536 1488 2336 1488
13 0 2336 1488 3136 1488
13 0 3136 1488 3584 1488
13 0 320 1520 848 1520
13 0 848 1520 1648 1520
13 0 1648 1520 2448 1520
13 0 2448 1520 3248 1520
13 0 3248 1520 3616 1520
13 0 320 1552 448 1552
13 0 448 1552 1248 1552
13 0 1248 1552 2048 1552
13 0 2048 1552 2848 1552
13 0 2848 1552 3648 1552
13 0 320 1584 480 1584
13 0 480 1584 1280 1584
13 0 1280 1584 2080 1584
13 0 2080 1584 2880 1584
13 0 2880 1584 3680 1584
13 0 416 1648 3712 1648
13 0 384 1680 2560 1680
13 0 1216 1712 3360 1712
13 0 384 1216 384 1248
13 0 384 1248 384 1680
13 0 416 1280 416 1648
13 0 448 1328 448 1552
13 0 480 1136 480 1184
13 0 480 1360 480 1584
13 0 736 1264 736 1488
13 0 848 1344 848 1520
13 0 960 1136 960 1232
13 0 960 1232 960 1280
13 0 992 1024 992 1280
13 0 992 928 992 1024
13 0 1216 1216 1216 1248
13 0 1216 1248 1216 1712
13 0 1248 1328 1248 1552
13 0 1280 1136 1280 1184
13 0 1280 1360 1280 1584
13 0 1536 1264 1536 1488
13 0 1648 1344 1648 1520
13 0 1760 1136 1760 1232
13 0 1760 1232 1760 1280
13 0 1792 1024 1792 1280
13 0 1792 1008 1792 1024
13 0 1792 960 1792 1008
13 0 2016 1024 2016 1248
13 0 2016 992 2016 1024
13 2 2016 1024 2016 1248
13 0 1792 960 1792 1008
13 2 1792 960 1792 1008
13 2 1792 1008 1792 1024
13 2 1792 1024 1792 1280
13 2 1760 1232 1760 1280
13 2 1760 1136 1760 1232
13 2 1648 1344 1648 1520
13 2 1536 1264 1536 1488
13 2 1280 1360 1280 1584
13 2 1280 1136 1280 1184
13 2 1248 1328 1248 1552
13 2 1216 1248 1216 1712
13 2 1216 1216 1216 1248
13 0 992 928 992 1024
13 2 992 928 992 1024
13 2 992 1024 992 1280
13 2 960 1232 960 1280
13 2 960 1136 960 1232
13 2 848 1344 848 1520
13 2 736 1264 736 1488
13 2 480 1360 480 1584
13 2 480 1136 480 1184
13 2 448 1328 448 1552
13 2 416 1280 416 1648
13 2 384 1248 384 1680
13 2 384 1216 384 1248
13 2 1216 1712 3360 1712
13 2 384 1680 2560 1680
13 2 416 1648 3712 1648
13 0 2880 1584 3680 1584
13 2 2880 1584 3680 1584
13 0 2080 1584 2880 1584
13 2 2080 1584 2880 1584
13 0 1280 1584 2080 1584
13 2 1280 1584 2080 1584
13 0 480 1584 1280 1584
13 2 480 1584 1280 1584
13 2 320 1584 480 1584
13 0 2848 1552 3648 1552
13 2 2848 1552 3648 1552
13 0 2048 1552 2848 1552
13 2 2048 1552 2848 1552
13 0 1248 1552 2048 1552
13 2 1248 1552 2048 1552
13 0 448 1552 1248 1552
13 2 448 1552 1248 1552
13 2 320 1552 448 1552
13 0 3248 1520 3616 1520
13 2 3248 1520 3616 1520
13 0 2448 1520 3248 1520
13 2 2448 1520 3248 1520
13 0 1648 1520 2448 1520
13 2 1648 1520 2448 1520
13 0 848 1520 1648 1520
13 2 848 1520 1648 1520
13 2 320 1520 848 1520
13 0 3136 1488 3584 1488
13 2 3136 1488 3584 1488
13 0 2336 1488 3136 1488
13 2 2336 1488 3136 1488
13 0 1536 1488 2336 1488
13 2 1536 1488 2336 1488
13 0 736 1488 1536 1488
13 2 736 1488 1536 1488
13 2 320 1488 736 1488
13 2 2848 1328 2880 1328
13 2 2048 1328 2080 1328
13 2 1248 1328 1280 1328
13 2 448 1328 480 1328
13 2 2560 1280 2880 1280
13 0 1792 1280 2080 1280
13 2 1792 1280 2080 1280
13 2 1760 1280 1792 1280
13 0 992 1280 1280 1280
13 2 992 1280 1280 1280
13 2 960 1280 992 1280
13 2 416 1280 480 1280
13 2 2816 1248 2880 1248
13 2 2016 1248 2080 1248
13 2 1216 1248 1280 1248
13 2 384 1248 480 1248
13 2 3072 1232 3136 1232
13 2 2272 1232 2336 1232
13 2 1472 1232 1536 1232
13 2 672 1232 736 1232
13 2 2848 1216 2880 1216
13 2 2048 1216 2080 1216
13 2 1216 1216 1280 1216
13 2 384 1216 480 1216
17 0 16
17 0 15
17 0 14
17 0 13
17 0 12
17 0 11
17 0 10
17 0 9
17 0 17
17 0 18
17 0 vhi 1984 1280 0
17 0 vhi 2784 1280 0
17 0 fd1s3dx 736 1328 0
17 0 mux41 480 1280 0
17 0 mux41 1280 1280 0
17 0 fd1s3dx 1536 1328 0
17 0 mux41 2080 1280 0
17 0 fd1s3dx 2336 1328 0
17 0 mux41 2880 1280 0
17 0 fd1s3dx 3136 1328 0
13 0 3712 464 3712 1792
13 0 3680 768 3680 1728
13 0 3648 736 3648 1696
13 0 3616 704 3616 1664
13 0 3584 672 3584 1632
13 0 3360 1376 3360 1856
13 0 3360 1280 3360 1376
13 0 3248 1488 3248 1664
13 0 3136 1408 3136 1632
13 0 2880 1504 2880 1728
13 0 2880 1280 2880 1328
13 0 2848 1472 2848 1696
13 0 2816 1024 2816 1392
13 0 2560 1424 2560 1824
13 0 2560 1376 2560 1424
13 0 2560 1280 2560 1376
13 0 2448 1488 2448 1664
13 0 2336 1408 2336 1632
13 0 2080 1504 2080 1728
13 0 2080 1280 2080 1328
13 0 2048 1472 2048 1696
13 0 2016 992 2016 1392
13 0 1792 960 1792 1424
13 0 1760 1376 1760 1424
13 0 1760 1280 1760 1376
13 0 1648 1488 1648 1664
13 0 1536 1408 1536 1632
13 0 1280 1504 1280 1728
13 0 1280 1280 1280 1328
13 0 1248 1472 1248 1696
13 0 1216 1392 1216 1856
13 0 1216 1360 1216 1392
13 0 992 928 992 1424
13 0 960 1376 960 1424
13 0 960 1280 960 1376
13 0 848 1488 848 1664
13 0 736 1408 736 1632
13 0 480 1504 480 1728
13 0 480 1280 480 1328
13 0 448 1472 448 1696
13 0 416 1424 416 1792
13 0 384 1392 384 1824
13 0 384 1360 384 1392
13 0 1216 1856 3360 1856
13 0 384 1824 2560 1824
13 0 416 1792 3712 1792
13 0 2880 1728 3680 1728
13 0 2080 1728 2880 1728
13 0 1280 1728 2080 1728
13 0 480 1728 1280 1728
13 0 320 1728 480 1728
13 0 2848 1696 3648 1696
13 0 2048 1696 2848 1696
13 0 1248 1696 2048 1696
13 0 448 1696 1248 1696
13 0 320 1696 448 1696
13 0 3248 1664 3616 1664
13 0 2448 1664 3248 1664
13 0 1648 1664 2448 1664
13 0 848 1664 1648 1664
13 0 320 1664 848 1664
13 0 3136 1632 3584 1632
13 0 2336 1632 3136 1632
13 0 1536 1632 2336 1632
13 0 736 1632 1536 1632
13 0 320 1632 736 1632
13 0 2848 1472 2880 1472
13 0 2048 1472 2080 1472
13 0 1248 1472 1280 1472
13 0 448 1472 480 1472
13 0 2560 1424 2880 1424
13 0 1792 1424 2080 1424
13 0 1760 1424 1792 1424
13 0 992 1424 1280 1424
13 0 960 1424 992 1424
13 0 416 1424 480 1424
13 0 2816 1392 2880 1392
13 0 2016 1392 2080 1392
13 0 1216 1392 1280 1392
13 0 384 1392 480 1392
13 0 3072 1376 3136 1376
13 0 2272 1376 2336 1376
13 0 1472 1376 1536 1376
13 0 672 1376 736 1376
13 0 2848 1360 2880 1360
13 0 2048 1360 2080 1360
13 0 1216 1360 1280 1360
13 0 384 1360 480 1360
13 5 3360 1280 Q0
13 5 2880 1280 D0
13 5 2560 1280 Q1
13 5 2080 1280 D1
13 5 1760 1280 Q2
13 5 1280 1280 D2
13 5 960 1280 Q3
13 5 480 1280 D3
13 8 3360 1280 2
13 8 2880 1280 1
13 8 2560 1280 2
13 8 2080 1280 1
13 8 1760 1280 2
13 8 1280 1280 1
13 8 960 1280 2
13 8 480 1280 1
13 2 384 1360 480 1360
13 2 1216 1360 1280 1360
13 2 2048 1360 2080 1360
13 2 2848 1360 2880 1360
13 2 672 1376 736 1376
13 2 1472 1376 1536 1376
13 2 2272 1376 2336 1376
13 2 3072 1376 3136 1376
13 2 384 1392 480 1392
13 2 1216 1392 1280 1392
13 2 2016 1392 2080 1392
13 2 2816 1392 2880 1392
13 2 416 1424 480 1424
13 2 960 1424 992 1424
13 2 992 1424 1280 1424
13 2 1760 1424 1792 1424
13 2 1792 1424 2080 1424
13 2 2560 1424 2880 1424
13 2 448 1472 480 1472
13 2 1248 1472 1280 1472
13 2 2048 1472 2080 1472
13 2 2848 1472 2880 1472
13 2 320 1632 736 1632
13 2 736 1632 1536 1632
13 2 1536 1632 2336 1632
13 2 2336 1632 3136 1632
13 2 3136 1632 3584 1632
13 2 320 1664 848 1664
13 2 848 1664 1648 1664
13 2 1648 1664 2448 1664
13 2 2448 1664 3248 1664
13 2 3248 1664 3616 1664
13 2 320 1696 448 1696
13 2 448 1696 1248 1696
13 2 1248 1696 2048 1696
13 2 2048 1696 2848 1696
13 2 2848 1696 3648 1696
13 2 320 1728 480 1728
13 2 480 1728 1280 1728
13 2 1280 1728 2080 1728
13 2 2080 1728 2880 1728
13 2 2880 1728 3680 1728
13 2 416 1792 3712 1792
13 2 384 1824 2560 1824
13 2 1216 1856 3360 1856
13 0 384 1360 384 1392
13 2 384 1360 384 1392
13 2 384 1392 384 1824
13 2 416 1424 416 1792
13 2 448 1472 448 1696
13 2 480 1280 480 1328
13 2 480 1504 480 1728
13 2 736 1408 736 1632
13 2 848 1488 848 1664
13 2 960 1280 960 1376
13 2 960 1376 960 1424
13 2 992 928 992 1424
13 0 1216 1360 1216 1392
13 2 1216 1360 1216 1392
13 2 1216 1392 1216 1856
13 2 1248 1472 1248 1696
13 2 1280 1280 1280 1328
13 2 1280 1504 1280 1728
13 2 1536 1408 1536 1632
13 2 1648 1488 1648 1664
13 2 1760 1280 1760 1376
13 2 1760 1376 1760 1424
13 2 1792 960 1792 1424
13 2 2016 992 2016 1392
13 2 2048 1472 2048 1696
13 2 2080 1280 2080 1328
13 2 2080 1504 2080 1728
13 2 2336 1408 2336 1632
13 2 2448 1488 2448 1664
13 2 2560 1280 2560 1376
13 0 2560 1376 2560 1424
13 2 2560 1376 2560 1424
13 2 2560 1424 2560 1824
13 2 2816 1024 2816 1392
13 2 2848 1472 2848 1696
13 2 2880 1280 2880 1328
13 2 2880 1504 2880 1728
13 2 3136 1408 3136 1632
13 2 3248 1488 3248 1664
13 2 3360 1280 3360 1376
13 2 3360 1376 3360 1856
13 2 3584 672 3584 1632
13 2 3616 704 3616 1664
13 2 3648 736 3648 1696
13 2 3680 768 3680 1728
13 2 3712 464 3712 1792
13 7 480 1280
13 8 480 1280 0
13 7 960 1280
13 8 960 1280 0
13 7 1280 1280
13 8 1280 1280 0
13 7 1760 1280
13 8 1760 1280 0
13 7 2080 1280
13 8 2080 1280 0
13 7 2560 1280
13 8 2560 1280 0
13 7 2880 1280
13 8 2880 1280 0
13 7 3360 1280
13 8 3360 1280 0
17 0 18
17 0 17
17 0 9
17 0 10
17 0 11
17 0 12
17 0 13
17 0 14
17 0 15
17 0 16
17 0 vhi 1984 1168 0
17 0 vhi 2784 1168 0
17 0 fd1s3dx 736 1216 0
17 0 mux41 480 1168 0
17 0 mux41 1280 1168 0
17 0 fd1s3dx 1536 1216 0
17 0 mux41 2080 1168 0
17 0 fd1s3dx 2336 1216 0
17 0 mux41 2880 1168 0
17 0 fd1s3dx 3136 1216 0
13 0 384 1248 480 1248
13 0 1216 1248 1280 1248
13 0 2048 1248 2080 1248
13 0 2848 1248 2880 1248
13 0 672 1264 736 1264
13 0 1472 1264 1536 1264
13 0 2272 1264 2336 1264
13 0 3072 1264 3136 1264
13 0 384 1280 480 1280
13 0 1216 1280 1280 1280
13 0 2016 1280 2080 1280
13 0 2816 1280 2880 1280
13 0 416 1312 480 1312
13 0 960 1312 992 1312
13 0 992 1312 1280 1312
13 0 1760 1312 1792 1312
13 0 1792 1312 2080 1312
13 0 2560 1312 2880 1312
13 0 448 1360 480 1360
13 0 1248 1360 1280 1360
13 0 2048 1360 2080 1360
13 0 2848 1360 2880 1360
13 0 320 1520 736 1520
13 0 736 1520 1536 1520
13 0 1536 1520 2336 1520
13 0 2336 1520 3136 1520
13 0 3136 1520 3584 1520
13 0 320 1552 848 1552
13 0 848 1552 1648 1552
13 0 1648 1552 2448 1552
13 0 2448 1552 3248 1552
13 0 3248 1552 3616 1552
13 0 320 1584 448 1584
13 0 448 1584 1248 1584
13 0 1248 1584 2048 1584
13 0 2048 1584 2848 1584
13 0 2848 1584 3648 1584
13 0 320 1616 480 1616
13 0 480 1616 1280 1616
13 0 1280 1616 2080 1616
13 0 2080 1616 2880 1616
13 0 2880 1616 3680 1616
13 0 416 1680 3712 1680
13 0 384 1712 2560 1712
13 0 1216 1744 3360 1744
13 0 384 1248 384 1280
13 0 384 1280 384 1712
13 0 416 1312 416 1680
13 0 448 1360 448 1584
13 0 480 1168 480 1216
13 0 480 1392 480 1616
13 0 736 1296 736 1520
13 0 848 1376 848 1552
13 0 960 1168 960 1264
13 0 960 1264 960 1312
13 0 992 1056 992 1312
13 0 992 928 992 1056
13 0 1216 1248 1216 1280
13 0 1216 1280 1216 1744
13 0 1248 1360 1248 1584
13 0 1280 1168 1280 1216
13 0 1280 1392 1280 1616
13 0 1536 1296 1536 1520
13 0 1648 1376 1648 1552
13 0 1760 1168 1760 1264
13 0 1760 1264 1760 1312
13 0 1792 1056 1792 1312
13 0 1792 1040 1792 1056
13 0 1792 960 1792 1040
13 0 2016 1056 2016 1280
13 0 2016 1024 2016 1056
13 0 2016 992 2016 1024
13 0 2016 1024 2016 1056
13 2 2016 1024 2016 1056
13 2 2016 1056 2016 1280
13 0 1792 960 1792 1040
13 2 1792 960 1792 1040
13 0 1792 1040 1792 1056
13 2 1792 1040 1792 1056
13 2 1792 1056 1792 1312
13 2 1760 1264 1760 1312
13 2 1760 1168 1760 1264
13 2 1648 1376 1648 1552
13 2 1536 1296 1536 1520
13 2 1280 1392 1280 1616
13 2 1280 1168 1280 1216
13 2 1248 1360 1248 1584
13 2 1216 1280 1216 1744
13 2 1216 1248 1216 1280
13 0 992 928 992 1056
13 2 992 928 992 1056
13 2 992 1056 992 1312
13 2 960 1264 960 1312
13 2 960 1168 960 1264
13 2 848 1376 848 1552
13 2 736 1296 736 1520
13 2 480 1392 480 1616
13 2 480 1168 480 1216
13 2 448 1360 448 1584
13 2 416 1312 416 1680
13 2 384 1280 384 1712
13 2 384 1248 384 1280
13 2 1216 1744 3360 1744
13 2 384 1712 2560 1712
13 2 416 1680 3712 1680
13 0 2880 1616 3680 1616
13 2 2880 1616 3680 1616
13 0 2080 1616 2880 1616
13 2 2080 1616 2880 1616
13 0 1280 1616 2080 1616
13 2 1280 1616 2080 1616
13 0 480 1616 1280 1616
13 2 480 1616 1280 1616
13 2 320 1616 480 1616
13 0 2848 1584 3648 1584
13 2 2848 1584 3648 1584
13 0 2048 1584 2848 1584
13 2 2048 1584 2848 1584
13 0 1248 1584 2048 1584
13 2 1248 1584 2048 1584
13 0 448 1584 1248 1584
13 2 448 1584 1248 1584
13 2 320 1584 448 1584
13 0 3248 1552 3616 1552
13 2 3248 1552 3616 1552
13 0 2448 1552 3248 1552
13 2 2448 1552 3248 1552
13 0 1648 1552 2448 1552
13 2 1648 1552 2448 1552
13 0 848 1552 1648 1552
13 2 848 1552 1648 1552
13 2 320 1552 848 1552
13 0 3136 1520 3584 1520
13 2 3136 1520 3584 1520
13 0 2336 1520 3136 1520
13 2 2336 1520 3136 1520
13 0 1536 1520 2336 1520
13 2 1536 1520 2336 1520
13 0 736 1520 1536 1520
13 2 736 1520 1536 1520
13 2 320 1520 736 1520
13 2 2848 1360 2880 1360
13 2 2048 1360 2080 1360
13 2 1248 1360 1280 1360
13 2 448 1360 480 1360
13 2 2560 1312 2880 1312
13 0 1792 1312 2080 1312
13 2 1792 1312 2080 1312
13 2 1760 1312 1792 1312
13 0 992 1312 1280 1312
13 2 992 1312 1280 1312
13 2 960 1312 992 1312
13 2 416 1312 480 1312
13 2 2816 1280 2880 1280
13 2 2016 1280 2080 1280
13 2 1216 1280 1280 1280
13 2 384 1280 480 1280
13 2 3072 1264 3136 1264
13 2 2272 1264 2336 1264
13 2 1472 1264 1536 1264
13 2 672 1264 736 1264
13 2 2848 1248 2880 1248
13 2 2048 1248 2080 1248
13 2 1216 1248 1280 1248
13 2 384 1248 480 1248
17 0 16
17 0 15
17 0 14
17 0 13
17 0 12
17 0 11
17 0 10
17 0 9
17 0 17
17 0 18
17 0 vhi 1984 1280 0
17 0 vhi 2784 1280 0
17 0 fd1s3dx 736 1328 0
17 0 mux41 480 1280 0
17 0 mux41 1280 1280 0
17 0 fd1s3dx 1536 1328 0
17 0 mux41 2080 1280 0
17 0 fd1s3dx 2336 1328 0
17 0 mux41 2880 1280 0
17 0 fd1s3dx 3136 1328 0
13 0 3712 464 3712 1792
13 0 3680 768 3680 1728
13 0 3648 736 3648 1696
13 0 3616 704 3616 1664
13 0 3584 672 3584 1632
13 0 3360 1376 3360 1856
13 0 3360 1280 3360 1376
13 0 3248 1488 3248 1664
13 0 3136 1408 3136 1632
13 0 2880 1504 2880 1728
13 0 2880 1280 2880 1328
13 0 2848 1472 2848 1696
13 0 2816 1024 2816 1392
13 0 2560 1424 2560 1824
13 0 2560 1376 2560 1424
13 0 2560 1280 2560 1376
13 0 2448 1488 2448 1664
13 0 2336 1408 2336 1632
13 0 2080 1504 2080 1728
13 0 2080 1280 2080 1328
13 0 2048 1472 2048 1696
13 0 2016 992 2016 1392
13 0 1792 960 1792 1424
13 0 1760 1376 1760 1424
13 0 1760 1280 1760 1376
13 0 1648 1488 1648 1664
13 0 1536 1408 1536 1632
13 0 1280 1504 1280 1728
13 0 1280 1280 1280 1328
13 0 1248 1472 1248 1696
13 0 1216 1392 1216 1856
13 0 1216 1360 1216 1392
13 0 992 928 992 1424
13 0 960 1376 960 1424
13 0 960 1280 960 1376
13 0 848 1488 848 1664
13 0 736 1408 736 1632
13 0 480 1504 480 1728
13 0 480 1280 480 1328
13 0 448 1472 448 1696
13 0 416 1424 416 1792
13 0 384 1392 384 1824
13 0 384 1360 384 1392
13 0 1216 1856 3360 1856
13 0 384 1824 2560 1824
13 0 416 1792 3712 1792
13 0 2880 1728 3680 1728
13 0 2080 1728 2880 1728
13 0 1280 1728 2080 1728
13 0 480 1728 1280 1728
13 0 320 1728 480 1728
13 0 2848 1696 3648 1696
13 0 2048 1696 2848 1696
13 0 1248 1696 2048 1696
13 0 448 1696 1248 1696
13 0 320 1696 448 1696
13 0 3248 1664 3616 1664
13 0 2448 1664 3248 1664
13 0 1648 1664 2448 1664
13 0 848 1664 1648 1664
13 0 320 1664 848 1664
13 0 3136 1632 3584 1632
13 0 2336 1632 3136 1632
13 0 1536 1632 2336 1632
13 0 736 1632 1536 1632
13 0 320 1632 736 1632
13 0 2848 1472 2880 1472
13 0 2048 1472 2080 1472
13 0 1248 1472 1280 1472
13 0 448 1472 480 1472
13 0 2560 1424 2880 1424
13 0 1792 1424 2080 1424
13 0 1760 1424 1792 1424
13 0 992 1424 1280 1424
13 0 960 1424 992 1424
13 0 416 1424 480 1424
13 0 2816 1392 2880 1392
13 0 2016 1392 2080 1392
13 0 1216 1392 1280 1392
13 0 384 1392 480 1392
13 0 3072 1376 3136 1376
13 0 2272 1376 2336 1376
13 0 1472 1376 1536 1376
13 0 672 1376 736 1376
13 0 2848 1360 2880 1360
13 0 2048 1360 2080 1360
13 0 1216 1360 1280 1360
13 0 384 1360 480 1360
13 5 3360 1280 Q0
13 5 2880 1280 D0
13 5 2560 1280 Q1
13 5 2080 1280 D1
13 5 1760 1280 Q2
13 5 1280 1280 D2
13 5 960 1280 Q3
13 5 480 1280 D3
13 8 3360 1280 2
13 8 2880 1280 1
13 8 2560 1280 2
13 8 2080 1280 1
13 8 1760 1280 2
13 8 1280 1280 1
13 8 960 1280 2
13 8 480 1280 1
13 2 384 1360 480 1360
13 2 1216 1360 1280 1360
13 2 2048 1360 2080 1360
13 2 2848 1360 2880 1360
13 2 672 1376 736 1376
13 2 1472 1376 1536 1376
13 2 2272 1376 2336 1376
13 2 3072 1376 3136 1376
13 2 384 1392 480 1392
13 2 1216 1392 1280 1392
13 2 2016 1392 2080 1392
13 2 2816 1392 2880 1392
13 2 416 1424 480 1424
13 2 960 1424 992 1424
13 2 992 1424 1280 1424
13 2 1760 1424 1792 1424
13 2 1792 1424 2080 1424
13 2 2560 1424 2880 1424
13 2 448 1472 480 1472
13 2 1248 1472 1280 1472
13 2 2048 1472 2080 1472
13 2 2848 1472 2880 1472
13 2 320 1632 736 1632
13 2 736 1632 1536 1632
13 2 1536 1632 2336 1632
13 2 2336 1632 3136 1632
13 2 3136 1632 3584 1632
13 2 320 1664 848 1664
13 2 848 1664 1648 1664
13 2 1648 1664 2448 1664
13 2 2448 1664 3248 1664
13 2 3248 1664 3616 1664
13 2 320 1696 448 1696
13 2 448 1696 1248 1696
13 2 1248 1696 2048 1696
13 2 2048 1696 2848 1696
13 2 2848 1696 3648 1696
13 2 320 1728 480 1728
13 2 480 1728 1280 1728
13 2 1280 1728 2080 1728
13 2 2080 1728 2880 1728
13 2 2880 1728 3680 1728
13 2 416 1792 3712 1792
13 2 384 1824 2560 1824
13 2 1216 1856 3360 1856
13 0 384 1360 384 1392
13 2 384 1360 384 1392
13 2 384 1392 384 1824
13 2 416 1424 416 1792
13 2 448 1472 448 1696
13 2 480 1280 480 1328
13 2 480 1504 480 1728
13 2 736 1408 736 1632
13 2 848 1488 848 1664
13 2 960 1280 960 1376
13 2 960 1376 960 1424
13 2 992 928 992 1424
13 0 1216 1360 1216 1392
13 2 1216 1360 1216 1392
13 2 1216 1392 1216 1856
13 2 1248 1472 1248 1696
13 2 1280 1280 1280 1328
13 2 1280 1504 1280 1728
13 2 1536 1408 1536 1632
13 2 1648 1488 1648 1664
13 2 1760 1280 1760 1376
13 2 1760 1376 1760 1424
13 2 1792 960 1792 1424
13 2 2016 992 2016 1392
13 2 2048 1472 2048 1696
13 2 2080 1280 2080 1328
13 2 2080 1504 2080 1728
13 2 2336 1408 2336 1632
13 2 2448 1488 2448 1664
13 2 2560 1280 2560 1376
13 0 2560 1376 2560 1424
13 2 2560 1376 2560 1424
13 2 2560 1424 2560 1824
13 2 2816 1024 2816 1392
13 2 2848 1472 2848 1696
13 2 2880 1280 2880 1328
13 2 2880 1504 2880 1728
13 2 3136 1408 3136 1632
13 2 3248 1488 3248 1664
13 2 3360 1280 3360 1376
13 2 3360 1376 3360 1856
13 2 3584 672 3584 1632
13 2 3616 704 3616 1664
13 2 3648 736 3648 1696
13 2 3680 768 3680 1728
13 2 3712 464 3712 1792
13 7 480 1280
13 8 480 1280 0
13 7 960 1280
13 8 960 1280 0
13 7 1280 1280
13 8 1280 1280 0
13 7 1760 1280
13 8 1760 1280 0
13 7 2080 1280
13 8 2080 1280 0
13 7 2560 1280
13 8 2560 1280 0
13 7 2880 1280
13 8 2880 1280 0
13 7 3360 1280
13 8 3360 1280 0
17 0 18
17 0 17
17 0 9
17 0 10
17 0 11
17 0 12
17 0 13
17 0 14
17 0 15
17 0 16
17 0 vhi 1984 1200 0
17 0 vhi 2784 1200 0
17 0 fd1s3dx 736 1248 0
17 0 mux41 480 1200 0
17 0 mux41 1280 1200 0
17 0 fd1s3dx 1536 1248 0
17 0 mux41 2080 1200 0
17 0 fd1s3dx 2336 1248 0
17 0 mux41 2880 1200 0
17 0 fd1s3dx 3136 1248 0
13 0 384 1280 480 1280
13 0 1216 1280 1280 1280
13 0 2048 1280 2080 1280
13 0 2848 1280 2880 1280
13 0 672 1296 736 1296
13 0 1472 1296 1536 1296
13 0 2272 1296 2336 1296
13 0 3072 1296 3136 1296
13 0 384 1312 480 1312
13 0 1216 1312 1280 1312
13 0 2016 1312 2080 1312
13 0 2816 1312 2880 1312
13 0 416 1344 480 1344
13 0 960 1344 992 1344
13 0 992 1344 1280 1344
13 0 1760 1344 1792 1344
13 0 1792 1344 2080 1344
13 0 2560 1344 2880 1344
13 0 448 1392 480 1392
13 0 1248 1392 1280 1392
13 0 2048 1392 2080 1392
13 0 2848 1392 2880 1392
13 0 320 1552 736 1552
13 0 736 1552 1536 1552
13 0 1536 1552 2336 1552
13 0 2336 1552 3136 1552
13 0 3136 1552 3584 1552
13 0 320 1584 848 1584
13 0 848 1584 1648 1584
13 0 1648 1584 2448 1584
13 0 2448 1584 3248 1584
13 0 3248 1584 3616 1584
13 0 320 1616 448 1616
13 0 448 1616 1248 1616
13 0 1248 1616 2048 1616
13 0 2048 1616 2848 1616
13 0 2848 1616 3648 1616
13 0 320 1648 480 1648
13 0 480 1648 1280 1648
13 0 1280 1648 2080 1648
13 0 2080 1648 2880 1648
13 0 2880 1648 3680 1648
13 0 416 1712 3712 1712
13 0 384 1744 2560 1744
13 0 1216 1776 3360 1776
13 0 384 1280 384 1312
13 0 384 1312 384 1744
13 0 416 1344 416 1712
13 0 448 1392 448 1616
13 0 480 1200 480 1248
13 0 480 1424 480 1648
13 0 736 1328 736 1552
13 0 848 1408 848 1584
13 0 960 1200 960 1296
13 0 960 1296 960 1344
13 0 992 1088 992 1344
13 0 992 928 992 1088
13 0 1216 1280 1216 1312
13 0 1216 1312 1216 1776
13 0 1248 1392 1248 1616
13 0 1280 1200 1280 1248
13 0 1280 1424 1280 1648
13 0 1536 1328 1536 1552
13 0 1648 1408 1648 1584
13 0 1760 1200 1760 1296
13 0 1760 1296 1760 1344
13 0 1792 1088 1792 1344
13 0 1792 1072 1792 1088
13 0 1792 960 1792 1072
13 0 2016 1088 2016 1312
13 0 2016 1056 2016 1088
13 0 2016 992 2016 1056
13 0 2048 1392 2048 1616
13 0 2080 1200 2080 1248
13 0 2080 1424 2080 1648
13 0 2336 1328 2336 1552
13 0 2448 1408 2448 1584
13 0 2560 1200 2560 1296
13 0 2560 1296 2560 1344
13 0 2560 1344 2560 1744
13 0 2816 1088 2816 1312
13 0 2816 1040 2816 1088
13 0 2816 1024 2816 1040
13 0 2848 1392 2848 1616
13 0 2880 1200 2880 1248
13 0 2880 1424 2880 1648
13 0 3136 1328 3136 1552
13 0 3248 1408 3248 1584
13 0 3360 1200 3360 1296
13 0 3360 1296 3360 1776
13 0 3584 1088 3584 1552
13 0 3584 1024 3584 1088
13 0 3584 672 3584 1024
13 0 3616 1088 3616 1584
13 0 3616 1008 3616 1088
13 0 3616 704 3616 1008
13 0 3648 1088 3648 1616
13 0 3648 992 3648 1088
13 0 3648 736 3648 992
13 0 3680 1088 3680 1648
13 0 3680 976 3680 1088
13 0 3680 768 3680 976
13 0 3712 1088 3712 1712
13 0 3712 960 3712 1088
13 0 3712 464 3712 960
13 5 480 1200 D3
13 5 960 1200 Q3
13 5 1280 1200 D2
13 5 1760 1200 Q2
13 5 2080 1200 D1
13 5 2560 1200 Q1
13 5 2880 1200 D0
13 5 3360 1200 Q0
13 8 480 1280 1
13 8 960 1280 2
13 8 1280 1280 1
13 8 1760 1280 2
13 8 2080 1280 1
13 8 2560 1280 2
13 8 2880 1280 1
13 8 3360 1280 2
13 8 480 1200 1
13 8 960 1200 2
13 8 1280 1200 1
13 8 1760 1200 2
13 8 2080 1200 1
13 8 2560 1200 2
13 8 2880 1200 1
13 8 3360 1200 2
13 2 384 1280 480 1280
13 2 1216 1280 1280 1280
13 2 2048 1280 2080 1280
13 2 2848 1280 2880 1280
13 2 672 1296 736 1296
13 2 1472 1296 1536 1296
13 2 2272 1296 2336 1296
13 2 3072 1296 3136 1296
13 2 384 1312 480 1312
13 2 1216 1312 1280 1312
13 2 2016 1312 2080 1312
13 2 2816 1312 2880 1312
13 2 416 1344 480 1344
13 2 960 1344 992 1344
13 2 992 1344 1280 1344
13 2 1760 1344 1792 1344
13 2 1792 1344 2080 1344
13 2 2560 1344 2880 1344
13 2 448 1392 480 1392
13 2 1248 1392 1280 1392
13 2 2048 1392 2080 1392
13 2 2848 1392 2880 1392
13 2 320 1552 736 1552
13 2 736 1552 1536 1552
13 2 1536 1552 2336 1552
13 2 2336 1552 3136 1552
13 2 3136 1552 3584 1552
13 2 320 1584 848 1584
13 2 848 1584 1648 1584
13 2 1648 1584 2448 1584
13 2 2448 1584 3248 1584
13 2 3248 1584 3616 1584
13 2 320 1616 448 1616
13 2 448 1616 1248 1616
13 2 1248 1616 2048 1616
13 2 2048 1616 2848 1616
13 2 2848 1616 3648 1616
13 2 320 1648 480 1648
13 2 480 1648 1280 1648
13 2 1280 1648 2080 1648
13 2 2080 1648 2880 1648
13 2 2880 1648 3680 1648
13 2 416 1712 3712 1712
13 2 384 1744 2560 1744
13 2 1216 1776 3360 1776
13 0 384 1280 384 1312
13 2 384 1280 384 1312
13 2 384 1312 384 1744
13 2 416 1344 416 1712
13 2 448 1392 448 1616
13 2 480 1200 480 1248
13 2 480 1424 480 1648
13 2 736 1328 736 1552
13 2 848 1408 848 1584
13 2 960 1200 960 1296
13 2 960 1296 960 1344
13 2 992 928 992 1344
13 0 1216 1280 1216 1312
13 2 1216 1280 1216 1312
13 2 1216 1312 1216 1776
13 2 1248 1392 1248 1616
13 2 1280 1200 1280 1248
13 2 1280 1424 1280 1648
13 2 1536 1328 1536 1552
13 2 1648 1408 1648 1584
13 2 1760 1200 1760 1296
13 2 1760 1296 1760 1344
13 2 1792 960 1792 1344
13 2 2016 992 2016 1312
13 2 2048 1392 2048 1616
13 2 2080 1200 2080 1248
13 2 2080 1424 2080 1648
13 2 2336 1328 2336 1552
13 2 2448 1408 2448 1584
13 2 2560 1200 2560 1296
13 0 2560 1296 2560 1344
13 2 2560 1296 2560 1344
13 2 2560 1344 2560 1744
13 2 2816 1024 2816 1312
13 2 2848 1392 2848 1616
13 2 2880 1200 2880 1248
13 2 2880 1424 2880 1648
13 2 3136 1328 3136 1552
13 2 3248 1408 3248 1584
13 2 3360 1200 3360 1296
13 2 3360 1296 3360 1776
13 2 3584 672 3584 1552
13 2 3616 704 3616 1584
13 2 3648 736 3648 1616
13 2 3680 768 3680 1648
13 2 3712 464 3712 1712
13 7 480 1200
13 8 480 1200 0
13 7 960 1200
13 8 960 1200 0
13 7 1280 1200
13 8 1280 1200 0
13 7 1760 1200
13 8 1760 1200 0
13 7 2080 1200
13 8 2080 1200 0
13 7 2560 1200
13 8 2560 1200 0
13 7 2880 1200
13 8 2880 1200 0
13 7 3360 1200
13 8 3360 1200 0
17 0 16
17 0 15
17 0 14
17 0 13
17 0 12
17 0 11
17 0 10
17 0 9
17 0 17
17 0 18
17 0 vhi 2000 1216 0
17 0 vhi 2800 1216 0
17 0 fd1s3dx 752 1200 0
17 0 mux41 496 1152 0
17 0 mux41 1296 1216 0
17 0 fd1s3dx 1552 1264 0
17 0 mux41 2096 1216 0
17 0 fd1s3dx 2352 1264 0
17 0 mux41 2896 1216 0
17 0 fd1s3dx 3152 1264 0
13 0 400 1296 496 1296
13 0 1232 1296 1296 1296
13 0 2064 1296 2096 1296
13 0 2864 1296 2896 1296
13 0 688 1312 752 1312
13 0 1488 1312 1552 1312
13 0 2288 1312 2352 1312
13 0 3088 1312 3152 1312
13 0 400 1328 496 1328
13 0 1232 1328 1296 1328
13 0 2032 1328 2096 1328
13 0 2832 1328 2896 1328
13 0 432 1360 496 1360
13 0 976 1360 1008 1360
13 0 1008 1360 1296 1360
13 0 1776 1360 1808 1360
13 0 1808 1360 2096 1360
13 0 2576 1360 2896 1360
13 0 464 1408 496 1408
13 0 1264 1408 1296 1408
13 0 2064 1408 2096 1408
13 0 2864 1408 2896 1408
13 0 336 1568 752 1568
13 0 752 1568 1552 1568
13 0 1552 1568 2352 1568
13 0 2352 1568 3152 1568
13 0 3152 1568 3600 1568
13 0 336 1600 864 1600
13 0 864 1600 1664 1600
13 0 1664 1600 2464 1600
13 0 2464 1600 3264 1600
13 0 3264 1600 3632 1600
13 0 336 1632 464 1632
13 0 464 1632 1264 1632
13 0 1264 1632 2064 1632
13 0 2064 1632 2864 1632
13 0 2864 1632 3664 1632
13 0 336 1664 496 1664
13 0 496 1664 1296 1664
13 0 1296 1664 2096 1664
13 0 2096 1664 2896 1664
13 0 2896 1664 3696 1664
13 0 432 1728 3728 1728
13 0 400 1760 2576 1760
13 0 1232 1792 3376 1792
13 0 400 1296 400 1328
13 0 400 1328 400 1760
13 0 432 1360 432 1728
13 0 464 1408 464 1632
13 0 496 1216 496 1264
13 0 496 1216 496 1232
13 0 496 1232 496 1264
13 0 496 1440 496 1664
13 0 752 1344 752 1568
13 0 864 1424 864 1600
13 0 976 1216 976 1312
13 0 976 1216 976 1248
13 0 976 1248 976 1312
13 0 976 1312 976 1360
13 0 1008 1168 1008 1360
13 0 1008 1168 992 1168
13 0 992 928 992 1168
13 0 1232 1296 1232 1328
13 0 1232 1328 1232 1792
13 0 1264 1408 1264 1632
13 0 1296 1216 1296 1264
13 0 1296 1440 1296 1664
13 0 1552 1344 1552 1568
13 0 1664 1424 1664 1600
13 0 1776 1216 1776 1312
13 0 1776 1312 1776 1360
13 0 1808 1168 1808 1360
13 0 1808 1152 1808 1168
13 0 1808 1152 1792 1152
13 0 1792 960 1792 1152
13 0 2032 1168 2032 1328
13 0 2032 1136 2032 1168
13 0 2032 1136 2016 1136
13 0 2016 992 2016 1136
13 0 2064 1408 2064 1632
13 0 2096 1216 2096 1264
13 0 2096 1440 2096 1664
13 0 2352 1344 2352 1568
13 0 2464 1424 2464 1600
13 0 2576 1216 2576 1312
13 0 2576 1312 2576 1360
13 0 2576 1360 2576 1760
13 0 2832 1168 2832 1328
13 0 2832 1120 2832 1168
13 0 2832 1120 2816 1120
13 0 2816 1024 2816 1120
13 0 2864 1408 2864 1632
13 0 2896 1216 2896 1264
13 0 2896 1440 2896 1664
13 0 3152 1344 3152 1568
13 0 3264 1424 3264 1600
13 0 3376 1216 3376 1312
13 0 3376 1312 3376 1792
13 0 3600 1168 3600 1568
13 0 3600 1104 3600 1168
13 0 3600 1104 3584 1104
13 0 3584 672 3584 1104
13 0 3632 1168 3632 1600
13 0 3632 1088 3632 1168
13 0 3632 1088 3616 1088
13 0 3616 704 3616 1088
13 0 3664 1168 3664 1632
13 0 3664 1072 3664 1168
13 0 3664 1072 3648 1072
13 0 3648 736 3648 1072
13 0 3696 1168 3696 1664
13 0 3696 1056 3696 1168
13 0 3696 1056 3680 1056
13 0 3680 768 3680 1056
13 0 3728 1168 3728 1728
13 0 3728 1040 3728 1168
13 0 3728 1040 3712 1040
13 0 3712 464 3712 1040
13 5 496 1216 D3
13 5 976 1216 Q3
13 5 1296 1216 D2
13 5 1776 1216 Q2
13 5 2096 1216 D1
13 5 2576 1216 Q1
13 5 2896 1216 D0
13 5 3376 1216 Q0
13 8 480 1200 1
13 8 960 1200 2
13 8 1280 1200 1
13 8 1760 1200 2
13 8 2080 1200 1
13 8 2560 1200 2
13 8 2880 1200 1
13 8 3360 1200 2
13 8 496 1216 1
13 8 976 1216 2
13 8 1296 1216 1
13 8 1776 1216 2
13 8 2096 1216 1
13 8 2576 1216 2
13 8 2896 1216 1
13 8 3376 1216 2
13 2 3712 464 3712 1040
13 2 3712 1040 3728 1040
13 0 3728 1040 3728 1168
13 2 3728 1040 3728 1168
13 2 3728 1168 3728 1728
13 2 3680 768 3680 1056
13 2 3680 1056 3696 1056
13 0 3696 1056 3696 1168
13 2 3696 1056 3696 1168
13 2 3696 1168 3696 1664
13 2 3648 736 3648 1072
13 2 3648 1072 3664 1072
13 0 3664 1072 3664 1168
13 2 3664 1072 3664 1168
13 2 3664 1168 3664 1632
13 2 3616 704 3616 1088
13 2 3616 1088 3632 1088
13 0 3632 1088 3632 1168
13 2 3632 1088 3632 1168
13 2 3632 1168 3632 1600
13 2 3584 672 3584 1104
13 2 3584 1104 3600 1104
13 0 3600 1104 3600 1168
13 2 3600 1104 3600 1168
13 2 3600 1168 3600 1568
13 2 3376 1312 3376 1792
13 2 3376 1216 3376 1312
13 2 3264 1424 3264 1600
13 2 3152 1344 3152 1568
13 2 2896 1440 2896 1664
13 2 2896 1216 2896 1264
13 2 2864 1408 2864 1632
13 2 2816 1024 2816 1120
13 2 2816 1120 2832 1120
13 0 2832 1120 2832 1168
13 2 2832 1120 2832 1168
13 2 2832 1168 2832 1328
13 2 2576 1360 2576 1760
13 2 2576 1312 2576 1360
13 2 2576 1216 2576 1312
13 2 2464 1424 2464 1600
13 2 2352 1344 2352 1568
13 2 2096 1440 2096 1664
13 2 2096 1216 2096 1264
13 2 2064 1408 2064 1632
13 2 2016 992 2016 1136
13 2 2016 1136 2032 1136
13 0 2032 1136 2032 1168
13 2 2032 1136 2032 1168
13 2 2032 1168 2032 1328
13 2 1792 960 1792 1152
13 2 1792 1152 1808 1152
13 0 1808 1152 1808 1168
13 2 1808 1152 1808 1168
13 2 1808 1168 1808 1360
13 2 1776 1312 1776 1360
13 2 1776 1216 1776 1312
13 2 1664 1424 1664 1600
13 2 1552 1344 1552 1568
13 2 1296 1440 1296 1664
13 2 1296 1216 1296 1264
13 2 1264 1408 1264 1632
13 2 1232 1328 1232 1792
13 2 1232 1296 1232 1328
13 2 992 928 992 1168
13 2 992 1168 1008 1168
13 2 1008 1168 1008 1360
13 0 976 1312 976 1360
13 2 976 1312 976 1360
13 2 976 1248 976 1312
13 2 976 1216 976 1248
13 2 864 1424 864 1600
13 2 752 1344 752 1568
13 2 496 1440 496 1664
13 2 496 1232 496 1264
13 2 496 1216 496 1232
13 2 464 1408 464 1632
13 2 432 1360 432 1728
13 2 400 1328 400 1760
13 2 400 1296 400 1328
13 2 1232 1792 3376 1792
13 2 400 1760 2576 1760
13 2 432 1728 3728 1728
13 0 2896 1664 3696 1664
13 2 2896 1664 3696 1664
13 0 2096 1664 2896 1664
13 2 2096 1664 2896 1664
13 0 1296 1664 2096 1664
13 2 1296 1664 2096 1664
13 0 496 1664 1296 1664
13 2 496 1664 1296 1664
13 2 336 1664 496 1664
13 0 2864 1632 3664 1632
13 2 2864 1632 3664 1632
13 0 2064 1632 2864 1632
13 2 2064 1632 2864 1632
13 0 1264 1632 2064 1632
13 2 1264 1632 2064 1632
13 0 464 1632 1264 1632
13 2 464 1632 1264 1632
13 2 336 1632 464 1632
13 0 3264 1600 3632 1600
13 2 3264 1600 3632 1600
13 0 2464 1600 3264 1600
13 2 2464 1600 3264 1600
13 0 1664 1600 2464 1600
13 2 1664 1600 2464 1600
13 0 864 1600 1664 1600
13 2 864 1600 1664 1600
13 2 336 1600 864 1600
13 0 3152 1568 3600 1568
13 2 3152 1568 3600 1568
13 0 2352 1568 3152 1568
13 2 2352 1568 3152 1568
13 0 1552 1568 2352 1568
13 2 1552 1568 2352 1568
13 0 752 1568 1552 1568
13 2 752 1568 1552 1568
13 2 336 1568 752 1568
13 2 2864 1408 2896 1408
13 2 2064 1408 2096 1408
13 2 1264 1408 1296 1408
13 2 464 1408 496 1408
13 2 2576 1360 2896 1360
13 0 1808 1360 2096 1360
13 2 1808 1360 2096 1360
13 2 1776 1360 1808 1360
13 0 1008 1360 1296 1360
13 2 1008 1360 1296 1360
13 2 976 1360 1008 1360
13 2 432 1360 496 1360
13 2 2832 1328 2896 1328
13 2 2032 1328 2096 1328
13 2 1232 1328 1296 1328
13 2 400 1328 496 1328
13 2 3088 1312 3152 1312
13 2 2288 1312 2352 1312
13 2 1488 1312 1552 1312
13 2 688 1312 752 1312
13 2 2864 1296 2896 1296
13 2 2064 1296 2096 1296
13 2 1232 1296 1296 1296
13 2 400 1296 496 1296
13 7 3376 1216
13 8 3376 1216 0
13 7 2896 1216
13 8 2896 1216 0
13 7 2576 1216
13 8 2576 1216 0
13 7 2096 1216
13 8 2096 1216 0
13 7 1776 1216
13 8 1776 1216 0
13 7 1296 1216
13 8 1296 1216 0
13 7 976 1216
13 8 976 1216 0
13 7 496 1216
13 8 496 1216 0
17 0 18
17 0 17
17 0 9
17 0 10
17 0 11
17 0 12
17 0 13
17 0 14
17 0 15
17 0 16
17 0 vhi 1984 1200 0
17 0 vhi 2784 1200 0
17 0 fd1s3dx 736 1248 0
17 0 mux41 480 1200 0
17 0 mux41 1280 1200 0
17 0 fd1s3dx 1536 1248 0
17 0 mux41 2080 1200 0
17 0 fd1s3dx 2336 1248 0
17 0 mux41 2880 1200 0
17 0 fd1s3dx 3136 1248 0
13 0 3712 464 3712 1712
13 0 3680 768 3680 1648
13 0 3648 736 3648 1616
13 0 3616 704 3616 1584
13 0 3584 672 3584 1552
13 0 3360 1296 3360 1776
13 0 3360 1200 3360 1296
13 0 3248 1408 3248 1584
13 0 3136 1328 3136 1552
13 0 2880 1424 2880 1648
13 0 2880 1200 2880 1248
13 0 2848 1392 2848 1616
13 0 2816 1024 2816 1312
13 0 2560 1344 2560 1744
13 0 2560 1296 2560 1344
13 0 2560 1200 2560 1296
13 0 2448 1408 2448 1584
13 0 2336 1328 2336 1552
13 0 2080 1424 2080 1648
13 0 2080 1200 2080 1248
13 0 2048 1392 2048 1616
13 0 2016 992 2016 1312
13 0 1792 960 1792 1344
13 0 1760 1296 1760 1344
13 0 1760 1200 1760 1296
13 0 1648 1408 1648 1584
13 0 1536 1328 1536 1552
13 0 1280 1424 1280 1648
13 0 1280 1200 1280 1248
13 0 1248 1392 1248 1616
13 0 1216 1312 1216 1776
13 0 1216 1280 1216 1312
13 0 992 928 992 1344
13 0 960 1296 960 1344
13 0 960 1200 960 1296
13 0 848 1408 848 1584
13 0 736 1328 736 1552
13 0 480 1424 480 1648
13 0 480 1200 480 1248
13 0 448 1392 448 1616
13 0 416 1344 416 1712
13 0 384 1312 384 1744
13 0 384 1280 384 1312
13 0 1216 1776 3360 1776
13 0 384 1744 2560 1744
13 0 416 1712 3712 1712
13 0 2880 1648 3680 1648
13 0 2080 1648 2880 1648
13 0 1280 1648 2080 1648
13 0 480 1648 1280 1648
13 0 320 1648 480 1648
13 0 2848 1616 3648 1616
13 0 2048 1616 2848 1616
13 0 1248 1616 2048 1616
13 0 448 1616 1248 1616
13 0 320 1616 448 1616
13 0 3248 1584 3616 1584
13 0 2448 1584 3248 1584
13 0 1648 1584 2448 1584
13 0 848 1584 1648 1584
13 0 320 1584 848 1584
13 0 3136 1552 3584 1552
13 0 2336 1552 3136 1552
13 0 1536 1552 2336 1552
13 0 736 1552 1536 1552
13 0 320 1552 736 1552
13 0 2848 1392 2880 1392
13 0 2048 1392 2080 1392
13 0 1248 1392 1280 1392
13 0 448 1392 480 1392
13 0 2560 1344 2880 1344
13 0 1792 1344 2080 1344
13 0 1760 1344 1792 1344
13 0 992 1344 1280 1344
13 0 960 1344 992 1344
13 0 416 1344 480 1344
13 0 2816 1312 2880 1312
13 0 2016 1312 2080 1312
13 0 1216 1312 1280 1312
13 0 384 1312 480 1312
13 0 3072 1296 3136 1296
13 0 2272 1296 2336 1296
13 0 1472 1296 1536 1296
13 0 672 1296 736 1296
13 0 2848 1280 2880 1280
13 0 2048 1280 2080 1280
13 0 1216 1280 1280 1280
13 0 384 1280 480 1280
13 5 3360 1200 Q0
13 5 2880 1200 D0
13 5 2560 1200 Q1
13 5 2080 1200 D1
13 5 1760 1200 Q2
13 5 1280 1200 D2
13 5 960 1200 Q3
13 5 480 1200 D3
13 8 3376 1216 2
13 8 2896 1216 1
13 8 2576 1216 2
13 8 2096 1216 1
13 8 1776 1216 2
13 8 1296 1216 1
13 8 976 1216 2
13 8 496 1216 1
13 8 3360 1200 2
13 8 2880 1200 1
13 8 2560 1200 2
13 8 2080 1200 1
13 8 1760 1200 2
13 8 1280 1200 1
13 8 960 1200 2
13 8 480 1200 1
13 8 3360 1200 2
13 8 2880 1200 1
13 8 2560 1200 2
13 8 2080 1200 1
13 8 1760 1200 2
13 8 1280 1200 1
13 8 960 1200 2
13 8 480 1200 1
13 2 384 1280 480 1280
13 2 1216 1280 1280 1280
13 2 2048 1280 2080 1280
13 2 2848 1280 2880 1280
13 2 672 1296 736 1296
13 2 1472 1296 1536 1296
13 2 2272 1296 2336 1296
13 2 3072 1296 3136 1296
13 2 384 1312 480 1312
13 2 1216 1312 1280 1312
13 2 2016 1312 2080 1312
13 2 2816 1312 2880 1312
13 2 416 1344 480 1344
13 2 960 1344 992 1344
13 2 992 1344 1280 1344
13 2 1760 1344 1792 1344
13 2 1792 1344 2080 1344
13 2 2560 1344 2880 1344
13 2 448 1392 480 1392
13 2 1248 1392 1280 1392
13 2 2048 1392 2080 1392
13 2 2848 1392 2880 1392
13 2 320 1552 736 1552
13 2 736 1552 1536 1552
13 2 1536 1552 2336 1552
13 2 2336 1552 3136 1552
13 2 3136 1552 3584 1552
13 2 320 1584 848 1584
13 2 848 1584 1648 1584
13 2 1648 1584 2448 1584
13 2 2448 1584 3248 1584
13 2 3248 1584 3616 1584
13 2 320 1616 448 1616
13 2 448 1616 1248 1616
13 2 1248 1616 2048 1616
13 2 2048 1616 2848 1616
13 2 2848 1616 3648 1616
13 2 320 1648 480 1648
13 2 480 1648 1280 1648
13 2 1280 1648 2080 1648
13 2 2080 1648 2880 1648
13 2 2880 1648 3680 1648
13 2 416 1712 3712 1712
13 2 384 1744 2560 1744
13 2 1216 1776 3360 1776
13 0 384 1280 384 1312
13 2 384 1280 384 1312
13 2 384 1312 384 1744
13 2 416 1344 416 1712
13 2 448 1392 448 1616
13 2 480 1200 480 1248
13 2 480 1424 480 1648
13 2 736 1328 736 1552
13 2 848 1408 848 1584
13 2 960 1200 960 1296
13 2 960 1296 960 1344
13 2 992 928 992 1344
13 0 1216 1280 1216 1312
13 2 1216 1280 1216 1312
13 2 1216 1312 1216 1776
13 2 1248 1392 1248 1616
13 2 1280 1200 1280 1248
13 2 1280 1424 1280 1648
13 2 1536 1328 1536 1552
13 2 1648 1408 1648 1584
13 2 1760 1200 1760 1296
13 2 1760 1296 1760 1344
13 2 1792 960 1792 1344
13 2 2016 992 2016 1312
13 2 2048 1392 2048 1616
13 2 2080 1200 2080 1248
13 2 2080 1424 2080 1648
13 2 2336 1328 2336 1552
13 2 2448 1408 2448 1584
13 2 2560 1200 2560 1296
13 0 2560 1296 2560 1344
13 2 2560 1296 2560 1344
13 2 2560 1344 2560 1744
13 2 2816 1024 2816 1312
13 2 2848 1392 2848 1616
13 2 2880 1200 2880 1248
13 2 2880 1424 2880 1648
13 2 3136 1328 3136 1552
13 2 3248 1408 3248 1584
13 2 3360 1200 3360 1296
13 2 3360 1296 3360 1776
13 2 3584 672 3584 1552
13 2 3616 704 3616 1584
13 2 3648 736 3648 1616
13 2 3680 768 3680 1648
13 2 3712 464 3712 1712
13 7 480 1200
13 8 480 1200 0
13 7 960 1200
13 8 960 1200 0
13 7 1280 1200
13 8 1280 1200 0
13 7 1760 1200
13 8 1760 1200 0
13 7 2080 1200
13 8 2080 1200 0
13 7 2560 1200
13 8 2560 1200 0
13 7 2880 1200
13 8 2880 1200 0
13 7 3360 1200
13 8 3360 1200 0
17 0 16
17 0 15
17 0 14
17 0 13
17 0 12
17 0 11
17 0 10
17 0 9
17 0 17
17 0 18
17 0 vhi 1984 1216 0
17 0 vhi 2784 1216 0
17 0 fd1s3dx 736 1264 0
17 0 mux41 480 1216 0
17 0 mux41 1280 1216 0
17 0 fd1s3dx 1536 1264 0
17 0 mux41 2080 1216 0
17 0 fd1s3dx 2336 1264 0
17 0 mux41 2880 1216 0
17 0 fd1s3dx 3136 1264 0
13 0 384 1296 480 1296
13 0 1216 1296 1280 1296
13 0 2048 1296 2080 1296
13 0 2848 1296 2880 1296
13 0 672 1312 736 1312
13 0 1472 1312 1536 1312
13 0 2272 1312 2336 1312
13 0 3072 1312 3136 1312
13 0 384 1328 480 1328
13 0 1216 1328 1280 1328
13 0 2016 1328 2080 1328
13 0 2816 1328 2880 1328
13 0 416 1360 480 1360
13 0 960 1360 992 1360
13 0 992 1360 1280 1360
13 0 1760 1360 1792 1360
13 0 1792 1360 2080 1360
13 0 2560 1360 2880 1360
13 0 448 1408 480 1408
13 0 1248 1408 1280 1408
13 0 2048 1408 2080 1408
13 0 2848 1408 2880 1408
13 0 320 1568 736 1568
13 0 736 1568 1536 1568
13 0 1536 1568 2336 1568
13 0 2336 1568 3136 1568
13 0 3136 1568 3584 1568
13 0 320 1600 848 1600
13 0 848 1600 1648 1600
13 0 1648 1600 2448 1600
13 0 2448 1600 3248 1600
13 0 3248 1600 3616 1600
13 0 320 1632 448 1632
13 0 448 1632 1248 1632
13 0 1248 1632 2048 1632
13 0 2048 1632 2848 1632
13 0 2848 1632 3648 1632
13 0 320 1664 480 1664
13 0 480 1664 1280 1664
13 0 1280 1664 2080 1664
13 0 2080 1664 2880 1664
13 0 2880 1664 3680 1664
13 0 416 1728 3712 1728
13 0 384 1760 2560 1760
13 0 1216 1792 3360 1792
13 0 384 1296 384 1328
13 0 384 1328 384 1760
13 0 416 1360 416 1728
13 0 448 1408 448 1632
13 0 480 1216 480 1264
13 0 480 1440 480 1664
13 0 736 1344 736 1568
13 0 848 1424 848 1600
13 0 960 1216 960 1312
13 0 960 1312 960 1360
13 0 992 1168 992 1360
13 0 992 928 992 1168
13 0 1216 1296 1216 1328
13 0 1216 1328 1216 1792
13 0 1248 1408 1248 1632
13 0 1280 1216 1280 1264
13 0 1280 1440 1280 1664
13 0 1536 1344 1536 1568
13 0 1648 1424 1648 1600
13 0 1760 1216 1760 1312
13 0 1760 1312 1760 1360
13 0 1792 1168 1792 1360
13 0 1792 1152 1792 1168
13 0 1792 960 1792 1152
13 0 2016 1168 2016 1328
13 0 2016 1136 2016 1168
13 0 2016 992 2016 1136
13 0 2048 1408 2048 1632
13 0 2080 1216 2080 1264
13 0 2080 1440 2080 1664
13 0 2336 1344 2336 1568
13 0 2448 1424 2448 1600
13 0 2560 1216 2560 1312
13 0 2560 1312 2560 1360
13 0 2560 1360 2560 1760
13 0 2816 1168 2816 1328
13 0 2816 1120 2816 1168
13 0 2816 1024 2816 1120
13 0 2848 1408 2848 1632
13 0 2880 1216 2880 1264
13 0 2880 1440 2880 1664
13 0 3136 1344 3136 1568
13 0 3248 1424 3248 1600
13 0 3360 1216 3360 1312
13 0 3360 1312 3360 1792
13 0 3584 1168 3584 1568
13 0 3584 1104 3584 1168
13 0 3584 672 3584 1104
13 0 3616 1168 3616 1600
13 0 3616 1088 3616 1168
13 0 3616 704 3616 1088
13 0 3648 1168 3648 1632
13 0 3648 1072 3648 1168
13 0 3648 736 3648 1072
13 0 3680 1168 3680 1664
13 0 3680 1056 3680 1168
13 0 3680 768 3680 1056
13 0 3712 1168 3712 1728
13 0 3712 1040 3712 1168
13 0 3712 464 3712 1040
13 5 480 1216 D3
13 5 960 1216 Q3
13 5 1280 1216 D2
13 5 1760 1216 Q2
13 5 2080 1216 D1
13 5 2560 1216 Q1
13 5 2880 1216 D0
13 5 3360 1216 Q0
13 8 480 1200 1
13 8 960 1200 2
13 8 1280 1200 1
13 8 1760 1200 2
13 8 2080 1200 1
13 8 2560 1200 2
13 8 2880 1200 1
13 8 3360 1200 2
13 8 480 1216 1
13 8 960 1216 2
13 8 1280 1216 1
13 8 1760 1216 2
13 8 2080 1216 1
13 8 2560 1216 2
13 8 2880 1216 1
13 8 3360 1216 2
13 2 384 1296 480 1296
13 2 1216 1296 1280 1296
13 2 2048 1296 2080 1296
13 2 2848 1296 2880 1296
13 2 672 1312 736 1312
13 2 1472 1312 1536 1312
13 2 2272 1312 2336 1312
13 2 3072 1312 3136 1312
13 2 384 1328 480 1328
13 2 1216 1328 1280 1328
13 2 2016 1328 2080 1328
13 2 2816 1328 2880 1328
13 2 416 1360 480 1360
13 2 960 1360 992 1360
13 2 992 1360 1280 1360
13 2 1760 1360 1792 1360
13 2 1792 1360 2080 1360
13 2 2560 1360 2880 1360
13 2 448 1408 480 1408
13 2 1248 1408 1280 1408
13 2 2048 1408 2080 1408
13 2 2848 1408 2880 1408
13 2 320 1568 736 1568
13 2 736 1568 1536 1568
13 2 1536 1568 2336 1568
13 2 2336 1568 3136 1568
13 2 3136 1568 3584 1568
13 2 320 1600 848 1600
13 2 848 1600 1648 1600
13 2 1648 1600 2448 1600
13 2 2448 1600 3248 1600
13 2 3248 1600 3616 1600
13 2 320 1632 448 1632
13 2 448 1632 1248 1632
13 2 1248 1632 2048 1632
13 2 2048 1632 2848 1632
13 2 2848 1632 3648 1632
13 2 320 1664 480 1664
13 2 480 1664 1280 1664
13 2 1280 1664 2080 1664
13 2 2080 1664 2880 1664
13 2 2880 1664 3680 1664
13 2 416 1728 3712 1728
13 2 384 1760 2560 1760
13 2 1216 1792 3360 1792
13 0 384 1296 384 1328
13 2 384 1296 384 1328
13 2 384 1328 384 1760
13 2 416 1360 416 1728
13 2 448 1408 448 1632
13 2 480 1216 480 1264
13 2 480 1440 480 1664
13 2 736 1344 736 1568
13 2 848 1424 848 1600
13 2 960 1216 960 1312
13 2 960 1312 960 1360
13 2 992 928 992 1360
13 0 1216 1296 1216 1328
13 2 1216 1296 1216 1328
13 2 1216 1328 1216 1792
13 2 1248 1408 1248 1632
13 2 1280 1216 1280 1264
13 2 1280 1440 1280 1664
13 2 1536 1344 1536 1568
13 2 1648 1424 1648 1600
13 2 1760 1216 1760 1312
13 2 1760 1312 1760 1360
13 2 1792 960 1792 1360
13 2 2016 992 2016 1328
13 2 2048 1408 2048 1632
13 2 2080 1216 2080 1264
13 2 2080 1440 2080 1664
13 2 2336 1344 2336 1568
13 2 2448 1424 2448 1600
13 2 2560 1216 2560 1312
13 0 2560 1312 2560 1360
13 2 2560 1312 2560 1360
13 2 2560 1360 2560 1760
13 2 2816 1024 2816 1328
13 2 2848 1408 2848 1632
13 2 2880 1216 2880 1264
13 2 2880 1440 2880 1664
13 2 3136 1344 3136 1568
13 2 3248 1424 3248 1600
13 2 3360 1216 3360 1312
13 2 3360 1312 3360 1792
13 2 3584 672 3584 1568
13 2 3616 704 3616 1600
13 2 3648 736 3648 1632
13 2 3680 768 3680 1664
13 2 3712 464 3712 1728
13 7 480 1216
13 8 480 1216 0
13 7 960 1216
13 8 960 1216 0
13 7 1280 1216
13 8 1280 1216 0
13 7 1760 1216
13 8 1760 1216 0
13 7 2080 1216
13 8 2080 1216 0
13 7 2560 1216
13 8 2560 1216 0
13 7 2880 1216
13 8 2880 1216 0
13 7 3360 1216
13 8 3360 1216 0
17 0 18
17 0 17
17 0 9
17 0 10
17 0 11
17 0 12
17 0 13
17 0 14
17 0 15
17 0 16
17 0 vhi 1984 1120 0
17 0 vhi 2784 1120 0
17 0 fd1s3dx 736 1168 0
17 0 mux41 480 1120 0
17 0 mux41 1280 1120 0
17 0 fd1s3dx 1536 1168 0
17 0 mux41 2080 1120 0
17 0 fd1s3dx 2336 1168 0
17 0 mux41 2880 1120 0
17 0 fd1s3dx 3136 1168 0
13 0 384 1200 480 1200
13 0 1216 1200 1280 1200
13 0 2048 1200 2080 1200
13 0 2848 1200 2880 1200
13 0 672 1216 736 1216
13 0 1472 1216 1536 1216
13 0 2272 1216 2336 1216
13 0 3072 1216 3136 1216
13 0 384 1232 480 1232
13 0 1216 1232 1280 1232
13 0 2016 1232 2080 1232
13 0 2816 1232 2880 1232
13 0 416 1264 480 1264
13 0 960 1264 992 1264
13 0 992 1264 1280 1264
13 0 1760 1264 1792 1264
13 0 1792 1264 2080 1264
13 0 2560 1264 2880 1264
13 0 448 1312 480 1312
13 0 1248 1312 1280 1312
13 0 2048 1312 2080 1312
13 0 2848 1312 2880 1312
13 0 320 1472 736 1472
13 0 736 1472 1536 1472
13 0 1536 1472 2336 1472
13 0 2336 1472 3136 1472
13 0 3136 1472 3584 1472
13 0 320 1504 848 1504
13 0 848 1504 1648 1504
13 0 1648 1504 2448 1504
13 0 2448 1504 3248 1504
13 0 3248 1504 3616 1504
13 0 320 1536 448 1536
13 0 448 1536 1248 1536
13 0 1248 1536 2048 1536
13 0 2048 1536 2848 1536
13 0 2848 1536 3648 1536
13 0 320 1568 480 1568
13 0 480 1568 1280 1568
13 0 1280 1568 2080 1568
13 0 2080 1568 2880 1568
13 0 2880 1568 3680 1568
13 0 416 1632 3712 1632
13 0 384 1664 2560 1664
13 0 1216 1696 3360 1696
13 0 384 1200 384 1232
13 0 384 1232 384 1664
13 0 416 1264 416 1632
13 0 448 1312 448 1536
13 0 480 1120 480 1168
13 0 480 1344 480 1568
13 0 736 1248 736 1472
13 0 848 1328 848 1504
13 0 960 1120 960 1216
13 0 960 1216 960 1264
13 0 992 1072 992 1264
13 0 992 928 992 1072
13 0 1216 1200 1216 1232
13 0 1216 1232 1216 1696
13 0 1248 1312 1248 1536
13 0 1280 1120 1280 1168
13 0 1280 1344 1280 1568
13 0 1536 1248 1536 1472
13 0 1648 1328 1648 1504
13 0 1760 1120 1760 1216
13 0 1760 1216 1760 1264
13 0 1792 1072 1792 1264
13 0 1792 1056 1792 1072
13 0 1792 960 1792 1056
13 0 2016 1072 2016 1232
13 0 2016 1040 2016 1072
13 0 2016 992 2016 1040
13 0 2048 1312 2048 1536
13 0 2080 1120 2080 1168
13 0 2080 1344 2080 1568
13 0 2336 1248 2336 1472
13 0 2448 1328 2448 1504
13 0 2560 1120 2560 1216
13 0 2560 1216 2560 1264
13 0 2560 1264 2560 1664
13 0 2816 1072 2816 1232
13 0 2816 1024 2816 1072
13 0 2848 1312 2848 1536
13 0 2880 1120 2880 1168
13 0 2880 1344 2880 1568
13 0 3136 1248 3136 1472
13 0 3248 1328 3248 1504
13 0 3360 1120 3360 1216
13 0 3360 1216 3360 1696
13 0 3584 1072 3584 1472
13 0 3584 1008 3584 1072
13 0 3584 672 3584 1008
13 0 3616 1072 3616 1504
13 0 3616 992 3616 1072
13 0 3616 704 3616 992
13 0 3648 1072 3648 1536
13 0 3648 976 3648 1072
13 0 3648 736 3648 976
13 0 3680 1072 3680 1568
13 0 3680 960 3680 1072
13 0 3680 768 3680 960
13 0 3712 1072 3712 1632
13 0 3712 944 3712 1072
13 0 3712 464 3712 944
13 5 480 1120 D3
13 5 960 1120 Q3
13 5 1280 1120 D2
13 5 1760 1120 Q2
13 5 2080 1120 D1
13 5 2560 1120 Q1
13 5 2880 1120 D0
13 5 3360 1120 Q0
13 8 480 1216 1
13 8 960 1216 2
13 8 1280 1216 1
13 8 1760 1216 2
13 8 2080 1216 1
13 8 2560 1216 2
13 8 2880 1216 1
13 8 3360 1216 2
13 8 480 1120 1
13 8 960 1120 2
13 8 1280 1120 1
13 8 1760 1120 2
13 8 2080 1120 1
13 8 2560 1120 2
13 8 2880 1120 1
13 8 3360 1120 2
13 0 336 1568 480 1568
13 2 336 1568 480 1568
13 2 320 1568 336 1568
13 0 352 1536 448 1536
13 2 352 1536 448 1536
13 2 320 1536 352 1536
13 0 352 1504 848 1504
13 2 352 1504 848 1504
13 2 320 1504 352 1504
13 0 336 1472 736 1472
13 2 336 1472 736 1472
13 2 320 1472 336 1472
13 0 480 336 480 320
13 2 480 320 480 336
13 2 480 336 480 368
13 0 480 336 480 368
13 0 480 336 480 320
13 2 480 320 480 368
13 7 480 320
13 8 480 320 0
13 8 480 320 0
17 0 vhi 416 288 0
17 0 vhi 384 288 0
17 0 vhi 2000 1088 0
13 2 2080 1120 2080 1168
13 7 2080 1120
13 8 2080 1120 0
13 8 2080 1120 0
13 0 2064 1168 2080 1168
17 0 19
17 0 vhi 400 288 0
13 0 464 368 480 368
13 0 1280 336 1280 320
13 2 1280 320 1280 336
13 2 1280 336 1280 368
13 0 1280 336 1280 368
13 0 1280 336 1280 320
13 0 1280 336 1280 320
13 2 1280 320 1280 336
13 2 1280 336 1280 368
13 7 1280 320
13 8 1280 320 0
13 2 2080 320 2080 368
13 7 2080 320
13 8 2080 320 0
13 8 2080 320 0
13 0 2880 352 2880 320
13 2 2880 320 2880 352
13 2 2880 352 2880 368
13 7 2880 320
13 8 2880 320 0
13 2 2880 1120 2880 1168
13 7 2880 1120
13 8 2880 1120 0
13 8 2880 1120 0
13 2 1216 1200 1280 1200
13 2 1472 1216 1536 1216
13 2 1216 1232 1280 1232
13 2 992 1264 1280 1264
13 2 1248 1312 1280 1312
13 2 1280 1120 1280 1168
13 2 1280 1344 1280 1568
13 7 1280 1120
13 8 1280 1120 0
17 0 12
17 0 mux41 1312 1120 0
13 0 1216 1200 1312 1200
13 0 1504 1216 1536 1216
13 0 1296 1232 1312 1232
13 0 1216 1232 1296 1232
13 0 1280 1264 1312 1264
13 0 992 1264 1280 1264
13 0 1264 1312 1312 1312
13 0 1248 1312 1264 1312
13 0 1312 1120 1312 1168
13 0 1312 1344 1312 1376
13 0 1312 1376 1280 1376
13 0 1280 1376 1280 1568
13 5 1312 1120 D2
13 8 1280 1120 1
13 8 1312 1120 1
13 2 1280 1376 1280 1568
13 2 1280 1376 1312 1376
13 2 1312 1344 1312 1376
13 2 1312 1120 1312 1168
13 0 1248 1312 1264 1312
13 2 1248 1312 1264 1312
13 2 1264 1312 1312 1312
13 0 992 1264 1280 1264
13 2 992 1264 1280 1264
13 2 1280 1264 1312 1264
13 0 1216 1232 1296 1232
13 2 1216 1232 1296 1232
13 2 1296 1232 1312 1232
13 2 1504 1216 1536 1216
13 2 1216 1200 1312 1200
13 7 1312 1120
13 8 1312 1120 0
17 0 12
17 0 mux41 1280 1120 0
13 0 1280 1344 1280 1568
13 0 1280 1120 1280 1168
13 0 1248 1312 1280 1312
13 0 992 1264 1280 1264
13 0 1216 1232 1280 1232
13 0 1472 1216 1536 1216
13 0 1216 1200 1280 1200
13 5 1280 1120 D2
13 8 1312 1120 1
13 8 1280 1120 1
13 8 1280 1120 1
13 2 1280 1120 1280 1168
13 7 1280 1120
13 8 1280 1120 0
13 8 1280 1120 0
13 2 480 1120 480 1168
13 7 480 1120
13 8 480 1120 0
13 8 480 1120 0
17 0 vlo 464 1168 0
17 0 vlo 1264 1168 0
17 0 vlo 2864 1168 0
17 0 vlo 2864 368 0
17 0 vlo 2784 368 0
17 0 vlo 1984 368 0
17 0 vlo 1184 368 0
17 0 vlo 1184 1168 0
17 0 vlo 2784 1168 0
17 0 29
17 0 28
17 0 26
17 0 vlo 2064 368 0
17 0 27
17 0 vlo 1264 368 0
17 0 25
13 0 1280 368 1264 368
13 0 2064 368 2080 368
13 0 2864 368 2880 368
13 0 2880 1168 2864 1168
13 0 1280 1168 1264 1168
13 0 480 1168 464 1168
17 0 inv 912 400 3
17 0 25
13 2 960 320 960 416
13 7 960 320
13 8 960 320 0
13 8 960 320 0
13 2 1760 320 1760 416
13 7 1760 320
13 8 1760 320 0
13 8 1760 320 0
13 2 2560 320 2560 416
13 7 2560 320
13 8 2560 320 0
13 8 2560 320 0
13 2 3360 320 3360 416
13 7 3360 320
13 8 3360 320 0
13 8 3360 320 0
13 2 3360 1120 3360 1216
13 7 3360 1120
13 8 3360 1120 0
13 8 3360 1120 0
13 2 2560 1120 2560 1216
13 7 2560 1120
13 8 2560 1120 0
13 8 2560 1120 0
13 2 1760 1120 1760 1216
13 7 1760 1120
13 8 1760 1120 0
13 8 1760 1120 0
13 2 960 1120 960 1216
13 7 960 1120
13 8 960 1120 0
13 8 960 1120 0
17 0 inv 912 416 3
17 0 inv 912 384 3
17 0 inv 1712 384 3
17 0 inv 2512 384 3
17 0 inv 3312 384 3
17 0 inv 3312 1184 3
17 0 inv 2512 1184 3
17 0 inv 1712 1184 3
17 0 inv 912 1184 3
13 0 960 1216 960 1184
13 0 960 1088 960 1072
13 5 1760 1088 Q2
13 5 1760 1088 Q2
13 5 1760 1088 Q2
13 0 1760 1184 1760 1216
13 0 1760 1072 1760 1088
13 0 2560 1184 2560 1216
13 0 2560 1088 2560 1072
13 0 3360 1184 3360 1216
13 0 3360 1072 3360 1088
13 0 3360 416 3360 384
13 0 3360 288 3360 272
13 0 2560 384 2560 416
13 0 2560 288 2560 272
13 0 1760 384 1760 416
13 0 1760 288 1760 272
13 0 960 416 960 384
13 0 960 288 960 272
13 5 960 272 Q7
13 7 960 272
13 5 960 272 Q7
13 5 1760 272 Q6
13 5 2560 272 Q5
13 5 3360 272 Q4
13 5 3360 1072 Q0
13 5 2560 1072 Q1
13 5 1760 1072 Q2
13 5 960 1072 Q3
13 8 960 272 2
13 8 1760 272 2
13 8 2560 272 2
13 8 3360 272 2
13 8 3360 1072 2
13 8 2560 1072 2
13 8 1760 1072 2
13 8 960 1072 2
