Active-HDL 10.3.3558.6081  2019-05-09 09:53:17

Elaboration top modules:
VHDL Configuration            testbench_for_cnt8


----------------------------------------------------------------------------------------------
Entity   | Architecture    | Library | Info | Compiler Version          | Compilation Options
----------------------------------------------------------------------------------------------
cnt8_tb  | TB_ARCHITECTURE | work    |      | 10.3.3558.6081  (Windows) | -O3
CNT8     | rtl             | work    |      | 10.3.3558.6081  (Windows) | -O3
----------------------------------------------------------------------------------------------

----------------------------------------------------------------------------------------------
VHDL Configuration         | Library | Info | Compiler Version          | Compilation Options
----------------------------------------------------------------------------------------------
testbench_for_cnt8         | work    |      | 10.3.3558.6081  (Windows) | -O3
----------------------------------------------------------------------------------------------

----------------------------------------------------------------------------------------------
VHDL Package               | Library | Info | Compiler Version          | Compilation Options
----------------------------------------------------------------------------------------------
standard                   | std     |      |                           | <unavailable>
TEXTIO                     | std     |      | 10.3.3558.6081  (Windows) |  -2008
std_logic_1164             | ieee    |      | 10.3.3558.6081  (Windows) |  -2008
NUMERIC_STD                | ieee    |      | 10.3.3558.6081  (Windows) |  -2008
----------------------------------------------------------------------------------------------

----------------------------------------------------------------------------------------------
Library                    | Comment
----------------------------------------------------------------------------------------------
ieee                       | Standard IEEE packages library
std                        | Standard VHDL library
work                       | None
----------------------------------------------------------------------------------------------


Simulation Options: asim +access +r TESTBENCH_FOR_cnt8


The performance of simulation is reduced. Version Lattice Edition
