designverincludedir -clear
designverlibrarysim -PL -clear
designverlibrarysim -L -clear
designverlibrarysim -PL pmi_work
designverlibrarysim ovi_xp2
designverdefinemacro -clear
addfile C:/Users/Gustas/Documents/KTU/Logika/impl1/uzd1.vhd
# Adding file C:\Users\Gustas\Documents\KTU\Logika\impl1\uzd1.vhd ... Done
vlib C:/Users/Gustas/Documents/KTU/Logika/a/work
# Adding library O.K.
adel -all
# Library contents cleared.
vcom -dbg -work work C:/Users/Gustas/Documents/KTU/Logika/impl1/uzd1.vhd
# File: C:\Users\Gustas\Documents\KTU\Logika\impl1\uzd1.vhd
# Compile Entity "UZD1"
# Compile Architecture "SCHEMATIC" of Entity "UZD1"
# Compile success 0 Errors 0 Warnings  Analysis time :  0.1 [s]
entity UZD1
# ELBREAD: Elaboration process.
# ELBREAD: Elaboration time 0.0 [s].
vsim +access +r UZD1 -PL pmi_work -L ovi_xp2
# ELBREAD: Elaboration process.
# ELBREAD: Elaboration time 0.0 [s].
# VSIM: Stack memory: 32MB
# VSIM: Retval memory: 32MB
# 
# KERNEL: Main thread initiated.
# KERNEL: Kernel process initialization phase.
# KERNEL: Time resolution set to 1ps.
# ELAB2: Elaboration final pass...
# ELAB2: Create instances ...
# ELAB2: Create instances complete.
# SLP: Started
# SLP: Elaboration phase ...
# SLP: Elaboration phase ... skipped, nothing to simulate in SLP mode : 0.0 [s]
# SLP: Finished : 0.0 [s]
# ELAB2: Elaboration final pass complete - time: 0.1 [s].
# KERNEL: Warning: You are using the Active-HDL Lattice Edition. The performance of simulation is running at a reduced rate.
# KERNEL: Warning: Contact Aldec for available upgrade options - sales@aldec.com.
# KERNEL: Kernel process initialization done.
# Allocation: Simulator allocated 7244 kB (elbread=1280 elab2=5814 kernel=149 sdf=0)
# KERNEL: ASDB file was created in location C:\Users\Gustas\Documents\KTU\Logika\a\src\wave.asdb
#  9:23, Thursday, March 28, 2019
#  Simulation has been initialized
add wave *
# 18 signal(s) traced.
run 1000ns
# Waveform file 'untitled.awc' connected to 'C:/Users/Gustas/Documents/KTU/Logika/a/src/wave.asdb'.
# KERNEL: stopped at time: 1 us
# KERNEL: Simulation has finished. There are no more test vectors to simulate.
SetActiveLib -work
comp -include "C:\Users\Gustas\Documents\KTU\Logika\impl1\uzd1.vhd" 
# Warning: DAGGEN_0523: The source is compiled without the -dbg switch. Line breakpoints and assertion debug will not be available.
# File: C:\Users\Gustas\Documents\KTU\Logika\a\..\impl1\uzd1.vhd
# Compile Entity "UZD1"
# Compile Architecture "SCHEMATIC" of Entity "UZD1"
# Compile success 0 Errors 0 Warnings  Analysis time :  94.0 [ms]
comp -include "$dsn\src\TestBench\uzd1_TB.vhd" 
# Warning: DAGGEN_0523: The source is compiled without the -dbg switch. Line breakpoints and assertion debug will not be available.
# File: C:\Users\Gustas\Documents\KTU\Logika\a\src\TestBench\uzd1_TB.vhd
# Compile Entity "uzd1_tb"
# Compile Architecture "TB_ARCHITECTURE" of Entity "uzd1_tb"
# Compile Configuration "TESTBENCH_FOR_uzd1"
# Compile success 0 Errors 0 Warnings  Analysis time :  47.0 [ms]
asim +access +r TESTBENCH_FOR_uzd1 
# VSIM: Simulation has finished.
# ELBREAD: Elaboration process.
# ELBREAD: Elaboration time 0.0 [s].
# VSIM: Stack memory: 32MB
# VSIM: Retval memory: 32MB
# 
# KERNEL: Main thread initiated.
# KERNEL: Kernel process initialization phase.
# KERNEL: Time resolution set to 1ps.
# ELAB2: Elaboration final pass...
# ELAB2: Create instances ...
# ELAB2: Create instances complete.
# SLP: Started
# SLP: Elaboration phase ...
# SLP: Elaboration phase ... skipped, nothing to simulate in SLP mode : 0.0 [s]
# SLP: Finished : 0.0 [s]
# ELAB2: Elaboration final pass complete - time: 0.0 [s].
# KERNEL: Warning: You are using the Active-HDL Lattice Edition. The performance of simulation is running at a reduced rate.
# KERNEL: Warning: Contact Aldec for available upgrade options - sales@aldec.com.
# KERNEL: Kernel process initialization done.
# Allocation: Simulator allocated 7244 kB (elbread=1280 elab2=5814 kernel=149 sdf=0)
# KERNEL: ASDB file was created in location C:\Users\Gustas\Documents\KTU\Logika\a\src\wave.asdb
#  9:25, Thursday, March 28, 2019
#  Simulation has been initialized
# Waveform file 'untitled.awc' connected to 'C:/Users/Gustas/Documents/KTU/Logika/a/src/wave.asdb'.
wave 
wave -noreg x2
wave -noreg x3
wave -noreg x4
wave -noreg x1
wave -noreg Reset
wave -noreg Statinis
# # The following lines can be used for timing simulation
# # acom <backannotated_vhdl_file_name>
# # comp -include "$dsn\src\TestBench\uzd1_TB_tim_cfg.vhd" 
# # asim +access +r TIMING_FOR_uzd1 
# 6 signal(s) traced.
# Waveform file 'untitled.awc' connected to 'C:/Users/Gustas/Documents/KTU/Logika/a/src/wave.asdb'.
# 1 signal(s) traced.
# 1 signal(s) traced.
acom -O3 -e 100 -work work -2002  $dsn/src/TestBench/uzd1_TB.vhd
# Warning: DAGGEN_0523: The source is compiled without the -dbg switch. Line breakpoints and assertion debug will not be available.
# File: C:\Users\Gustas\Documents\KTU\Logika\a\src\TestBench\uzd1_TB.vhd
# Compile Entity "uzd1_tb"
# Compile Architecture "TB_ARCHITECTURE" of Entity "uzd1_tb"
# Compile Configuration "TESTBENCH_FOR_uzd1"
# Compile success 0 Errors 0 Warnings  Analysis time :  0.1 [s]
SetActiveLib -work
comp -include "C:\Users\Gustas\Documents\KTU\Logika\impl1\uzd1.vhd" 
# Warning: DAGGEN_0523: The source is compiled without the -dbg switch. Line breakpoints and assertion debug will not be available.
# File: C:\Users\Gustas\Documents\KTU\Logika\a\..\impl1\uzd1.vhd
# Compile Entity "UZD1"
# Compile Architecture "SCHEMATIC" of Entity "UZD1"
# Compile success 0 Errors 0 Warnings  Analysis time :  62.0 [ms]
comp -include "$dsn\src\TestBench\uzd1_TB.vhd" 
# Warning: DAGGEN_0523: The source is compiled without the -dbg switch. Line breakpoints and assertion debug will not be available.
# File: C:\Users\Gustas\Documents\KTU\Logika\a\src\TestBench\uzd1_TB.vhd
# Compile Entity "uzd1_tb"
# Compile Architecture "TB_ARCHITECTURE" of Entity "uzd1_tb"
# Compile Configuration "TESTBENCH_FOR_uzd1"
# Compile success 0 Errors 0 Warnings  Analysis time :  93.0 [ms]
asim +access +r TESTBENCH_FOR_uzd1 
# VSIM: Simulation has finished.
# ELBREAD: Elaboration process.
# ELBREAD: Elaboration time 0.0 [s].
# VSIM: Stack memory: 32MB
# VSIM: Retval memory: 32MB
# 
# KERNEL: Main thread initiated.
# KERNEL: Kernel process initialization phase.
# KERNEL: Time resolution set to 1ps.
# ELAB2: Elaboration final pass...
# ELAB2: Create instances ...
# ELAB2: Create instances complete.
# SLP: Started
# SLP: Elaboration phase ...
# SLP: Elaboration phase ... skipped, nothing to simulate in SLP mode : 0.0 [s]
# SLP: Finished : 0.0 [s]
# ELAB2: Elaboration final pass complete - time: 0.0 [s].
# KERNEL: Warning: You are using the Active-HDL Lattice Edition. The performance of simulation is running at a reduced rate.
# KERNEL: Warning: Contact Aldec for available upgrade options - sales@aldec.com.
# KERNEL: Kernel process initialization done.
# Allocation: Simulator allocated 7246 kB (elbread=1280 elab2=5816 kernel=149 sdf=0)
# KERNEL: ASDB file was created in location C:\Users\Gustas\Documents\KTU\Logika\a\src\wave.asdb
#  10:15, Thursday, March 28, 2019
#  Simulation has been initialized
# Waveform file 'untitled.awc' connected to 'C:/Users/Gustas/Documents/KTU/Logika/a/src/wave.asdb'.
# Waveform file 'untitled.awc' connected to 'C:/Users/Gustas/Documents/KTU/Logika/a/src/wave.asdb'.
wave 
wave -noreg x2
wave -noreg x3
wave -noreg x4
wave -noreg x1
wave -noreg Reset
wave -noreg Statinis
# # The following lines can be used for timing simulation
# # acom <backannotated_vhdl_file_name>
# # comp -include "$dsn\src\TestBench\uzd1_TB_tim_cfg.vhd" 
# # asim +access +r TIMING_FOR_uzd1 
# 6 signal(s) traced.
# Waveform file 'untitled.awc' connected to 'C:/Users/Gustas/Documents/KTU/Logika/a/src/wave.asdb'.
# 1 signal(s) traced.
# 1 signal(s) traced.
run
endsim
# KERNEL: stopped at time: 16042060 ns
# VSIM: Simulation has finished.
acom -O3 -e 100 -work work -2002  $dsn/src/TestBench/uzd1_TB.vhd
# Warning: DAGGEN_0523: The source is compiled without the -dbg switch. Line breakpoints and assertion debug will not be available.
# File: C:\Users\Gustas\Documents\KTU\Logika\a\src\TestBench\uzd1_TB.vhd
# Compile Entity "uzd1_tb"
# Compile Architecture "TB_ARCHITECTURE" of Entity "uzd1_tb"
# Compile Configuration "TESTBENCH_FOR_uzd1"
# Compile success 0 Errors 0 Warnings  Analysis time :  62.0 [ms]
SetActiveLib -work
comp -include "C:\Users\Gustas\Documents\KTU\Logika\impl1\uzd1.vhd" 
# Warning: DAGGEN_0523: The source is compiled without the -dbg switch. Line breakpoints and assertion debug will not be available.
# File: C:\Users\Gustas\Documents\KTU\Logika\a\..\impl1\uzd1.vhd
# Compile Entity "UZD1"
# Compile Architecture "SCHEMATIC" of Entity "UZD1"
# Compile success 0 Errors 0 Warnings  Analysis time :  78.0 [ms]
comp -include "$dsn\src\TestBench\uzd1_TB.vhd" 
# Warning: DAGGEN_0523: The source is compiled without the -dbg switch. Line breakpoints and assertion debug will not be available.
# File: C:\Users\Gustas\Documents\KTU\Logika\a\src\TestBench\uzd1_TB.vhd
# Compile Entity "uzd1_tb"
# Compile Architecture "TB_ARCHITECTURE" of Entity "uzd1_tb"
# Compile Configuration "TESTBENCH_FOR_uzd1"
# Compile success 0 Errors 0 Warnings  Analysis time :  62.0 [ms]
asim +access +r TESTBENCH_FOR_uzd1 
# ELBREAD: Elaboration process.
# ELBREAD: Elaboration time 0.0 [s].
# VSIM: Stack memory: 32MB
# VSIM: Retval memory: 32MB
# 
# KERNEL: Main thread initiated.
# KERNEL: Kernel process initialization phase.
# KERNEL: Time resolution set to 1ps.
# ELAB2: Elaboration final pass...
# ELAB2: Create instances ...
# ELAB2: Create instances complete.
# SLP: Started
# SLP: Elaboration phase ...
# SLP: Elaboration phase ... skipped, nothing to simulate in SLP mode : 0.0 [s]
# SLP: Finished : 0.0 [s]
# ELAB2: Elaboration final pass complete - time: 0.0 [s].
# KERNEL: Warning: You are using the Active-HDL Lattice Edition. The performance of simulation is running at a reduced rate.
# KERNEL: Warning: Contact Aldec for available upgrade options - sales@aldec.com.
# KERNEL: Kernel process initialization done.
# Allocation: Simulator allocated 7246 kB (elbread=1280 elab2=5816 kernel=149 sdf=0)
# KERNEL: ASDB file was created in location C:\Users\Gustas\Documents\KTU\Logika\a\src\wave.asdb
#  10:17, Thursday, March 28, 2019
#  Simulation has been initialized
# Waveform file 'untitled.awc' connected to 'C:/Users/Gustas/Documents/KTU/Logika/a/src/wave.asdb'.
# Waveform file 'untitled.awc' connected to 'C:/Users/Gustas/Documents/KTU/Logika/a/src/wave.asdb'.
# Waveform file 'untitled.awc' connected to 'C:/Users/Gustas/Documents/KTU/Logika/a/src/wave.asdb'.
wave 
wave -noreg x2
wave -noreg x3
wave -noreg x4
wave -noreg x1
wave -noreg Reset
wave -noreg Statinis
# # The following lines can be used for timing simulation
# # acom <backannotated_vhdl_file_name>
# # comp -include "$dsn\src\TestBench\uzd1_TB_tim_cfg.vhd" 
# # asim +access +r TIMING_FOR_uzd1 
# 6 signal(s) traced.
# Waveform file 'untitled.awc' connected to 'C:/Users/Gustas/Documents/KTU/Logika/a/src/wave.asdb'.
run
endsim
# KERNEL: stopped at time: 9176310 ns
# VSIM: Simulation has finished.
# Design: Design a already active.
# 
# Design: Design a already active.
# 
# Design: Design a already active.
# 
# Design: Design a already active.
# 
# Design: Design a already active.
# 
# Design: Design a already active.
# 
# Design: Design a already active.
# 
# Design: Design a already active.
# 
# Design: Design a already active.
# 
# Design: Design a already active.
# 
# Design: Design a already active.
# 
# Design: Design a already active.
# 
# Design: Design a already active.
# 
# Design: Design a already active.
# 
# Design: Design a already active.
# 
# Design: Design a already active.
# 
# Design: Design a already active.
# 
# Design: Design a already active.
# 
# Design: Design a already active.
# 
# Design: Design a already active.
# 
# Design: Design a already active.
# 
# Design: Design a already active.
# 
# Design: Design a already active.
# 
# Design: Design a already active.
# 
# Design: Design a already active.
# 
# Design: Design a already active.
# 
# Design: Design a already active.
# 
# Design: Design a already active.
# 
# Design: Design a already active.
# 
# Design: Design a already active.
# 
# Design: Design a already active.
# 
# Design: Design a already active.
# 
# Design: Design a already active.
# 
# Design: Design a already active.
# 
# Design: Design a already active.
# 
# Design: Design a already active.
# 
# Design: Design a already active.
# 
# Design: Design a already active.
# 
# ELBREAD: Elaboration process.
# ELBREAD: Elaboration time 0.0 [s].
# Warning: WAVEFORM: Object matching /uzd1_tb/UUT/S not found in C:/Users/Gustas/Documents/KTU/Logika/a/src/wave.asdb.
# Warning: WAVEFORM: Object matching /uzd1_tb/UUT/S not found in C:/Users/Gustas/Documents/KTU/Logika/a/src/wave.asdb.
SetActiveLib -work
comp -include "C:\Users\Gustas\Documents\KTU\Logika\impl1\uzd1.vhd" 
# Warning: DAGGEN_0523: The source is compiled without the -dbg switch. Line breakpoints and assertion debug will not be available.
# File: C:\Users\Gustas\Documents\KTU\Logika\a\..\impl1\uzd1.vhd
# Compile Entity "UZD1"
# Compile Architecture "SCHEMATIC" of Entity "UZD1"
# Compile success 0 Errors 0 Warnings  Analysis time :  0.2 [s]
comp -include "$dsn\src\TestBench\uzd1_TB.vhd" 
# Warning: DAGGEN_0523: The source is compiled without the -dbg switch. Line breakpoints and assertion debug will not be available.
# File: C:\Users\Gustas\Documents\KTU\Logika\a\src\TestBench\uzd1_TB.vhd
# Compile Entity "uzd1_tb"
# Compile Architecture "TB_ARCHITECTURE" of Entity "uzd1_tb"
# Compile Configuration "TESTBENCH_FOR_uzd1"
# Compile success 0 Errors 0 Warnings  Analysis time :  78.0 [ms]
asim +access +r TESTBENCH_FOR_uzd1 
# ELBREAD: Elaboration process.
# ELBREAD: Elaboration time 0.0 [s].
# VSIM: Stack memory: 32MB
# VSIM: Retval memory: 32MB
# 
# KERNEL: Main thread initiated.
# KERNEL: Kernel process initialization phase.
# KERNEL: Time resolution set to 1ps.
# ELAB2: Elaboration final pass...
# ELAB2: Create instances ...
# ELAB2: Create instances complete.
# SLP: Started
# SLP: Elaboration phase ...
# SLP: Elaboration phase ... skipped, nothing to simulate in SLP mode : 0.0 [s]
# SLP: Finished : 0.0 [s]
# ELAB2: Elaboration final pass complete - time: 0.0 [s].
# KERNEL: Warning: You are using the Active-HDL Lattice Edition. The performance of simulation is running at a reduced rate.
# KERNEL: Warning: Contact Aldec for available upgrade options - sales@aldec.com.
# KERNEL: Kernel process initialization done.
# Allocation: Simulator allocated 7246 kB (elbread=1280 elab2=5816 kernel=149 sdf=0)
# KERNEL: ASDB file was created in location C:\Users\Gustas\Documents\KTU\Logika\a\src\wave.asdb
#  10:20, Thursday, March 28, 2019
#  Simulation has been initialized
# Waveform file 'untitled.awc' connected to 'C:/Users/Gustas/Documents/KTU/Logika/a/src/wave.asdb'.
# Waveform file 'untitled.awc' connected to 'C:/Users/Gustas/Documents/KTU/Logika/a/src/wave.asdb'.
# Waveform file 'untitled.awc' connected to 'C:/Users/Gustas/Documents/KTU/Logika/a/src/wave.asdb'.
# Waveform file 'untitled.awc' connected to 'C:/Users/Gustas/Documents/KTU/Logika/a/src/wave.asdb'.
wave 
wave -noreg x2
wave -noreg x3
wave -noreg x4
wave -noreg x1
wave -noreg Reset
wave -noreg Statinis
# # The following lines can be used for timing simulation
# # acom <backannotated_vhdl_file_name>
# # comp -include "$dsn\src\TestBench\uzd1_TB_tim_cfg.vhd" 
# # asim +access +r TIMING_FOR_uzd1 
# 6 signal(s) traced.
# Waveform file 'untitled.awc' connected to 'C:/Users/Gustas/Documents/KTU/Logika/a/src/wave.asdb'.
# 1 signal(s) traced.
# 1 signal(s) traced.
run
endsim
# KERNEL: stopped at time: 12605035 ns
# VSIM: Simulation has finished.
acom -O3 -e 100 -work work -2002  $dsn/../impl1/uzd1.vhd $dsn/src/TestBench/uzd1_TB.vhd
# Warning: DAGGEN_0523: The source is compiled without the -dbg switch. Line breakpoints and assertion debug will not be available.
# File: C:\Users\Gustas\Documents\KTU\Logika\a\..\impl1\uzd1.vhd
# Compile Entity "UZD1"
# Compile Architecture "SCHEMATIC" of Entity "UZD1"
# File: C:\Users\Gustas\Documents\KTU\Logika\a\src\TestBench\uzd1_TB.vhd
# Compile Entity "uzd1_tb"
# Compile Architecture "TB_ARCHITECTURE" of Entity "uzd1_tb"
# Compile Configuration "TESTBENCH_FOR_uzd1"
# Compile success 0 Errors 0 Warnings  Analysis time :  0.1 [s]
SetActiveLib -work
comp -include "C:\Users\Gustas\Documents\KTU\Logika\impl1\uzd1.vhd" 
# Warning: DAGGEN_0523: The source is compiled without the -dbg switch. Line breakpoints and assertion debug will not be available.
# File: C:\Users\Gustas\Documents\KTU\Logika\a\..\impl1\uzd1.vhd
# Compile Entity "UZD1"
# Compile Architecture "SCHEMATIC" of Entity "UZD1"
# Compile success 0 Errors 0 Warnings  Analysis time :  62.0 [ms]
comp -include "$dsn\src\TestBench\uzd1_TB.vhd" 
# Warning: DAGGEN_0523: The source is compiled without the -dbg switch. Line breakpoints and assertion debug will not be available.
# File: C:\Users\Gustas\Documents\KTU\Logika\a\src\TestBench\uzd1_TB.vhd
# Compile Entity "uzd1_tb"
# Compile Architecture "TB_ARCHITECTURE" of Entity "uzd1_tb"
# Compile Configuration "TESTBENCH_FOR_uzd1"
# Compile success 0 Errors 0 Warnings  Analysis time :  78.0 [ms]
asim +access +r TESTBENCH_FOR_uzd1 
# ELBREAD: Elaboration process.
# ELBREAD: Elaboration time 0.0 [s].
# VSIM: Stack memory: 32MB
# VSIM: Retval memory: 32MB
# 
# KERNEL: Main thread initiated.
# KERNEL: Kernel process initialization phase.
# KERNEL: Time resolution set to 1ps.
# ELAB2: Elaboration final pass...
# ELAB2: Create instances ...
# ELAB2: Create instances complete.
# SLP: Started
# SLP: Elaboration phase ...
# SLP: Elaboration phase ... skipped, nothing to simulate in SLP mode : 0.0 [s]
# SLP: Finished : 0.0 [s]
# ELAB2: Elaboration final pass complete - time: 0.0 [s].
# KERNEL: Warning: You are using the Active-HDL Lattice Edition. The performance of simulation is running at a reduced rate.
# KERNEL: Warning: Contact Aldec for available upgrade options - sales@aldec.com.
# KERNEL: Kernel process initialization done.
# Allocation: Simulator allocated 7246 kB (elbread=1280 elab2=5816 kernel=149 sdf=0)
# KERNEL: ASDB file was created in location C:\Users\Gustas\Documents\KTU\Logika\a\src\wave.asdb
#  10:23, Thursday, March 28, 2019
#  Simulation has been initialized
# Waveform file 'untitled.awc' connected to 'C:/Users/Gustas/Documents/KTU/Logika/a/src/wave.asdb'.
# Waveform file 'untitled.awc' connected to 'C:/Users/Gustas/Documents/KTU/Logika/a/src/wave.asdb'.
# Waveform file 'untitled.awc' connected to 'C:/Users/Gustas/Documents/KTU/Logika/a/src/wave.asdb'.
# Waveform file 'untitled.awc' connected to 'C:/Users/Gustas/Documents/KTU/Logika/a/src/wave.asdb'.
# Waveform file 'untitled.awc' connected to 'C:/Users/Gustas/Documents/KTU/Logika/a/src/wave.asdb'.
wave 
wave -noreg x2
wave -noreg x3
wave -noreg x4
wave -noreg x1
wave -noreg Reset
wave -noreg Statinis
# # The following lines can be used for timing simulation
# # acom <backannotated_vhdl_file_name>
# # comp -include "$dsn\src\TestBench\uzd1_TB_tim_cfg.vhd" 
# # asim +access +r TIMING_FOR_uzd1 
# 6 signal(s) traced.
# Waveform file 'untitled.awc' connected to 'C:/Users/Gustas/Documents/KTU/Logika/a/src/wave.asdb'.
# 1 signal(s) traced.
# 1 signal(s) traced.
run
endsim
# KERNEL: stopped at time: 17198630 ns
# VSIM: Simulation has finished.
acom -O3 -e 100 -work work -2002  $dsn/src/TestBench/uzd1_TB.vhd
# Warning: DAGGEN_0523: The source is compiled without the -dbg switch. Line breakpoints and assertion debug will not be available.
# File: C:\Users\Gustas\Documents\KTU\Logika\a\src\TestBench\uzd1_TB.vhd
# Compile Entity "uzd1_tb"
# Compile Architecture "TB_ARCHITECTURE" of Entity "uzd1_tb"
# Compile Configuration "TESTBENCH_FOR_uzd1"
# Compile success 0 Errors 0 Warnings  Analysis time :  78.0 [ms]
SetActiveLib -work
comp -include "C:\Users\Gustas\Documents\KTU\Logika\impl1\uzd1.vhd" 
# Warning: DAGGEN_0523: The source is compiled without the -dbg switch. Line breakpoints and assertion debug will not be available.
# File: C:\Users\Gustas\Documents\KTU\Logika\a\..\impl1\uzd1.vhd
# Compile Entity "UZD1"
# Compile Architecture "SCHEMATIC" of Entity "UZD1"
# Compile success 0 Errors 0 Warnings  Analysis time :  63.0 [ms]
comp -include "$dsn\src\TestBench\uzd1_TB.vhd" 
# Warning: DAGGEN_0523: The source is compiled without the -dbg switch. Line breakpoints and assertion debug will not be available.
# File: C:\Users\Gustas\Documents\KTU\Logika\a\src\TestBench\uzd1_TB.vhd
# Compile Entity "uzd1_tb"
# Compile Architecture "TB_ARCHITECTURE" of Entity "uzd1_tb"
# Compile Configuration "TESTBENCH_FOR_uzd1"
# Compile success 0 Errors 0 Warnings  Analysis time :  94.0 [ms]
asim +access +r TESTBENCH_FOR_uzd1 
# ELBREAD: Elaboration process.
# ELBREAD: Elaboration time 0.0 [s].
# VSIM: Stack memory: 32MB
# VSIM: Retval memory: 32MB
# 
# KERNEL: Main thread initiated.
# KERNEL: Kernel process initialization phase.
# KERNEL: Time resolution set to 1ps.
# ELAB2: Elaboration final pass...
# ELAB2: Create instances ...
# ELAB2: Create instances complete.
# SLP: Started
# SLP: Elaboration phase ...
# SLP: Elaboration phase ... skipped, nothing to simulate in SLP mode : 0.0 [s]
# SLP: Finished : 0.0 [s]
# ELAB2: Elaboration final pass complete - time: 0.0 [s].
# KERNEL: Warning: You are using the Active-HDL Lattice Edition. The performance of simulation is running at a reduced rate.
# KERNEL: Warning: Contact Aldec for available upgrade options - sales@aldec.com.
# KERNEL: Kernel process initialization done.
# Allocation: Simulator allocated 7246 kB (elbread=1280 elab2=5816 kernel=149 sdf=0)
# KERNEL: ASDB file was created in location C:\Users\Gustas\Documents\KTU\Logika\a\src\wave.asdb
#  10:26, Thursday, March 28, 2019
#  Simulation has been initialized
# Waveform file 'untitled.awc' connected to 'C:/Users/Gustas/Documents/KTU/Logika/a/src/wave.asdb'.
# Waveform file 'untitled.awc' connected to 'C:/Users/Gustas/Documents/KTU/Logika/a/src/wave.asdb'.
# Waveform file 'untitled.awc' connected to 'C:/Users/Gustas/Documents/KTU/Logika/a/src/wave.asdb'.
# Waveform file 'untitled.awc' connected to 'C:/Users/Gustas/Documents/KTU/Logika/a/src/wave.asdb'.
# Waveform file 'untitled.awc' connected to 'C:/Users/Gustas/Documents/KTU/Logika/a/src/wave.asdb'.
# Waveform file 'untitled.awc' connected to 'C:/Users/Gustas/Documents/KTU/Logika/a/src/wave.asdb'.
wave 
wave -noreg x2
wave -noreg x3
wave -noreg x4
wave -noreg x1
wave -noreg Reset
wave -noreg Statinis
# # The following lines can be used for timing simulation
# # acom <backannotated_vhdl_file_name>
# # comp -include "$dsn\src\TestBench\uzd1_TB_tim_cfg.vhd" 
# # asim +access +r TIMING_FOR_uzd1 
# 6 signal(s) traced.
# Waveform file 'untitled.awc' connected to 'C:/Users/Gustas/Documents/KTU/Logika/a/src/wave.asdb'.
# 1 signal(s) traced.
# 1 signal(s) traced.
run
# EXECUTION:: FAILURE:  Pabaiga 
# EXECUTION:: Time: 95 ns,  Iteration: 0,  Instance: /uzd1_tb,  Process: RS_proc.
# KERNEL: Stopped at time 95 ns + 0.
acom -O3 -e 100 -work work -2002  $dsn/src/TestBench/uzd1_TB.vhd
# Warning: DAGGEN_0523: The source is compiled without the -dbg switch. Line breakpoints and assertion debug will not be available.
# File: C:\Users\Gustas\Documents\KTU\Logika\a\src\TestBench\uzd1_TB.vhd
# Compile Entity "uzd1_tb"
# Compile Architecture "TB_ARCHITECTURE" of Entity "uzd1_tb"
# Compile Configuration "TESTBENCH_FOR_uzd1"
# Compile success 0 Errors 0 Warnings  Analysis time :  0.1 [s]
SetActiveLib -work
comp -include "C:\Users\Gustas\Documents\KTU\Logika\impl1\uzd1.vhd" 
# Warning: DAGGEN_0523: The source is compiled without the -dbg switch. Line breakpoints and assertion debug will not be available.
# File: C:\Users\Gustas\Documents\KTU\Logika\a\..\impl1\uzd1.vhd
# Compile Entity "UZD1"
# Compile Architecture "SCHEMATIC" of Entity "UZD1"
# Compile success 0 Errors 0 Warnings  Analysis time :  62.0 [ms]
comp -include "$dsn\src\TestBench\uzd1_TB.vhd" 
# Warning: DAGGEN_0523: The source is compiled without the -dbg switch. Line breakpoints and assertion debug will not be available.
# File: C:\Users\Gustas\Documents\KTU\Logika\a\src\TestBench\uzd1_TB.vhd
# Compile Entity "uzd1_tb"
# Compile Architecture "TB_ARCHITECTURE" of Entity "uzd1_tb"
# Compile Configuration "TESTBENCH_FOR_uzd1"
# Compile success 0 Errors 0 Warnings  Analysis time :  78.0 [ms]
asim +access +r TESTBENCH_FOR_uzd1 
# VSIM: Simulation has finished.
# ELBREAD: Elaboration process.
# ELBREAD: Elaboration time 0.0 [s].
# VSIM: Stack memory: 32MB
# VSIM: Retval memory: 32MB
# 
# KERNEL: Main thread initiated.
# KERNEL: Kernel process initialization phase.
# KERNEL: Time resolution set to 1ps.
# ELAB2: Elaboration final pass...
# ELAB2: Create instances ...
# ELAB2: Create instances complete.
# SLP: Started
# SLP: Elaboration phase ...
# SLP: Elaboration phase ... skipped, nothing to simulate in SLP mode : 0.0 [s]
# SLP: Finished : 0.0 [s]
# ELAB2: Elaboration final pass complete - time: 0.0 [s].
# KERNEL: Warning: You are using the Active-HDL Lattice Edition. The performance of simulation is running at a reduced rate.
# KERNEL: Warning: Contact Aldec for available upgrade options - sales@aldec.com.
# KERNEL: Kernel process initialization done.
# Allocation: Simulator allocated 7246 kB (elbread=1280 elab2=5816 kernel=149 sdf=0)
# KERNEL: ASDB file was created in location C:\Users\Gustas\Documents\KTU\Logika\a\src\wave.asdb
#  10:27, Thursday, March 28, 2019
#  Simulation has been initialized
# Waveform file 'untitled.awc' connected to 'C:/Users/Gustas/Documents/KTU/Logika/a/src/wave.asdb'.
# Waveform file 'untitled.awc' connected to 'C:/Users/Gustas/Documents/KTU/Logika/a/src/wave.asdb'.
# Waveform file 'untitled.awc' connected to 'C:/Users/Gustas/Documents/KTU/Logika/a/src/wave.asdb'.
# Waveform file 'untitled.awc' connected to 'C:/Users/Gustas/Documents/KTU/Logika/a/src/wave.asdb'.
# Waveform file 'untitled.awc' connected to 'C:/Users/Gustas/Documents/KTU/Logika/a/src/wave.asdb'.
# Waveform file 'untitled.awc' connected to 'C:/Users/Gustas/Documents/KTU/Logika/a/src/wave.asdb'.
# Waveform file 'untitled.awc' connected to 'C:/Users/Gustas/Documents/KTU/Logika/a/src/wave.asdb'.
wave 
wave -noreg x2
wave -noreg x3
wave -noreg x4
wave -noreg x1
wave -noreg Reset
wave -noreg Statinis
# # The following lines can be used for timing simulation
# # acom <backannotated_vhdl_file_name>
# # comp -include "$dsn\src\TestBench\uzd1_TB_tim_cfg.vhd" 
# # asim +access +r TIMING_FOR_uzd1 
# 6 signal(s) traced.
# Waveform file 'untitled.awc' connected to 'C:/Users/Gustas/Documents/KTU/Logika/a/src/wave.asdb'.
# 1 signal(s) traced.
# 1 signal(s) traced.
run
# EXECUTION:: FAILURE:  Pabaiga 
# EXECUTION:: Time: 95 ns,  Iteration: 0,  Instance: /uzd1_tb,  Process: RS_proc.
# KERNEL: Stopped at time 95 ns + 0.
