10 1 1
10 1 1
10 1 1
13 5 1280 240 Statinis
13 8 1280 240 2
17 0 5
17 0 6
17 0 xor2 336 128 0
17 0 or2 496 144 0
13 0 464 192 496 192
13 0 496 192 480 192
13 2 480 192 496 192
13 2 304 176 320 176
13 2 464 192 480 192
13 2 208 208 320 208
17 0 6
17 0 xor2 352 128 0
17 0 xor2 336 128 0
17 0 6
17 0 xor2 336 128 0
13 0 208 208 320 208
13 0 464 192 480 192
13 0 304 176 320 176
17 0 5
17 0 6
13 2 464 192 480 192
17 0 3
17 0 xor2 336 128 0
17 0 or2 480 144 0
17 0 or2 480 144 0
17 0 or2 480 144 0
17 0 or2 496 144 0
13 0 480 192 496 192
13 0 496 224 480 224
13 0 320 320 480 320
13 2 320 320 480 320
13 2 160 320 320 320
17 0 inv 320 272 0
13 0 416 320 480 320
13 0 320 320 160 320
17 0 4
17 0 or2 320 384 0
17 0 xnor2 496 368 0
17 0 11
13 2 640 432 720 432
17 0 xnor2 496 368 0
13 0 464 448 480 448
13 0 656 432 720 432
13 2 160 320 320 320
13 2 416 320 480 320
17 0 5
17 0 inv 208 272 0
13 0 160 320 208 320
17 0 5
17 0 inv 320 272 0
13 0 416 320 480 320
13 0 160 320 320 320
13 2 160 320 320 320
13 2 416 320 480 320
17 0 5
17 0 inv 208 272 0
13 0 160 320 208 320
17 0 5
17 0 inv 320 272 0
13 0 416 320 480 320
13 0 160 320 320 320
13 0 240 320 320 320
13 2 240 320 320 320
13 2 160 320 240 320
13 2 416 320 480 320
17 0 5
17 0 inv 208 272 0
13 0 304 320 480 320
13 2 304 320 480 320
13 2 208 208 208 320
13 2 208 320 208 464
17 0 5
17 0 inv 272 288 0
13 0 368 336 368 320
13 0 368 320 480 320
13 0 272 304 272 336
13 0 272 304 208 304
13 0 208 208 208 304
13 0 272 336 272 368
13 0 272 368 208 368
13 0 208 368 208 464
13 2 208 368 208 464
13 2 208 368 272 368
13 2 272 336 272 368
13 2 208 208 208 304
13 2 208 304 272 304
13 2 272 304 272 336
13 2 368 320 480 320
13 2 368 320 368 336
17 0 5
17 0 inv 208 272 0
13 0 208 320 208 464
13 0 208 208 208 320
13 0 304 320 480 320
13 2 304 320 480 320
17 0 5
17 0 inv 320 272 0
13 0 416 320 480 320
13 0 160 320 240 320
13 0 240 320 320 320
13 2 640 208 720 208
13 2 720 208 800 208
13 7 720 208
13 0 640 208 768 208
13 0 768 208 800 208
13 5 768 208 S
13 8 720 208 0
13 8 768 208 0
13 2 656 432 720 432
13 2 720 432 800 432
13 7 720 432
13 0 752 432 768 432
13 0 656 432 752 432
13 0 768 432 800 432
13 5 768 432 R
13 8 720 432 0
13 8 768 432 0
13 5 768 320 C
13 5 768 320 C
13 5 768 320 C
13 5 768 320 C
13 5 768 320 C
13 5 752 304 C
13 5 768 320 C
13 5 768 320 C
13 5 768 320 C
13 5 768 320 C
13 5 752 320 C
13 5 704 320 C
13 5 704 320 C
13 5 688 208 C
13 5 688 320 C
13 7 752 304
13 5 752 320 C
13 5 752 304 C
13 8 752 304 0
13 7 752 304
13 5 752 304 C
13 8 752 304 0
13 8 752 304 0
13 0 752 320 800 320
13 2 752 320 800 320
13 2 560 320 752 320
13 7 752 304
13 5 768 304 C
13 8 752 304 0
13 8 768 304 0
13 7 768 304
13 5 768 320 C
13 8 768 304 0
13 8 768 320 0
13 0 768 320 800 320
13 0 768 320 560 320
13 0 560 320 768 320
13 2 768 320 800 320
13 0 800 320 560 320
13 0 560 320 768 320
13 0 768 320 560 320
13 0 768 320 560 320
13 0 560 320 768 320
13 0 800 320 768 320
13 7 768 320
13 8 768 320 0
13 0 768 320 560 320
13 5 800 288 C
13 5 752 320 C
13 5 736 320 C
13 5 736 320 C
13 5 656 320 C
13 5 560 320 C
13 7 560 320
13 8 560 320 0
13 7 560 320
13 5 560 320 x1
13 0 768 320 560 320
13 2 560 320 768 320
13 0 560 320 768 320
13 8 544 320 1
13 8 560 320 1
13 5 288 432 C
13 5 288 432 C
13 5 480 448 C
13 7 480 448
13 7 560 320
13 8 560 320 0
13 8 560 320 0
13 5 560 320 C
13 8 560 320 1
17 0 xnor2 400 672 0
17 0 xnor2 432 672 0
17 0 xnor2 512 672 0
17 0 xnor2 592 720 0
17 0 xnor2 672 688 0
17 0 15
17 0 14
17 0 13
17 0 12
13 0 672 208 672 1040
13 0 704 320 704 1040
13 0 736 432 736 1040
13 5 784 320 z
13 5 768 320 z
13 5 768 320 z
13 5 768 320 z
13 5 768 320 z
13 5 752 320 z
13 5 752 320 z
13 5 800 304 z
13 5 784 320 z
13 5 736 320 z
13 5 736 320 z
13 0 640 560 640 1040
13 2 640 560 640 1040
17 0 nd2 1760 976 0
17 0 nd3 1760 1120 0
17 0 nd2 1600 960 0
13 0 1744 944 1744 1024
13 0 1760 1024 1744 1024
13 0 1744 1024 1744 1120
13 2 1744 1024 1744 1120
13 2 1744 1024 1760 1024
13 2 1744 944 1744 1024
17 0 nd2 1600 832 0
17 0 nd2 1600 1136 0
17 0 nd2 1600 1280 0
17 0 17
17 0 nd2 1600 1296 0
17 0 inv 1440 832 0
17 0 inv 1440 1328 0
13 0 1536 880 1600 880
13 0 1760 1056 1760 1104
13 0 1760 1104 1936 1104
13 0 1936 1104 1936 1200
13 0 1936 1200 1904 1200
13 0 1904 1040 1920 1040
13 0 1920 1040 1920 1136
13 0 1920 1136 1760 1136
13 0 1760 1136 1760 1168
13 0 1760 1200 1744 1200
13 2 1536 880 1600 880
13 2 1744 1200 1760 1200
17 0 19
17 0 18
17 0 17
17 0 16
17 0 15
17 0 14
17 0 inv 1424 1328 0
17 0 inv 1424 832 0
17 0 nd2 1584 1296 0
17 0 nd2 1584 1136 0
17 0 nd2 1584 832 0
17 0 nd2 1584 960 0
13 0 1520 880 1584 880
13 0 1728 1200 1760 1200
17 0 14
17 0 inv 1440 1328 0
13 2 1520 880 1584 880
17 0 15
17 0 inv 1440 832 0
13 0 1536 880 1584 880
13 2 1536 880 1584 880
17 0 15
17 0 inv 1440 832 0
13 0 1536 880 1584 880
13 0 1584 1008 1584 976
13 0 1584 976 1744 976
13 0 1744 976 1744 896
13 0 1744 896 1728 896
13 0 1584 912 1616 912
13 2 1584 912 1616 912
13 0 1616 912 1584 912
13 2 1584 912 1616 912
13 0 1584 912 1584 944
13 0 1584 944 1728 944
13 0 1728 944 1728 1024
13 0 1728 1024 1760 1024
13 0 1728 1024 1600 1024
13 2 1600 1024 1728 1024
13 2 1728 1024 1760 1024
13 2 1584 976 1584 1008
13 2 1728 944 1728 1024
17 0 19
17 0 nd2 1584 976 0
13 0 1728 1040 1728 1024
13 0 1728 1024 1760 1024
13 0 1584 1008 1584 1024
13 0 1584 976 1584 1008
13 0 1728 1008 1728 1040
13 0 1728 992 1728 1008
13 0 1728 944 1728 992
13 0 1728 944 1728 992
13 2 1728 944 1728 992
13 0 1728 992 1728 1008
13 2 1728 992 1728 1008
13 2 1728 1008 1728 1024
13 0 1584 976 1584 1008
13 2 1584 976 1584 1008
13 2 1584 1008 1584 1024
13 2 1728 1024 1760 1024
13 2 1728 1024 1728 1040
17 0 19
17 0 nd2 1584 960 0
13 0 1728 944 1728 1024
13 0 1584 976 1584 1008
13 0 1728 1024 1760 1024
13 2 1584 976 1744 976
13 0 1584 976 1728 976
13 2 1584 976 1728 976
13 0 1744 976 1584 976
13 0 1728 960 1728 944
13 2 1728 944 1728 960
13 2 1728 960 1728 1024
13 0 1744 960 1744 1024
13 0 1744 1024 1728 1024
13 0 1744 960 1744 944
13 0 1744 944 1728 944
13 0 1744 912 1744 896
13 2 1744 896 1744 912
13 2 1744 912 1744 944
13 0 1728 912 1728 944
13 0 1728 944 1744 944
13 0 1728 912 1728 896
13 0 1728 896 1744 896
13 0 1728 912 1728 896
13 2 1728 896 1728 912
13 2 1728 912 1728 944
13 0 1744 912 1744 944
13 0 1744 896 1744 912
13 0 1744 944 1728 944
13 2 1728 944 1744 944
13 2 1744 976 1744 1024
13 0 1728 960 1728 1024
13 0 1728 944 1728 960
13 0 1728 960 1728 944
13 2 1728 944 1728 960
13 2 1728 960 1728 1024
13 0 1760 960 1760 1024
13 0 1760 1024 1728 1024
13 0 1760 960 1760 944
13 0 1760 944 1728 944
13 0 1744 912 1744 896
13 2 1744 896 1744 912
13 2 1744 912 1744 976
13 0 1728 912 1728 976
13 0 1728 976 1744 976
13 0 1728 912 1728 896
13 0 1728 896 1744 896
13 2 1728 976 1744 976
13 2 1728 896 1744 896
13 0 1760 976 1760 944
13 2 1760 944 1760 976
13 2 1760 976 1760 1024
13 0 1744 976 1744 1024
13 0 1744 1024 1760 1024
13 0 1744 976 1744 944
13 0 1744 944 1760 944
13 2 1744 944 1760 944
13 0 1536 1376 1584 1376
17 0 nd3 1440 1120 0
17 0 nd3 1440 944 0
17 0 19
17 0 17
17 0 21
17 0 nd3 1584 944 0
13 2 1584 992 1584 1008
17 0 20
17 0 nd3 1584 1120 0
13 0 1584 1024 1520 1024
13 0 1520 1024 1520 1200
13 0 1520 1200 1584 1200
13 0 1520 1120 1440 1120
13 0 1584 1344 1584 1264
13 0 1584 1264 1728 1264
13 0 1728 1264 1728 1200
13 0 1632 1264 1728 1264
13 2 1632 1264 1728 1264
13 2 1584 1264 1632 1264
13 0 1632 1296 1584 1296
13 0 1584 1296 1584 1264
13 0 1632 1296 1728 1296
13 0 1728 1296 1728 1264
13 2 1584 1264 1584 1296
13 0 1584 1232 1584 1264
13 0 1584 1264 1744 1264
13 0 1744 1264 1744 1360
13 0 1744 1360 1728 1360
13 0 1728 928 1728 896
13 2 1728 896 1728 928
13 2 1728 928 1728 976
13 0 1744 976 1744 944
13 2 1744 944 1744 976
13 2 1744 976 1744 1024
13 2 1584 944 1744 944
13 0 1712 944 1584 944
13 2 1584 976 1728 976
13 0 1744 976 1584 976
13 2 1584 944 1712 944
13 0 1728 944 1584 944
13 0 1728 896 1728 976
13 0 1728 896 1728 944
13 0 1728 944 1728 976
13 0 1728 944 1744 944
13 0 1744 944 1744 976
13 0 1744 976 1744 944
13 2 1728 944 1744 944
13 2 1584 944 1728 944
13 0 1728 944 1728 896
13 2 1728 896 1728 944
13 2 1728 944 1728 976
13 2 1584 912 1584 944
13 2 1584 976 1744 976
13 0 1584 912 1584 944
13 0 1584 944 1728 944
13 0 1584 976 1728 976
13 0 1584 1056 1584 1072
13 0 1584 1072 1728 1072
13 0 1584 1168 1584 1152
13 0 1584 1152 1728 1152
13 2 1728 1024 1760 1024
13 2 1904 1040 1920 1040
13 2 1760 1104 1936 1104
13 2 1760 1136 1920 1136
13 2 1728 1200 1760 1200
13 2 1904 1200 1936 1200
13 2 1760 1056 1760 1104
13 2 1760 1136 1760 1168
13 2 1920 1040 1920 1136
13 2 1936 1104 1936 1200
17 0 13
17 0 12
17 0 nd3 1792 1120 0
17 0 nd2 1792 976 0
13 0 1728 1024 1792 1024
13 0 1936 1040 1952 1040
13 0 1792 1104 1968 1104
13 0 1792 1136 1952 1136
13 0 1776 1200 1792 1200
13 0 1728 1200 1776 1200
13 0 1936 1200 1968 1200
13 0 1792 1056 1792 1104
13 0 1792 1136 1792 1168
13 0 1952 1040 1952 1136
13 0 1968 1104 1968 1200
13 0 1728 944 1744 944
13 0 1744 944 1744 1024
13 0 1728 976 1728 896
13 0 1744 1024 1744 1152
13 0 1744 1152 1728 1152
13 0 1728 1072 1728 1200
13 0 1680 1264 1744 1264
13 2 1680 1264 1744 1264
13 2 1584 1264 1680 1264
13 0 1680 1248 1584 1248
13 0 1584 1248 1584 1264
13 0 1680 1248 1744 1248
13 0 1744 1248 1744 1264
13 0 1680 1296 1728 1296
13 2 1680 1296 1728 1296
13 2 1584 1296 1680 1296
13 0 1696 1312 1584 1312
13 0 1584 1312 1584 1296
13 0 1696 1312 1728 1312
13 0 1728 1312 1728 1296
13 2 1584 1248 1584 1264
13 2 1584 1296 1584 1312
13 0 1872 1104 1968 1104
13 2 1872 1104 1968 1104
13 2 1792 1104 1872 1104
13 0 1872 1088 1792 1088
13 0 1792 1088 1792 1104
13 0 1872 1088 1968 1088
13 0 1968 1088 1968 1104
13 0 1872 1136 1952 1136
13 2 1872 1136 1952 1136
13 2 1792 1136 1872 1136
13 0 1888 1152 1792 1152
13 0 1792 1152 1792 1136
13 0 1888 1152 1952 1152
13 0 1952 1152 1952 1136
13 2 1792 1088 1792 1104
13 2 1792 1136 1792 1152
13 0 1952 1040 2080 1040
13 2 1536 880 1584 880
13 2 1584 944 1744 944
13 2 1584 976 1728 976
13 2 1520 1024 1584 1024
13 2 1728 1024 1744 1024
13 2 1744 1024 1792 1024
13 2 1936 1040 1952 1040
13 2 1952 1040 2080 1040
13 2 1584 1072 1728 1072
13 2 1792 1088 1968 1088
13 2 1440 1120 1520 1120
13 2 1584 1152 1744 1152
13 2 1792 1152 1952 1152
13 2 1520 1200 1584 1200
13 2 1728 1200 1792 1200
13 2 1936 1200 1968 1200
13 2 1584 1248 1744 1248
13 2 1584 1312 1728 1312
13 2 1728 1360 1744 1360
13 2 1536 1376 1584 1376
13 0 1520 1024 1520 1120
13 2 1520 1024 1520 1120
13 2 1520 1120 1520 1200
13 2 1584 912 1584 944
13 2 1584 976 1584 992
13 2 1584 1056 1584 1072
13 2 1584 1152 1584 1168
13 2 1584 1232 1584 1248
13 2 1584 1312 1584 1344
13 2 1728 896 1728 976
13 2 1728 1072 1728 1200
13 2 1728 1200 1728 1312
13 0 1744 944 1744 1024
13 2 1744 944 1744 1024
13 2 1744 1024 1744 1152
13 2 1744 1248 1744 1360
13 2 1792 1056 1792 1088
13 2 1792 1152 1792 1168
13 2 1952 1040 1952 1152
13 2 1968 1088 1968 1200
17 0 21
17 0 20
17 0 14
17 0 15
17 0 16
17 0 18
17 0 12
17 0 13
17 0 nd3 944 784 0
17 0 nd3 944 960 0
17 0 inv 800 1168 0
17 0 inv 800 672 0
17 0 nd2 944 1136 0
17 0 nd2 944 672 0
17 0 nd3 1152 960 0
17 0 nd2 1152 816 0
13 0 896 720 944 720
13 0 944 784 1104 784
13 0 944 816 1088 816
13 0 880 864 944 864
13 0 1088 864 1104 864
13 0 1104 864 1152 864
13 0 1296 880 1312 880
13 0 1312 880 1440 880
13 0 944 912 1088 912
13 0 1152 928 1328 928
13 0 800 960 880 960
13 0 944 992 1104 992
13 0 1152 992 1312 992
13 0 880 1040 944 1040
13 0 1088 1040 1152 1040
13 0 1296 1040 1328 1040
13 0 944 1088 1104 1088
13 0 944 1152 1088 1152
13 0 1088 1200 1104 1200
13 0 896 1216 944 1216
13 0 880 864 880 960
13 0 880 960 880 1040
13 0 944 752 944 784
13 0 944 816 944 832
13 0 944 896 944 912
13 0 944 992 944 1008
13 0 944 1072 944 1088
13 0 944 1152 944 1184
13 0 1088 736 1088 816
13 0 1088 912 1088 1040
13 0 1088 1040 1088 1152
13 0 1104 784 1104 864
13 0 1104 864 1104 992
13 0 1104 1088 1104 1200
13 0 1152 896 1152 928
13 0 1152 992 1152 1008
13 0 1312 880 1312 992
13 0 1328 928 1328 1040
13 0 800 720 672 720
13 0 800 960 704 960
13 0 736 1040 736 1216
13 0 736 1216 800 1216
13 2 160 560 960 560
13 2 672 208 672 720
13 2 704 320 704 960
13 2 736 432 736 1216
13 2 960 432 960 560
13 7 160 560
13 8 160 560 0
13 0 160 528 960 528
13 0 672 496 672 560
13 0 672 208 672 496
13 0 672 496 672 560
13 0 672 560 672 720
13 0 704 496 704 560
13 0 704 480 704 496
13 0 704 320 704 480
13 0 704 496 704 560
13 0 704 576 704 560
13 0 704 576 704 960
13 0 736 496 736 560
13 0 736 464 736 496
13 0 736 432 736 464
13 0 736 496 736 560
13 0 736 592 736 560
13 0 736 592 736 1216
13 0 960 496 960 528
13 0 960 448 960 496
13 0 960 432 960 448
13 5 160 528 Reset
13 8 160 560 1
13 8 160 528 1
13 2 160 528 960 528
13 2 672 208 672 720
13 2 704 320 704 960
13 2 736 432 736 1216
13 2 960 432 960 528
13 7 160 528
13 8 160 528 0
13 0 160 512 960 512
13 0 672 480 672 528
13 0 672 208 672 480
13 0 672 480 672 528
13 0 672 528 672 720
13 0 704 480 704 528
13 0 704 464 704 480
13 0 704 320 704 464
13 0 704 480 704 528
13 0 704 544 704 528
13 0 704 544 704 960
13 0 736 480 736 528
13 0 736 448 736 480
13 0 736 432 736 448
13 0 736 480 736 528
13 0 736 560 736 528
13 0 736 560 736 1216
13 0 960 480 960 512
13 0 960 432 960 480
13 5 160 512 Reset
13 8 160 528 1
13 8 160 512 1
13 0 960 432 960 480
13 2 960 432 960 480
13 2 960 480 960 512
13 0 736 560 736 1216
13 2 736 560 736 1216
13 0 736 560 736 528
13 2 736 528 736 560
13 0 736 432 736 448
13 2 736 432 736 448
13 0 736 448 736 480
13 2 736 448 736 480
13 2 736 480 736 528
13 0 704 544 704 960
13 2 704 544 704 960
13 0 704 544 704 528
13 2 704 528 704 544
13 0 704 320 704 464
13 2 704 320 704 464
13 0 704 464 704 480
13 2 704 464 704 480
13 2 704 480 704 528
13 0 672 528 672 720
13 2 672 528 672 720
13 0 672 208 672 480
13 2 672 208 672 480
13 2 672 480 672 528
13 2 160 512 960 512
13 7 160 512
13 8 160 512 0
13 0 960 432 960 528
13 0 736 432 736 1216
13 0 704 320 704 960
13 0 672 208 672 720
13 0 160 528 960 528
13 5 160 528 Reset
13 8 160 512 1
13 8 160 528 1
13 8 160 528 1
13 0 1152 1072 1152 1280
13 0 1152 1280 768 1280
13 0 768 1280 768 528
13 0 672 1040 672 1280
13 0 704 1040 704 1280
13 0 736 1216 736 1280
13 2 672 208 768 208
13 2 768 208 800 208
13 7 768 208
13 0 768 208 784 208
13 0 672 208 768 208
13 0 784 208 800 208
13 5 784 208 S
13 8 768 208 0
13 8 784 208 0
13 2 784 208 800 208
13 0 672 208 768 208
13 2 672 208 768 208
13 2 768 208 784 208
13 7 784 208
13 0 768 208 800 208
13 0 672 208 768 208
13 5 768 208 S
13 8 784 208 0
13 8 768 208 0
13 8 768 208 0
13 2 672 208 768 208
13 2 768 208 800 208
13 7 768 208
13 0 672 208 768 208
13 0 768 208 800 208
13 5 768 208 S
13 8 768 208 0
13 8 768 208 0
13 0 752 208 768 208
13 2 752 208 768 208
13 0 768 208 784 208
13 2 768 208 784 208
13 7 768 208
13 8 768 208 0
13 0 752 208 784 208
13 5 640 208 S
13 5 656 208 S
13 5 656 432 R
13 5 656 432 R
13 0 752 432 768 432
13 2 752 432 768 432
13 0 768 432 784 432
13 2 768 432 784 432
13 7 768 432
13 8 768 432 0
13 0 752 432 784 432
13 5 656 432 R
13 5 656 432 R
13 5 656 432 R
13 5 656 432 R
13 5 656 432 R
13 5 656 432 R
13 0 752 432 784 432
13 2 752 432 784 432
13 0 768 432 784 432
13 0 752 432 768 432
13 5 768 432 R
13 8 768 432 0
13 7 656 208
13 0 752 208 784 208
13 2 752 208 784 208
13 0 768 208 784 208
13 0 752 208 768 208
13 5 768 208 S
13 8 768 208 0
13 5 1440 880 Dinaminis
13 8 1440 880 2
17 0 nd2 1024 1744 0
17 0 nd2 1024 1552 0
17 0 nd2 1184 1568 0
17 0 nd3 1184 1712 0
13 0 992 1600 1024 1600
13 0 1168 1616 1184 1616
13 0 1328 1632 1344 1632
13 0 1344 1632 1392 1632
13 0 1184 1696 1360 1696
13 0 992 1712 1024 1712
13 0 1184 1728 1344 1728
13 0 1168 1792 1184 1792
13 0 1328 1792 1360 1792
13 0 992 1824 1024 1824
13 0 992 1920 1184 1920
13 0 992 1920 992 1936
13 0 1024 1632 1024 1712
13 0 1024 1712 1024 1792
13 0 1168 1792 1168 1808
13 0 1184 1648 1184 1696
13 0 1184 1728 1184 1760
13 0 1184 1824 1184 1920
13 0 1344 1632 1344 1728
13 0 1360 1696 1360 1792
13 5 992 1600 S
13 5 992 1824 R
13 8 992 1600 0
13 8 992 1824 0
13 7 992 1600
13 8 992 1600 0
13 7 992 1824
13 8 992 1824 0
13 2 992 1920 992 1936
13 0 1264 1728 1344 1728
13 2 1264 1728 1344 1728
13 2 1184 1728 1264 1728
13 0 1264 1744 1184 1744
13 0 1184 1744 1184 1728
13 0 1264 1744 1344 1744
13 0 1344 1744 1344 1728
17 0 23
17 0 22
17 0 19
17 0 17
13 2 992 1600 1024 1600
13 2 1168 1616 1184 1616
13 2 1328 1632 1344 1632
13 2 1344 1632 1392 1632
13 2 1184 1696 1360 1696
13 2 992 1712 1024 1712
13 2 1184 1744 1344 1744
13 2 1168 1792 1184 1792
13 2 1328 1792 1360 1792
13 2 992 1824 1024 1824
13 2 992 1920 1184 1920
13 0 1024 1632 1024 1712
13 2 1024 1632 1024 1712
13 2 1024 1712 1024 1792
13 2 1168 1792 1168 1808
13 2 1184 1648 1184 1696
13 0 1184 1728 1184 1744
13 2 1184 1728 1184 1744
13 2 1184 1744 1184 1760
13 2 1184 1824 1184 1920
13 2 1344 1632 1344 1744
13 2 1360 1696 1360 1792
17 0 nd3 1120 1600 0
17 0 nd3 1120 1760 0
17 0 17
17 0 nd2 1120 1616 0
17 0 nd2 960 1600 0
17 0 nd2 960 1776 0
17 0 nd3 784 1776 0
17 0 nd2 784 1584 0
17 0 nd2 624 1568 0
17 0 nd2 608 1792 0
13 0 768 1632 784 1632
13 0 928 1648 960 1648
13 0 1104 1664 1120 1664
13 0 1120 1840 1104 1840
13 0 960 1856 928 1856
13 0 752 1856 784 1856
13 0 1120 1696 1120 1728
13 0 1120 1728 1264 1728
13 0 1264 1728 1264 1840
13 0 1120 1808 1120 1792
13 0 1120 1792 1280 1792
13 0 1280 1792 1280 1680
13 0 1280 1680 1264 1680
13 2 1264 1680 1280 1680
13 2 1280 1680 1280 1792
13 2 1120 1792 1280 1792
13 2 1120 1792 1120 1808
13 2 1264 1728 1264 1840
13 0 1120 1808 1120 1792
13 0 1120 1792 1280 1792
13 2 1120 1792 1280 1792
13 2 1120 1792 1120 1808
13 2 1120 1728 1264 1728
13 0 1120 1808 1120 1792
13 0 1120 1792 1264 1792
13 0 1264 1792 1264 1680
13 0 1120 1728 1280 1728
13 0 1280 1728 1280 1840
13 0 1280 1840 1264 1840
13 0 784 1664 784 1696
13 0 784 1696 928 1696
13 0 928 1696 928 1856
13 0 960 1680 960 1824
13 0 928 1776 928 1696
13 2 928 1696 928 1776
13 2 928 1776 928 1856
13 0 944 1776 944 1856
13 0 944 1856 928 1856
13 0 944 1776 944 1696
13 0 944 1696 928 1696
13 0 928 1648 928 1808
13 0 928 1808 784 1808
13 0 784 1808 784 1824
13 2 752 1856 784 1856
17 0 27
17 0 nd2 608 1792 0
13 0 752 1856 784 1856
13 2 752 1856 784 1856
17 0 27
17 0 nd2 624 1792 0
13 0 768 1856 784 1856
13 0 624 1648 624 1840
13 0 624 1616 480 1616
13 0 624 1872 480 1872
13 0 624 1744 480 1744
17 0 inv 624 1696 0
13 0 720 1744 960 1744
13 2 1104 1664 1120 1664
13 2 1120 1728 1280 1728
13 2 1120 1792 1264 1792
13 2 1104 1840 1120 1840
13 2 1264 1840 1280 1840
13 2 1120 1696 1120 1728
13 2 1120 1792 1120 1808
13 2 1264 1680 1264 1792
13 2 1280 1728 1280 1840
17 0 19
17 0 17
17 0 nd3 1104 1760 0
17 0 nd3 1120 1760 0
17 0 nd2 1120 1616 0
17 0 17
17 0 19
17 0 nd3 1120 1760 0
17 0 nd2 1120 1616 0
13 0 1280 1728 1280 1840
13 0 1264 1680 1264 1792
13 0 1120 1792 1120 1808
13 0 1120 1696 1120 1728
13 0 1264 1840 1280 1840
13 0 1104 1840 1120 1840
13 0 1120 1792 1264 1792
13 0 1120 1728 1280 1728
13 0 1104 1664 1120 1664
13 2 768 1632 784 1632
13 2 928 1648 960 1648
13 2 784 1696 944 1696
13 2 720 1744 960 1744
13 2 784 1808 928 1808
13 2 768 1856 784 1856
13 2 928 1856 944 1856
13 2 784 1664 784 1696
13 2 784 1808 784 1824
13 2 928 1648 928 1808
17 0 25
17 0 24
17 0 nd2 784 1584 0
17 0 nd3 784 1776 0
13 0 768 1632 784 1632
13 0 928 1648 960 1648
13 0 784 1696 928 1696
13 0 928 1696 944 1696
13 0 768 1744 928 1744
13 0 720 1744 768 1744
13 0 768 1744 928 1744
13 0 928 1744 960 1744
13 0 784 1808 928 1808
13 0 768 1856 784 1856
13 0 928 1856 944 1856
13 0 784 1664 784 1696
13 0 784 1808 784 1824
13 0 928 1648 928 1808
13 0 784 1888 784 1920
13 0 784 1920 480 1920
13 0 480 1920 1120 1920
13 0 1120 1920 1120 1872
13 2 480 1616 624 1616
13 2 768 1632 784 1632
13 2 928 1648 960 1648
13 2 1104 1664 1120 1664
13 2 784 1696 944 1696
13 2 1120 1728 1280 1728
13 2 480 1744 624 1744
13 2 720 1744 960 1744
13 2 1120 1792 1264 1792
13 2 784 1808 928 1808
13 2 1104 1840 1120 1840
13 2 1264 1840 1280 1840
13 2 768 1856 784 1856
13 2 928 1856 944 1856
13 2 944 1856 960 1856
13 2 480 1872 624 1872
13 2 480 1920 784 1920
13 2 784 1920 1120 1920
13 2 624 1648 624 1744
13 2 624 1744 624 1840
13 2 784 1664 784 1696
13 2 784 1808 784 1824
13 2 784 1888 784 1920
13 2 928 1648 928 1808
13 2 944 1696 944 1856
13 0 960 1680 960 1744
13 2 960 1680 960 1744
13 2 960 1744 960 1824
13 2 1120 1696 1120 1728
13 2 1120 1792 1120 1808
13 2 1120 1872 1120 1920
13 2 1264 1680 1264 1792
13 2 1280 1728 1280 1840
17 0 28
17 0 27
17 0 26
17 0 24
17 0 25
17 0 23
17 0 22
17 0 19
17 0 17
17 0 inv 944 1472 0
17 0 nd2 944 1568 0
17 0 nd2 944 1344 0
17 0 nd2 1104 1360 0
17 0 nd3 1104 1552 0
17 0 nd2 1280 1552 0
17 0 nd2 1280 1376 0
17 0 nd3 1440 1536 0
17 0 nd2 1440 1392 0
13 0 800 1392 944 1392
13 0 1088 1408 1104 1408
13 0 1248 1424 1280 1424
13 0 1424 1440 1440 1440
13 0 1104 1472 1264 1472
13 0 1440 1504 1600 1504
13 0 800 1520 944 1520
13 0 1040 1520 1280 1520
13 0 1440 1568 1584 1568
13 0 1104 1584 1248 1584
13 0 1424 1616 1440 1616
13 0 1584 1616 1600 1616
13 0 1088 1632 1104 1632
13 0 1248 1632 1264 1632
13 0 1264 1632 1280 1632
13 0 800 1648 944 1648
13 0 800 1696 1104 1696
13 0 1104 1696 1440 1696
13 0 944 1424 944 1520
13 0 944 1520 944 1616
13 0 1104 1440 1104 1472
13 0 1104 1584 1104 1600
13 0 1104 1664 1104 1696
13 0 1248 1424 1248 1584
13 0 1264 1472 1264 1632
13 0 1280 1456 1280 1520
13 0 1280 1520 1280 1600
13 0 1440 1472 1440 1504
13 0 1440 1568 1440 1584
13 0 1440 1648 1440 1696
13 0 1584 1456 1584 1568
13 0 1600 1504 1600 1616
13 0 800 1392 928 1392
13 2 800 1392 928 1392
13 0 800 1520 928 1520
13 2 800 1520 928 1520
13 0 800 1648 928 1648
13 2 800 1648 928 1648
13 0 800 1696 928 1696
13 2 800 1696 928 1696
13 2 928 1392 944 1392
13 2 1088 1408 1104 1408
13 2 1248 1424 1280 1424
13 2 1424 1440 1440 1440
13 2 1104 1472 1264 1472
13 2 1440 1504 1600 1504
13 2 928 1520 944 1520
13 2 1040 1520 1280 1520
13 2 1440 1568 1584 1568
13 2 1104 1584 1248 1584
13 2 1424 1616 1440 1616
13 2 1584 1616 1600 1616
13 2 1088 1632 1104 1632
13 2 1248 1632 1264 1632
13 2 1264 1632 1280 1632
13 2 928 1648 944 1648
13 2 928 1696 1104 1696
13 2 1104 1696 1440 1696
13 2 944 1424 944 1520
13 2 944 1520 944 1616
13 2 1104 1440 1104 1472
13 2 1104 1584 1104 1600
13 2 1104 1664 1104 1696
13 2 1248 1424 1248 1584
13 2 1264 1472 1264 1632
13 0 1280 1456 1280 1520
13 2 1280 1456 1280 1520
13 2 1280 1520 1280 1600
13 2 1440 1472 1440 1504
13 2 1440 1568 1440 1584
13 2 1440 1648 1440 1696
13 2 1584 1456 1584 1568
13 2 1600 1504 1600 1616
17 0 17
17 0 19
17 0 22
17 0 23
17 0 25
17 0 24
17 0 26
17 0 27
17 0 28
17 0 inv 816 1472 0
17 0 nd2 816 1568 0
17 0 nd2 816 1344 0
17 0 nd2 976 1360 0
17 0 nd3 976 1552 0
17 0 nd2 1152 1552 0
17 0 nd2 1152 1376 0
17 0 nd3 1312 1536 0
17 0 nd2 1312 1392 0
13 0 800 1392 816 1392
13 0 960 1408 976 1408
13 0 1120 1424 1152 1424
13 0 1296 1440 1312 1440
13 0 976 1472 1136 1472
13 0 1312 1504 1472 1504
13 0 800 1520 816 1520
13 0 912 1520 1152 1520
13 0 1312 1568 1456 1568
13 0 976 1584 1120 1584
13 0 1296 1616 1312 1616
13 0 1456 1616 1472 1616
13 0 960 1632 976 1632
13 0 1120 1632 1136 1632
13 0 1136 1632 1152 1632
13 0 800 1648 816 1648
13 0 800 1696 976 1696
13 0 976 1696 1312 1696
13 0 816 1424 816 1520
13 0 816 1520 816 1616
13 0 976 1440 976 1472
13 0 976 1584 976 1600
13 0 976 1664 976 1696
13 0 1120 1424 1120 1584
13 0 1136 1472 1136 1632
13 0 1152 1456 1152 1520
13 0 1152 1520 1152 1600
13 0 1312 1472 1312 1504
13 0 1312 1568 1312 1584
13 0 1312 1648 1312 1696
13 0 1456 1456 1456 1568
13 0 1472 1504 1472 1616
13 0 1456 1456 1600 1456
13 0 800 1696 768 1696
13 0 768 1696 768 1280
13 0 736 1280 736 1648
13 0 736 1648 800 1648
13 0 704 1280 704 1520
13 0 704 1520 800 1520
13 0 672 1280 672 1392
13 0 672 1392 784 1392
13 0 800 1392 784 1392
13 2 672 1392 816 1392
13 2 960 1408 976 1408
13 2 1120 1424 1152 1424
13 2 1296 1440 1312 1440
13 2 1456 1456 1600 1456
13 2 976 1472 1136 1472
13 2 1312 1504 1472 1504
13 2 704 1520 816 1520
13 2 912 1520 1152 1520
13 2 1312 1568 1456 1568
13 2 976 1584 1120 1584
13 2 1296 1616 1312 1616
13 2 1456 1616 1472 1616
13 2 960 1632 976 1632
13 2 1120 1632 1136 1632
13 2 1136 1632 1152 1632
13 2 736 1648 816 1648
13 2 768 1696 976 1696
13 2 976 1696 1312 1696
13 2 672 720 672 1392
13 2 704 960 704 1520
13 2 736 1216 736 1648
13 2 768 1280 768 1696
13 2 816 1424 816 1520
13 2 816 1520 816 1616
13 2 976 1440 976 1472
13 2 976 1584 976 1600
13 2 976 1664 976 1696
13 2 1120 1424 1120 1584
13 2 1136 1472 1136 1632
13 0 1152 1456 1152 1520
13 2 1152 1456 1152 1520
13 2 1152 1520 1152 1600
13 2 1312 1472 1312 1504
13 2 1312 1568 1312 1584
13 2 1312 1648 1312 1696
13 2 1456 1456 1456 1568
13 2 1472 1504 1472 1616
17 0 28
17 0 27
17 0 26
17 0 24
17 0 25
17 0 23
17 0 22
17 0 19
17 0 17
17 0 inv 816 1504 0
17 0 nd2 816 1600 0
17 0 nd2 816 1376 0
17 0 nd2 976 1392 0
17 0 nd3 976 1584 0
17 0 nd2 1152 1584 0
17 0 nd2 1152 1408 0
17 0 nd3 1312 1568 0
17 0 nd2 1312 1424 0
13 0 672 1424 816 1424
13 0 960 1440 976 1440
13 0 1120 1456 1152 1456
13 0 1296 1472 1312 1472
13 0 1456 1488 1600 1488
13 0 976 1504 1136 1504
13 0 1312 1536 1472 1536
13 0 704 1552 816 1552
13 0 912 1552 1152 1552
13 0 1312 1600 1456 1600
13 0 976 1616 1120 1616
13 0 1296 1648 1312 1648
13 0 1456 1648 1472 1648
13 0 960 1664 976 1664
13 0 1120 1664 1136 1664
13 0 1136 1664 1152 1664
13 0 736 1680 816 1680
13 0 768 1728 976 1728
13 0 976 1728 1312 1728
13 0 672 1392 672 1424
13 0 672 720 672 1392
13 0 704 1392 704 1552
13 0 704 1376 704 1392
13 0 704 960 704 1376
13 0 736 1392 736 1680
13 0 736 1360 736 1392
13 0 736 1216 736 1360
13 0 768 1392 768 1728
13 0 768 1344 768 1392
13 0 768 1280 768 1344
13 0 816 1456 816 1552
13 0 816 1552 816 1648
13 0 976 1472 976 1504
13 0 976 1616 976 1632
13 0 976 1696 976 1728
13 0 1120 1456 1120 1616
13 0 1136 1504 1136 1664
13 0 1152 1488 1152 1552
13 0 1152 1552 1152 1632
13 0 1312 1504 1312 1536
13 0 1312 1600 1312 1616
13 0 1312 1680 1312 1728
13 0 1456 1488 1456 1600
13 0 1472 1536 1472 1648
13 2 1472 1536 1472 1648
13 2 1456 1488 1456 1600
13 2 1312 1680 1312 1728
13 2 1312 1600 1312 1616
13 2 1312 1504 1312 1536
13 2 1152 1552 1152 1632
13 2 1152 1488 1152 1552
13 2 1136 1504 1136 1664
13 2 1120 1456 1120 1616
13 2 976 1696 976 1728
13 2 976 1616 976 1632
13 2 976 1472 976 1504
13 2 816 1552 816 1648
13 2 816 1456 816 1552
13 0 768 1280 768 1344
13 2 768 1280 768 1344
13 0 768 1344 768 1392
13 2 768 1344 768 1392
13 2 768 1392 768 1728
13 0 736 1216 736 1360
13 2 736 1216 736 1360
13 0 736 1360 736 1392
13 2 736 1360 736 1392
13 2 736 1392 736 1680
13 0 704 960 704 1376
13 2 704 960 704 1376
13 0 704 1376 704 1392
13 2 704 1376 704 1392
13 2 704 1392 704 1552
13 0 672 720 672 1392
13 2 672 720 672 1392
13 2 672 1392 672 1424
13 0 976 1728 1312 1728
13 2 976 1728 1312 1728
13 2 768 1728 976 1728
13 2 736 1680 816 1680
13 0 1136 1664 1152 1664
13 2 1136 1664 1152 1664
13 2 1120 1664 1136 1664
13 2 960 1664 976 1664
13 2 1456 1648 1472 1648
13 2 1296 1648 1312 1648
13 2 976 1616 1120 1616
13 2 1312 1600 1456 1600
13 2 912 1552 1152 1552
13 2 704 1552 816 1552
13 2 1312 1536 1472 1536
13 2 976 1504 1136 1504
13 2 1456 1488 1600 1488
13 2 1296 1472 1312 1472
13 2 1120 1456 1152 1456
13 2 960 1440 976 1440
13 2 672 1424 816 1424
17 0 17
17 0 19
17 0 22
17 0 23
17 0 25
17 0 24
17 0 26
17 0 27
17 0 28
17 0 inv 816 1472 0
17 0 nd2 816 1568 0
17 0 nd2 816 1344 0
17 0 nd2 976 1360 0
17 0 nd3 976 1552 0
17 0 nd2 1152 1552 0
17 0 nd2 1152 1376 0
17 0 nd3 1312 1536 0
17 0 nd2 1312 1392 0
13 0 1472 1504 1472 1616
13 0 1456 1456 1456 1568
13 0 1312 1648 1312 1696
13 0 1312 1568 1312 1584
13 0 1312 1472 1312 1504
13 0 1152 1520 1152 1600
13 0 1152 1456 1152 1520
13 0 1136 1472 1136 1632
13 0 1120 1424 1120 1584
13 0 976 1664 976 1696
13 0 976 1584 976 1600
13 0 976 1440 976 1472
13 0 816 1520 816 1616
13 0 816 1424 816 1520
13 0 768 1280 768 1696
13 0 736 1216 736 1648
13 0 704 960 704 1520
13 0 672 720 672 1392
13 0 976 1696 1312 1696
13 0 768 1696 976 1696
13 0 736 1648 816 1648
13 0 1136 1632 1152 1632
13 0 1120 1632 1136 1632
13 0 960 1632 976 1632
13 0 1456 1616 1472 1616
13 0 1296 1616 1312 1616
13 0 976 1584 1120 1584
13 0 1312 1568 1456 1568
13 0 912 1520 1152 1520
13 0 704 1520 816 1520
13 0 1312 1504 1472 1504
13 0 976 1472 1136 1472
13 0 1456 1456 1600 1456
13 0 1296 1440 1312 1440
13 0 1120 1424 1152 1424
13 0 960 1408 976 1408
13 0 672 1392 816 1392
13 2 672 720 800 720
13 2 896 720 944 720
13 2 944 784 1104 784
13 2 944 816 1088 816
13 2 880 864 944 864
13 2 1088 864 1104 864
13 2 1104 864 1152 864
13 2 1296 880 1312 880
13 2 1312 880 1440 880
13 2 944 912 1088 912
13 2 1152 928 1328 928
13 2 704 960 880 960
13 2 944 992 1104 992
13 2 1152 992 1312 992
13 2 880 1040 944 1040
13 2 1088 1040 1152 1040
13 2 1296 1040 1328 1040
13 2 944 1088 1104 1088
13 2 944 1152 1088 1152
13 2 1088 1200 1104 1200
13 2 736 1216 800 1216
13 2 896 1216 944 1216
13 2 768 1280 1152 1280
13 0 672 208 672 720
13 2 672 208 672 720
13 2 672 720 672 1392
13 0 704 320 704 960
13 2 704 320 704 960
13 2 704 960 704 1520
13 0 736 432 736 1216
13 2 736 432 736 1216
13 2 736 1216 736 1648
13 0 768 528 768 1280
13 2 768 528 768 1280
13 2 768 1280 768 1696
13 0 880 864 880 960
13 2 880 864 880 960
13 2 880 960 880 1040
13 2 944 752 944 784
13 2 944 816 944 832
13 2 944 896 944 912
13 2 944 992 944 1008
13 2 944 1072 944 1088
13 2 944 1152 944 1184
13 2 1088 736 1088 816
13 2 1088 912 1088 1040
13 2 1088 1040 1088 1152
13 0 1104 784 1104 864
13 2 1104 784 1104 864
13 2 1104 864 1104 992
13 2 1104 1088 1104 1200
13 2 1152 896 1152 928
13 2 1152 992 1152 1008
13 2 1152 1072 1152 1280
13 2 1312 880 1312 992
13 2 1328 928 1328 1040
13 7 1440 880
13 8 1440 880 0
17 0 13
17 0 12
17 0 18
17 0 16
17 0 15
17 0 14
17 0 20
17 0 21
17 0 nd3 944 784 0
17 0 nd3 944 960 0
17 0 inv 800 1168 0
17 0 inv 800 672 0
17 0 nd2 944 1136 0
17 0 nd2 944 672 0
17 0 nd3 1152 960 0
17 0 nd2 1152 816 0
13 0 672 720 800 720
13 0 896 720 944 720
13 0 944 784 1104 784
13 0 944 816 1088 816
13 0 880 864 944 864
13 0 1088 864 1104 864
13 0 1104 864 1152 864
13 0 1296 880 1312 880
13 0 1312 880 1440 880
13 0 944 912 1088 912
13 0 1152 928 1328 928
13 0 704 960 880 960
13 0 944 992 1104 992
13 0 1152 992 1312 992
13 0 880 1040 944 1040
13 0 1088 1040 1152 1040
13 0 1296 1040 1328 1040
13 0 944 1088 1104 1088
13 0 944 1152 1088 1152
13 0 1088 1200 1104 1200
13 0 736 1216 800 1216
13 0 896 1216 944 1216
13 0 768 1280 1152 1280
13 0 672 592 672 720
13 0 672 208 672 592
13 0 672 720 672 1344
13 0 672 1344 672 1392
13 0 704 592 704 960
13 0 704 320 704 592
13 0 704 960 704 1344
13 0 704 1344 704 1520
13 0 736 592 736 1216
13 0 736 432 736 592
13 0 736 1216 736 1344
13 0 736 1344 736 1648
13 0 768 592 768 1280
13 0 768 528 768 592
13 0 768 1280 768 1344
13 0 768 1344 768 1696
13 0 880 864 880 960
13 0 880 960 880 1040
13 0 944 752 944 784
13 0 944 816 944 832
13 0 944 896 944 912
13 0 944 992 944 1008
13 0 944 1072 944 1088
13 0 944 1152 944 1184
13 0 1088 736 1088 816
13 0 1088 912 1088 1040
13 0 1088 1040 1088 1152
13 0 1104 784 1104 864
13 0 1104 864 1104 992
13 0 1104 1088 1104 1200
13 0 1152 896 1152 928
13 0 1152 992 1152 1008
13 0 1152 1072 1152 1280
13 0 1312 880 1312 992
13 0 1328 928 1328 1040
13 5 1440 880 Dinaminis
13 8 1440 880 2
13 8 1440 880 2
13 2 672 720 800 720
13 2 896 720 944 720
13 2 944 784 1104 784
13 2 944 816 1088 816
13 2 880 864 944 864
13 2 1088 864 1104 864
13 2 1104 864 1152 864
13 2 1296 880 1312 880
13 2 1312 880 1440 880
13 2 944 912 1088 912
13 2 1152 928 1328 928
13 2 704 960 880 960
13 2 944 992 1104 992
13 2 1152 992 1312 992
13 2 880 1040 944 1040
13 2 1088 1040 1152 1040
13 2 1296 1040 1328 1040
13 2 944 1088 1104 1088
13 2 944 1152 1088 1152
13 2 1088 1200 1104 1200
13 2 736 1216 800 1216
13 2 896 1216 944 1216
13 2 768 1280 1152 1280
13 0 672 208 672 720
13 2 672 208 672 720
13 2 672 720 672 1392
13 0 704 320 704 960
13 2 704 320 704 960
13 2 704 960 704 1520
13 0 736 432 736 1216
13 2 736 432 736 1216
13 2 736 1216 736 1648
13 0 768 528 768 1280
13 2 768 528 768 1280
13 2 768 1280 768 1696
13 0 880 864 880 960
13 2 880 864 880 960
13 2 880 960 880 1040
13 2 944 752 944 784
13 2 944 816 944 832
13 2 944 896 944 912
13 2 944 992 944 1008
13 2 944 1072 944 1088
13 2 944 1152 944 1184
13 2 1088 736 1088 816
13 2 1088 912 1088 1040
13 2 1088 1040 1088 1152
13 0 1104 784 1104 864
13 2 1104 784 1104 864
13 2 1104 864 1104 992
13 2 1104 1088 1104 1200
13 2 1152 896 1152 928
13 2 1152 992 1152 1008
13 2 1152 1072 1152 1280
13 2 1312 880 1312 992
13 2 1328 928 1328 1040
13 7 1440 880
13 8 1440 880 0
17 0 21
17 0 20
17 0 14
17 0 15
17 0 16
17 0 18
17 0 12
17 0 13
17 0 nd3 944 720 0
17 0 nd3 944 896 0
17 0 inv 800 1104 0
17 0 inv 800 608 0
17 0 nd2 944 1072 0
17 0 nd2 944 608 0
17 0 nd3 1152 896 0
17 0 nd2 1152 752 0
13 0 672 656 800 656
13 0 896 656 944 656
13 0 944 720 1104 720
13 0 944 752 1088 752
13 0 880 800 944 800
13 0 1088 800 1104 800
13 0 1104 800 1152 800
13 0 1296 816 1312 816
13 0 1312 816 1440 816
13 0 944 848 1088 848
13 0 1152 864 1328 864
13 0 704 896 880 896
13 0 944 928 1104 928
13 0 1152 928 1312 928
13 0 880 976 944 976
13 0 1088 976 1152 976
13 0 1296 976 1328 976
13 0 944 1024 1104 1024
13 0 944 1088 1088 1088
13 0 1088 1136 1104 1136
13 0 736 1152 800 1152
13 0 896 1152 944 1152
13 0 768 1216 1152 1216
13 0 672 592 672 656
13 0 672 208 672 592
13 0 672 656 672 1248
13 0 672 1248 672 1392
13 0 704 592 704 896
13 0 704 576 704 592
13 0 704 320 704 576
13 0 704 896 704 1248
13 0 704 1264 704 1248
13 0 704 1264 704 1520
13 0 736 592 736 1152
13 0 736 560 736 592
13 0 736 432 736 560
13 0 736 1152 736 1248
13 0 736 1280 736 1248
13 0 736 1280 736 1648
13 0 768 592 768 1216
13 0 768 544 768 592
13 0 768 528 768 544
13 0 768 1216 768 1248
13 0 768 1296 768 1248
13 0 768 1296 768 1696
13 0 880 800 880 896
13 0 880 896 880 976
13 0 944 688 944 720
13 0 944 752 944 768
13 0 944 832 944 848
13 0 944 928 944 944
13 0 944 1008 944 1024
13 0 944 1088 944 1120
13 0 1088 672 1088 752
13 0 1088 848 1088 976
13 0 1088 976 1088 1088
13 0 1104 720 1104 800
13 0 1104 800 1104 928
13 0 1104 1024 1104 1136
13 0 1152 832 1152 864
13 0 1152 928 1152 944
13 0 1152 1008 1152 1216
13 0 1312 816 1312 928
13 0 1328 864 1328 976
13 5 1440 816 Dinaminis
13 8 1440 880 2
13 8 1440 816 2
13 2 672 1392 816 1392
13 2 960 1408 976 1408
13 2 1120 1424 1152 1424
13 2 1296 1440 1312 1440
13 2 1456 1456 1600 1456
13 2 976 1472 1136 1472
13 2 1312 1504 1472 1504
13 2 704 1520 816 1520
13 2 912 1520 1152 1520
13 2 1312 1568 1456 1568
13 2 976 1584 1120 1584
13 2 1296 1616 1312 1616
13 2 1456 1616 1472 1616
13 2 960 1632 976 1632
13 2 1120 1632 1136 1632
13 2 1136 1632 1152 1632
13 2 736 1648 816 1648
13 2 768 1696 976 1696
13 2 976 1696 1312 1696
13 2 672 656 672 1392
13 2 704 896 704 1520
13 2 736 1152 736 1648
13 2 768 1216 768 1696
13 2 816 1424 816 1520
13 2 816 1520 816 1616
13 2 976 1440 976 1472
13 2 976 1584 976 1600
13 2 976 1664 976 1696
13 2 1120 1424 1120 1584
13 2 1136 1472 1136 1632
13 0 1152 1456 1152 1520
13 2 1152 1456 1152 1520
13 2 1152 1520 1152 1600
13 2 1312 1472 1312 1504
13 2 1312 1568 1312 1584
13 2 1312 1648 1312 1696
13 2 1456 1456 1456 1568
13 2 1472 1504 1472 1616
17 0 28
17 0 27
17 0 26
17 0 24
17 0 25
17 0 23
17 0 22
17 0 19
17 0 17
17 0 inv 816 1408 0
17 0 nd2 816 1504 0
17 0 nd2 816 1280 0
17 0 nd2 976 1296 0
17 0 nd3 976 1488 0
17 0 nd2 1152 1488 0
17 0 nd2 1152 1312 0
17 0 nd3 1312 1472 0
17 0 nd2 1312 1328 0
13 0 672 1328 816 1328
13 0 960 1344 976 1344
13 0 1120 1360 1152 1360
13 0 1296 1376 1312 1376
13 0 1456 1392 1600 1392
13 0 976 1408 1136 1408
13 0 1312 1440 1472 1440
13 0 704 1456 816 1456
13 0 912 1456 1152 1456
13 0 1312 1504 1456 1504
13 0 976 1520 1120 1520
13 0 1296 1552 1312 1552
13 0 1456 1552 1472 1552
13 0 960 1568 976 1568
13 0 1120 1568 1136 1568
13 0 1136 1568 1152 1568
13 0 736 1584 816 1584
13 0 768 1632 976 1632
13 0 976 1632 1312 1632
13 0 672 1216 672 1328
13 0 672 656 672 1216
13 0 704 1216 704 1456
13 0 704 1200 704 1216
13 0 704 896 704 1200
13 0 736 1216 736 1584
13 0 736 1184 736 1216
13 0 736 1152 736 1184
13 0 768 1216 768 1632
13 0 768 1168 768 1216
13 0 768 1216 768 1168
13 0 816 1360 816 1456
13 0 816 1456 816 1552
13 0 976 1376 976 1408
13 0 976 1520 976 1536
13 0 976 1600 976 1632
13 0 1120 1360 1120 1520
13 0 1136 1408 1136 1568
13 0 1152 1392 1152 1456
13 0 1152 1456 1152 1536
13 0 1312 1408 1312 1440
13 0 1312 1504 1312 1520
13 0 1312 1584 1312 1632
13 0 1456 1392 1456 1504
13 0 1472 1440 1472 1552
13 2 1104 800 1152 800
13 2 1296 816 1312 816
13 2 1312 816 1440 816
13 2 1152 864 1328 864
13 2 1152 928 1312 928
13 2 1088 976 1152 976
13 2 1296 976 1328 976
13 2 1152 832 1152 864
13 2 1152 928 1152 944
13 2 1152 1008 1152 1216
13 2 1312 816 1312 928
13 2 1328 864 1328 976
17 0 20
17 0 21
17 0 nd3 1168 880 0
17 0 nd2 1168 736 0
13 0 1136 784 1168 784
13 0 1120 784 1136 784
13 0 1120 784 1120 800
13 0 1104 800 1120 800
13 0 1312 800 1328 800
13 0 1328 800 1360 800
13 0 1360 800 1360 816
13 0 1360 816 1440 816
13 0 1168 848 1344 848
13 0 1168 912 1328 912
13 0 1136 960 1168 960
13 0 1136 960 1136 976
13 0 1088 976 1136 976
13 0 1312 960 1344 960
13 0 1168 816 1168 848
13 0 1168 912 1168 928
13 0 1168 992 1168 1024
13 0 1168 1024 1152 1024
13 0 1152 1024 1152 1216
13 0 1328 800 1328 912
13 0 1344 848 1344 960
13 2 1344 848 1344 960
13 2 1328 800 1328 912
13 2 1152 1024 1152 1216
13 2 1152 1024 1168 1024
13 2 1168 992 1168 1024
13 2 1168 912 1168 928
13 2 1168 816 1168 848
13 2 1312 960 1344 960
13 2 1088 976 1136 976
13 2 1136 960 1136 976
13 2 1136 960 1168 960
13 2 1168 912 1328 912
13 2 1168 848 1344 848
13 2 1360 816 1440 816
13 2 1360 800 1360 816
13 0 1328 800 1360 800
13 2 1328 800 1360 800
13 2 1312 800 1328 800
13 2 1104 800 1120 800
13 2 1120 784 1120 800
13 0 1120 784 1136 784
13 2 1120 784 1136 784
13 2 1136 784 1168 784
17 0 21
17 0 20
17 0 nd3 1152 896 0
17 0 nd2 1152 752 0
13 0 1328 864 1328 976
13 0 1312 816 1312 928
13 0 1152 1008 1152 1216
13 0 1152 928 1152 944
13 0 1152 832 1152 864
13 0 1296 976 1328 976
13 0 1088 976 1152 976
13 0 1152 928 1312 928
13 0 1152 864 1328 864
13 0 1312 816 1440 816
13 0 1296 816 1312 816
13 0 1104 800 1152 800
13 2 1104 800 1152 800
13 2 1296 816 1312 816
13 2 1312 816 1440 816
13 2 1152 864 1328 864
13 2 1152 928 1312 928
13 2 1088 976 1152 976
13 2 1296 976 1328 976
13 2 1152 832 1152 864
13 2 1152 928 1152 944
13 2 1152 1008 1152 1216
13 2 1312 816 1312 928
13 2 1328 864 1328 976
17 0 20
17 0 21
17 0 nd3 1120 896 0
17 0 nd2 1120 752 0
13 0 1104 800 1120 800
13 0 1264 816 1280 816
13 0 1280 816 1312 816
13 0 1312 816 1440 816
13 0 1120 864 1296 864
13 0 1120 928 1280 928
13 0 1104 976 1120 976
13 0 1088 976 1104 976
13 0 1264 976 1296 976
13 0 1120 832 1120 864
13 0 1120 928 1120 944
13 0 1120 1008 1120 1040
13 0 1120 1040 1152 1040
13 0 1152 1040 1152 1216
13 0 1280 816 1280 928
13 0 1296 864 1296 976
13 2 1296 864 1296 976
13 2 1280 816 1280 928
13 2 1152 1040 1152 1216
13 2 1120 1040 1152 1040
13 2 1120 1008 1120 1040
13 2 1120 928 1120 944
13 2 1120 832 1120 864
13 2 1264 976 1296 976
13 0 1088 976 1104 976
13 2 1088 976 1104 976
13 2 1104 976 1120 976
13 2 1120 928 1280 928
13 2 1120 864 1296 864
13 0 1312 816 1440 816
13 2 1312 816 1440 816
13 0 1280 816 1312 816
13 2 1280 816 1312 816
13 2 1264 816 1280 816
13 2 1104 800 1120 800
17 0 21
17 0 20
17 0 nd3 1152 896 0
17 0 nd2 1152 752 0
13 0 1328 864 1328 976
13 0 1312 816 1312 928
13 0 1152 1008 1152 1216
13 0 1152 928 1152 944
13 0 1152 832 1152 864
13 0 1296 976 1328 976
13 0 1088 976 1152 976
13 0 1152 928 1312 928
13 0 1152 864 1328 864
13 0 1312 816 1440 816
13 0 1296 816 1312 816
13 0 1104 800 1152 800
13 5 1600 1392 Dvipakopis
13 8 1600 1392 2
13 2 944 400 960 400
13 2 1104 400 1136 400
13 2 960 336 960 368
13 2 960 432 960 528
17 0 9
17 0 nd3 960 336 0
13 0 960 416 960 400
13 0 944 400 960 400
13 0 1104 416 1104 400
13 0 1104 400 1136 400
13 0 960 336 960 384
13 0 960 448 960 528
13 2 944 400 960 400
13 2 944 400 944 416
13 0 944 416 960 416
13 0 960 416 960 400
13 2 960 400 960 416
13 0 1120 400 1136 400
13 2 1120 400 1136 400
13 2 1104 400 1120 400
13 0 1120 416 1104 416
13 0 1104 416 1104 400
13 0 1120 416 1136 416
13 0 1136 416 1136 400
13 2 944 416 960 416
13 2 1104 416 1136 416
13 2 960 336 960 384
13 2 960 448 960 528
13 2 1104 400 1104 416
17 0 9
17 0 nd3 960 336 0
13 0 944 416 960 416
13 0 1104 416 1136 416
13 0 960 336 960 384
13 0 960 448 960 528
13 0 1104 400 1104 416
13 2 1104 400 1104 416
13 0 1056 336 1120 336
13 2 1056 336 1120 336
13 2 960 336 1056 336
13 0 1056 352 960 352
13 0 960 352 960 336
13 0 1056 352 1120 352
13 0 1120 352 1120 336
13 2 960 336 960 352
