10 1 1
10 1 1
10 1 1
10 1 101
10 1 1
10 1 1
10 3 1
10 1 1
10 1 1
17 0 nd2 1760 656 0
17 0 nd2 1760 816 0
17 0 2
17 0 nd3 1760 800 0
13 0 1904 720 2080 720
13 0 1904 880 2080 880
13 0 1920 720 1808 720
13 0 1808 720 1808 784
13 2 1808 720 1808 784
13 2 1808 720 1904 720
13 2 1904 880 2080 880
13 0 1904 880 2080 880
13 0 1920 720 1920 784
13 0 1920 784 1760 784
13 0 1760 784 1760 848
13 2 1760 784 1760 848
13 0 1760 784 1744 784
13 0 1744 784 1744 848
13 0 1744 848 1760 848
13 0 1760 736 1760 816
13 0 1760 816 1776 816
13 0 1776 816 1920 816
13 0 1920 816 1920 880
13 2 1920 816 1920 880
13 0 1776 816 1920 816
13 2 1776 816 1920 816
13 2 1760 816 1776 816
13 2 1760 736 1760 816
13 2 1744 848 1760 848
13 2 1744 784 1744 848
13 0 1760 784 1744 784
13 2 1744 784 1760 784
13 2 1760 784 1920 784
13 2 1920 720 1920 784
13 0 1920 720 1920 816
13 0 1920 816 1760 816
13 0 1760 816 1760 848
13 0 1760 736 1760 784
13 0 1760 784 1936 784
13 0 1936 784 1936 880
17 0 nd2 1600 640 0
17 0 nd2 1600 816 0
13 0 1744 704 1760 704
13 0 1744 880 1760 880
13 0 1600 720 1600 864
13 0 1600 800 1520 800
13 0 1600 896 1520 896
13 0 1600 688 1520 688
13 2 1744 880 1760 880
13 2 1520 896 1600 896
13 2 1600 800 1600 864
17 0 4
17 0 nd2 1600 832 0
13 0 1744 896 1744 880
13 0 1744 880 1760 880
13 0 1600 912 1600 896
13 0 1520 896 1600 896
13 0 1600 864 1600 880
13 0 1600 800 1600 864
13 0 1536 896 1600 896
13 2 1536 896 1600 896
13 2 1520 896 1536 896
13 0 1536 912 1520 912
13 0 1520 912 1520 896
13 0 1536 912 1600 912
13 0 1600 912 1600 896
13 2 1600 896 1600 912
13 2 1520 896 1520 912
17 0 xor2 976 816 0
17 0 or2 816 800 0
17 0 or2 800 800 0
17 0 or2 960 976 0
17 0 xor2 816 960 0
17 0 xor2 816 960 0
17 0 xor2 816 976 0
17 0 7
17 0 or2 976 976 0
17 0 8
17 0 xor2 816 960 0
13 0 976 1024 960 1024
13 0 944 864 960 864
13 2 960 1024 976 1024
17 0 8
17 0 xor2 816 992 0
13 0 960 1056 960 1024
13 0 960 1024 976 1024
13 2 960 1024 976 1024
13 2 960 1024 960 1056
13 0 960 1056 976 1056
13 2 944 864 960 864
17 0 6
17 0 5
17 0 or2 1200 608 0
17 0 xor2 1376 624 0
13 0 1344 672 1360 672
13 2 960 1056 976 1056
17 0 8
17 0 7
17 0 xor2 1136 864 0
17 0 or2 1296 848 0
13 0 1280 928 1296 928
13 2 1344 672 1360 672
13 2 1520 688 1600 688
17 0 5
17 0 6
17 0 or2 1120 608 0
17 0 xor2 1296 624 0
13 0 1264 672 1280 672
13 0 1440 688 1600 688
13 0 1440 912 1520 912
13 0 1296 896 1280 896
13 0 1280 896 1280 704
13 0 1280 800 1120 800
13 0 1120 656 1104 656
13 0 1120 688 1104 688
13 5 1120 912 dfs
13 0 1120 800 1104 800
13 0 1120 912 1104 912
13 0 1120 944 1104 944
13 0 1760 912 1760 1040
13 0 1760 1040 1600 1040
13 5 1520 800 x1
13 8 1520 800 1
13 0 1504 912 1600 912
13 2 1504 912 1600 912
13 2 1440 912 1504 912
17 0 inv 1472 864 0
17 0 9
17 0 8
17 0 nr2 1296 848 0
13 0 1440 912 1600 912
13 5 1520 688 S
13 5 1520 912 R
13 2 1104 800 1280 800
13 0 1120 800 1280 800
13 0 1104 656 960 656
13 0 1104 688 960 688
13 0 1024 656 1024 912
13 0 1024 912 1104 912
13 0 1056 688 1056 896
13 0 1056 896 1072 896
13 2 1056 896 1072 896
13 2 1056 688 1056 896
13 0 1056 688 1056 944
13 0 1056 944 1104 944
13 0 1072 912 1120 912
13 2 1072 912 1120 912
13 2 1024 912 1072 912
13 0 1072 944 1120 944
13 2 1072 944 1120 944
13 2 1056 944 1072 944
13 0 1056 880 1056 688
13 2 1056 688 1056 880
13 2 1056 880 1056 944
13 0 1024 880 1024 656
13 2 1024 656 1024 880
13 2 1024 880 1024 912
13 0 1056 656 1120 656
13 2 1056 656 1120 656
13 2 960 656 1056 656
13 0 1056 688 1120 688
13 2 1056 688 1120 688
13 2 960 688 1056 688
17 0 inv 1008 608 0
17 0 inv 1008 896 0
13 0 1104 656 1120 656
13 0 1120 944 1104 944
13 0 1120 912 960 912
13 2 960 912 1120 912
13 0 1008 656 960 656
13 0 1008 656 1008 848
13 0 1008 848 1024 848
13 2 1008 848 1024 848
13 2 1008 656 1008 848
13 0 1104 656 1104 864
13 0 1104 864 1104 912
13 0 1104 912 1120 912
13 2 1104 912 1120 912
13 0 1104 864 1104 912
13 2 1104 864 1104 912
13 2 1104 656 1104 864
13 0 1024 656 1024 1008
13 2 1024 656 1024 1008
13 2 1104 656 1120 656
13 2 960 656 1008 656
17 0 9
17 0 inv 1024 608 0
17 0 inv 1008 608 0
17 0 9
17 0 inv 1008 608 0
13 0 960 656 1008 656
13 0 1104 656 1120 656
13 0 1120 688 960 688
13 0 1008 944 1008 688
13 0 1120 912 992 912
13 0 992 912 992 656
13 0 992 800 992 656
13 2 992 656 992 800
13 2 992 800 992 912
13 0 976 800 976 912
13 0 976 912 992 912
13 0 976 800 976 656
13 0 976 656 992 656
13 5 960 656 x2
13 5 960 688 x3
13 5 1120 800 x4
13 7 1120 800
13 0 1120 800 960 800
13 5 960 800 x4
13 5 1600 1040 Reset
13 5 2080 720 Q
13 8 1600 1040 1
13 8 960 656 1
13 8 960 688 1
13 8 960 800 1
13 8 2096 720 2
13 8 2096 720 2
13 8 2080 720 2
13 0 2048 880 2080 880
13 2 2048 880 2080 880
13 2 1936 880 2048 880
13 2 960 656 976 656
13 2 976 656 1008 656
13 2 1104 656 1120 656
13 2 1264 672 1280 672
13 2 960 688 1008 688
13 2 1008 688 1120 688
13 2 1440 688 1520 688
13 2 1520 688 1600 688
13 2 1744 704 1760 704
13 2 1904 720 1920 720
13 2 1920 720 2080 720
13 2 1760 784 1936 784
13 2 960 800 1280 800
13 2 1520 800 1600 800
13 2 1760 816 1920 816
13 2 1744 880 1760 880
13 2 1904 880 1936 880
13 2 1280 896 1296 896
13 2 976 912 1120 912
13 2 1440 912 1520 912
13 2 1520 912 1600 912
13 2 1280 928 1296 928
13 2 1104 944 1120 944
13 2 1600 1040 1760 1040
13 2 976 656 976 912
13 2 1008 688 1008 944
13 0 1280 704 1280 800
13 2 1280 704 1280 800
13 2 1280 800 1280 896
13 0 1600 720 1600 800
13 2 1600 720 1600 800
13 2 1600 800 1600 880
13 2 1744 880 1744 896
13 2 1760 736 1760 784
13 2 1760 816 1760 848
13 2 1760 912 1760 1040
13 2 1920 720 1920 816
13 2 1936 784 1936 880
13 7 960 656
13 8 960 656 0
13 7 960 688
13 8 960 688 0
13 7 1520 688
13 7 2080 720
13 8 2080 720 0
13 7 960 800
13 8 960 800 0
13 7 1520 800
13 8 1520 800 0
13 7 1520 912
13 7 1600 1040
13 8 1600 1040 0
17 0 10
17 0 9
17 0 7
17 0 8
17 0 6
17 0 5
17 0 4
17 0 3
17 0 2
17 0 1
17 0 inv 208 416 0
17 0 inv 208 128 0
17 0 xor2 336 384 0
17 0 nr2 496 368 0
17 0 or2 320 128 0
17 0 xor2 496 144 0
17 0 nd2 800 352 0
17 0 nd2 800 160 0
17 0 nd3 960 320 0
17 0 nd2 960 176 0
13 0 160 176 176 176
13 0 176 176 208 176
13 0 304 176 320 176
13 0 464 192 480 192
13 0 160 208 208 208
13 0 208 208 320 208
13 0 640 208 720 208
13 0 720 208 800 208
13 0 944 224 960 224
13 0 1104 240 1120 240
13 0 1120 240 1280 240
13 0 960 304 1136 304
13 0 160 320 480 320
13 0 720 320 800 320
13 0 960 336 1120 336
13 0 944 400 960 400
13 0 1104 400 1136 400
13 0 480 416 496 416
13 0 176 432 320 432
13 0 640 432 720 432
13 0 720 432 800 432
13 0 480 448 496 448
13 0 304 464 320 464
13 0 800 560 960 560
13 0 176 176 176 432
13 0 208 208 208 464
13 0 480 224 480 320
13 0 480 320 480 416
13 0 800 240 800 320
13 0 800 320 800 400
13 0 944 400 944 416
13 0 960 256 960 304
13 0 960 336 960 368
13 0 960 432 960 560
13 0 1120 240 1120 336
13 0 1136 304 1136 400
13 5 160 176 x2
13 5 160 208 x3
13 5 720 208 S
13 5 1280 240 Q
13 5 160 320 x4
13 5 720 320 x1
13 5 720 432 R
13 5 800 560 Reset
13 8 960 656 1
13 8 960 688 1
13 8 1520 688 0
13 8 2080 720 2
13 8 960 800 1
13 8 1520 800 1
13 8 1520 912 0
13 8 1600 1040 1
13 8 160 176 1
13 8 160 208 1
13 8 720 208 0
13 8 1280 240 2
13 8 160 320 1
13 8 720 320 1
13 8 720 432 0
13 8 800 560 1
13 2 720 320 800 320
13 7 720 320
13 8 720 320 0
13 0 560 320 800 320
13 5 560 320 x1
13 8 720 320 1
13 8 560 320 1
13 2 800 560 960 560
13 7 800 560
13 8 800 560 0
13 0 912 560 928 560
13 0 928 560 960 560
13 5 912 560 Reset
13 8 800 560 1
13 8 912 560 1
13 2 912 560 960 560
13 7 912 560
13 8 912 560 0
13 0 160 560 960 560
13 5 160 560 Reset
13 8 912 560 1
13 8 160 560 1
13 2 1120 240 1280 240
13 7 1280 240
13 8 1280 240 0
13 8 1280 240 0
13 0 1120 240 1280 240
