designverincludedir -clear
designverlibrarysim -PL -clear
designverlibrarysim -L -clear
designverlibrarysim -PL pmi_work
designverlibrarysim ovi_xp2
designverdefinemacro -clear
addfile {C:/Users/Gustas/Documents/KTU/Skaitmenine logika/L1/impl1/shema.vhd}
# Adding file C:\Users\Gustas\Documents\KTU\Skaitmenine logika\L1\impl1\shema.vhd ... Done
addfile {C:/Users/Gustas/Documents/KTU/Skaitmenine logika/L1/impl1/nand.vhd}
# Adding file C:\Users\Gustas\Documents\KTU\Skaitmenine logika\L1\impl1\nand.vhd ... Done
vlib {C:/Users/Gustas/Documents/KTU/Skaitmenine logika/L1/nand/work}
# Adding library O.K.
adel -all
# Library contents cleared.
vcom -dbg -work work {C:/Users/Gustas/Documents/KTU/Skaitmenine logika/L1/impl1/shema.vhd}
# File: C:\Users\Gustas\Documents\KTU\Skaitmenine logika\L1\impl1\shema.vhd
# Compile Entity "SHEMA"
# Compile Architecture "SCHEMATIC" of Entity "SHEMA"
# Compile success 0 Errors 0 Warnings  Analysis time :  47.0 [ms]
vcom -dbg -work work {C:/Users/Gustas/Documents/KTU/Skaitmenine logika/L1/impl1/nand.vhd}
# File: C:\Users\Gustas\Documents\KTU\Skaitmenine logika\L1\impl1\nand.vhd
# Error: COMP96_0018: impl1/nand.vhd : (8, 8): Identifier expected.
# Error: COMP96_0016: impl1/nand.vhd : (8, 13): Design unit declaration expected.
# Error: COMP96_0018: impl1/nand.vhd : (19, 27): Identifier expected.
# Error: COMP96_0016: impl1/nand.vhd : (19, 32): Design unit declaration expected.
# Compile failure 4 Errors 0 Warnings  Analysis time :  47.0 [ms]
entity SHEMA
# ELBREAD: Elaboration process.
# ELBREAD: Elaboration time 0.0 [s].
vsim +access +r SHEMA -PL pmi_work -L ovi_xp2
# ELBREAD: Elaboration process.
# ELBREAD: Elaboration time 0.0 [s].
# VSIM: Stack memory: 32MB
# VSIM: Retval memory: 32MB
# 
# KERNEL: Main thread initiated.
# KERNEL: Kernel process initialization phase.
# KERNEL: Time resolution set to 1ps.
# ELAB2: Elaboration final pass...
# ELAB2: Create instances ...
# ELAB2: Create instances complete.
# SLP: Started
# SLP: Elaboration phase ...
# SLP: Elaboration phase ... skipped, nothing to simulate in SLP mode : 0.0 [s]
# SLP: Finished : 0.0 [s]
# ELAB2: Elaboration final pass complete - time: 0.0 [s].
# KERNEL: Warning: You are using the Active-HDL Lattice Edition. The performance of simulation is running at a reduced rate.
# KERNEL: Warning: Contact Aldec for available upgrade options - sales@aldec.com.
# KERNEL: Kernel process initialization done.
# Allocation: Simulator allocated 7246 kB (elbread=1280 elab2=5816 kernel=149 sdf=0)
# KERNEL: ASDB file was created in location C:\Users\Gustas\Documents\KTU\Skaitmenine logika\L1\nand\src\wave.asdb
#  10:26, Thursday, February 21, 2019
#  Simulation has been initialized
add wave *
# 33 signal(s) traced.
run 1000ns
# Waveform file 'untitled.awc' connected to 'C:/Users/Gustas/Documents/KTU/Skaitmenine logika/L1/nand/src/wave.asdb'.
# KERNEL: stopped at time: 1 us
# KERNEL: Simulation has finished. There are no more test vectors to simulate.
