designverincludedir -clear
designverlibrarysim -PL -clear
designverlibrarysim -L -clear
designverlibrarysim -PL pmi_work
designverlibrarysim ovi_xp2
designverdefinemacro -clear
addfile {C:/Users/Gustas/Documents/KTU/Skaitmenine logika/L1/L1/impl1/uzd2.vhd}
# Adding file C:\Users\Gustas\Documents\KTU\Skaitmenine logika\L1\L1\impl1\uzd2.vhd ... Done
vlib {C:/Users/Gustas/Documents/KTU/Skaitmenine logika/L1/L1/uzd2/work}
# Warning: Library work already exists
adel -all
# Library contents cleared.
vcom -dbg -work work {C:/Users/Gustas/Documents/KTU/Skaitmenine logika/L1/L1/impl1/uzd2.vhd}
# File: C:\Users\Gustas\Documents\KTU\Skaitmenine logika\L1\L1\impl1\uzd2.vhd
# Compile Entity "UZD2"
# Compile Architecture "SCHEMATIC" of Entity "UZD2"
# Compile success 0 Errors 0 Warnings  Analysis time :  63.0 [ms]
entity UZD2
# ELBREAD: Elaboration process.
# ELBREAD: Elaboration time 0.0 [s].
vsim +access +r UZD2 -PL pmi_work -L ovi_xp2
# ELBREAD: Elaboration process.
# ELBREAD: Error: You do not have a valid license to simulate VHDL unit 'work.UZD2'.
# Contact Aldec for ordering information - sales@aldec.com.
# ELBREAD: Error: Elaboration process completed with errors.
# Design: Error: Elaboration failed
# Error: VSIM: cannot select specified top-level
add wave *
# Waveform file 'untitled.awc' connected to 'C:/Users/Gustas/Documents/KTU/Skaitmenine logika/L1/L1/uzd2/src/wave.asdb'.
# Warning: WAVEFORM: Object matching * not found in C:/Users/Gustas/Documents/KTU/Skaitmenine logika/L1/L1/uzd2/src/wave.asdb.
# Error: Simulation not initialized.
#     while executing
# "error "Simulation not initialized.""
#     (procedure "run" line 6)
#     invoked from within
# "run 1000ns"
#     (file "C:/Users/Gustas/Documents/KTU/Skaitmenine logika/L1/L1/uzd2/uzd2.ado" line 26)
#     invoked from within
# "source {C:/Users/Gustas/Documents/KTU/Skaitmenine logika/L1/L1/uzd2/uzd2.ado}"
#     invoked from within
# "interp eval $slave "source $source_file""
acom -O3 -e 100 -work work -2002  $dsn/src/TestBench/uzd2_TB.vhd
# Warning: DAGGEN_0523: The source is compiled without the -dbg switch. Line breakpoints and assertion debug will not be available.
# File: C:\Users\Gustas\Documents\KTU\Skaitmenine logika\L1\L1\uzd2\src\TestBench\uzd2_TB.vhd
# Compile Entity "uzd2_tb"
# Compile Architecture "TB_ARCHITECTURE" of Entity "uzd2_tb"
# Error: COMP96_0019: uzd2/src/TestBench/uzd2_TB.vhd : (35, 2): Keyword 'begin' expected.
# Error: COMP96_0016: uzd2/src/TestBench/uzd2_TB.vhd : (35, 5): Design unit declaration expected.
# Compile Configuration "TESTBENCH_FOR_uzd2"
# Error: COMP96_0209: uzd2/src/TestBench/uzd2_TB.vhd : (87, 6): Unknown architecture name used in configuration declaration.
# Compile failure 3 Errors 0 Warnings  Analysis time :  63.0 [ms]
acom -O3 -e 100 -work work -2002  $dsn/src/TestBench/uzd2_TB.vhd
# Warning: DAGGEN_0523: The source is compiled without the -dbg switch. Line breakpoints and assertion debug will not be available.
# File: C:\Users\Gustas\Documents\KTU\Skaitmenine logika\L1\L1\uzd2\src\TestBench\uzd2_TB.vhd
# Compile Entity "uzd2_tb"
# Compile Architecture "TB_ARCHITECTURE" of Entity "uzd2_tb"
# Compile Configuration "TESTBENCH_FOR_uzd2"
# Compile success 0 Errors 0 Warnings  Analysis time :  94.0 [ms]
SetActiveLib -work
comp -include "C:\Users\Gustas\Documents\KTU\Skaitmenine logika\L1\L1\impl1\uzd2.vhd" 
# Warning: DAGGEN_0523: The source is compiled without the -dbg switch. Line breakpoints and assertion debug will not be available.
# File: C:\Users\Gustas\Documents\KTU\Skaitmenine logika\L1\L1\uzd2\..\impl1\uzd2.vhd
# Compile Entity "UZD2"
# Compile Architecture "SCHEMATIC" of Entity "UZD2"
# Compile success 0 Errors 0 Warnings  Analysis time :  93.0 [ms]
comp -include "$dsn\src\TestBench\uzd2_TB.vhd" 
# Warning: DAGGEN_0523: The source is compiled without the -dbg switch. Line breakpoints and assertion debug will not be available.
# File: C:\Users\Gustas\Documents\KTU\Skaitmenine logika\L1\L1\uzd2\src\TestBench\uzd2_TB.vhd
# Compile Entity "uzd2_tb"
# Compile Architecture "TB_ARCHITECTURE" of Entity "uzd2_tb"
# Compile Configuration "TESTBENCH_FOR_uzd2"
# Compile success 0 Errors 0 Warnings  Analysis time :  94.0 [ms]
asim +access +r TESTBENCH_FOR_uzd2 
# ELBREAD: Elaboration process.
# ELBREAD: Error: You do not have a valid license to simulate VHDL unit 'work.testbench_for_uzd2'.
# Contact Aldec for ordering information - sales@aldec.com.
# ELBREAD: Error: Elaboration process completed with errors.
# Design: Error: Elaboration failed
# Error: VSIM: cannot select specified top-level
# Error: DO_001 in file C:\Users\Gustas\Documents\KTU\Skaitmenine logika\L1\L1\uzd2\src\TestBench\uzd2_TB_runtest.do line 4
# Error: Cannot run C:\Users\Gustas\Documents\KTU\Skaitmenine logika\L1\L1\uzd2\src\TestBench\uzd2_TB_runtest.do
SetActiveLib -work
comp -include "C:\Users\Gustas\Documents\KTU\Skaitmenine logika\L1\L1\impl1\uzd2.vhd" 
# Warning: DAGGEN_0523: The source is compiled without the -dbg switch. Line breakpoints and assertion debug will not be available.
# File: C:\Users\Gustas\Documents\KTU\Skaitmenine logika\L1\L1\uzd2\..\impl1\uzd2.vhd
# Compile Entity "UZD2"
# Compile Architecture "SCHEMATIC" of Entity "UZD2"
# Compile success 0 Errors 0 Warnings  Analysis time :  47.0 [ms]
comp -include "$dsn\src\TestBench\uzd2_TB.vhd" 
# Warning: DAGGEN_0523: The source is compiled without the -dbg switch. Line breakpoints and assertion debug will not be available.
# File: C:\Users\Gustas\Documents\KTU\Skaitmenine logika\L1\L1\uzd2\src\TestBench\uzd2_TB.vhd
# Compile Entity "uzd2_tb"
# Compile Architecture "TB_ARCHITECTURE" of Entity "uzd2_tb"
# Compile Configuration "TESTBENCH_FOR_uzd2"
# Compile success 0 Errors 0 Warnings  Analysis time :  79.0 [ms]
asim +access +r TESTBENCH_FOR_uzd2 
# ELBREAD: Elaboration process.
# ELBREAD: Error: You do not have a valid license to simulate VHDL unit 'work.testbench_for_uzd2'.
# Contact Aldec for ordering information - sales@aldec.com.
# ELBREAD: Error: Elaboration process completed with errors.
# Design: Error: Elaboration failed
# Error: VSIM: cannot select specified top-level
# Error: DO_001 in file C:\Users\Gustas\Documents\KTU\Skaitmenine logika\L1\L1\uzd2\src\TestBench\uzd2_TB_runtest.do line 4
# Error: Cannot run C:\Users\Gustas\Documents\KTU\Skaitmenine logika\L1\L1\uzd2\src\TestBench\uzd2_TB_runtest.do
acom -O3 -e 100 -work work -2002  $dsn/src/TestBench/uzd2_TB.vhd
# Warning: DAGGEN_0523: The source is compiled without the -dbg switch. Line breakpoints and assertion debug will not be available.
# File: C:\Users\Gustas\Documents\KTU\Skaitmenine logika\L1\L1\uzd2\src\TestBench\uzd2_TB.vhd
# Compile Entity "uzd2_tb"
# Compile Architecture "TB_ARCHITECTURE" of Entity "uzd2_tb"
# Compile Configuration "TESTBENCH_FOR_uzd2"
# Compile success 0 Errors 0 Warnings  Analysis time :  78.0 [ms]
acom -O3 -e 100 -work work -2002  $dsn/../impl1/uzd2.vhd $dsn/src/TestBench/uzd2_TB.vhd
# Warning: DAGGEN_0523: The source is compiled without the -dbg switch. Line breakpoints and assertion debug will not be available.
# File: C:\Users\Gustas\Documents\KTU\Skaitmenine logika\L1\L1\uzd2\..\impl1\uzd2.vhd
# Compile Entity "UZD2"
# Compile Architecture "SCHEMATIC" of Entity "UZD2"
# File: C:\Users\Gustas\Documents\KTU\Skaitmenine logika\L1\L1\uzd2\src\TestBench\uzd2_TB.vhd
# Compile Entity "uzd2_tb"
# Compile Architecture "TB_ARCHITECTURE" of Entity "uzd2_tb"
# Compile Configuration "TESTBENCH_FOR_uzd2"
# Compile success 0 Errors 0 Warnings  Analysis time :  0.1 [s]
SetActiveLib -work
comp -include "C:\Users\Gustas\Documents\KTU\Skaitmenine logika\L1\L1\impl1\uzd2.vhd" 
# Warning: DAGGEN_0523: The source is compiled without the -dbg switch. Line breakpoints and assertion debug will not be available.
# File: C:\Users\Gustas\Documents\KTU\Skaitmenine logika\L1\L1\uzd2\..\impl1\uzd2.vhd
# Compile Entity "UZD2"
# Compile Architecture "SCHEMATIC" of Entity "UZD2"
# Compile success 0 Errors 0 Warnings  Analysis time :  46.0 [ms]
comp -include "$dsn\src\TestBench\uzd2_TB.vhd" 
# Warning: DAGGEN_0523: The source is compiled without the -dbg switch. Line breakpoints and assertion debug will not be available.
# File: C:\Users\Gustas\Documents\KTU\Skaitmenine logika\L1\L1\uzd2\src\TestBench\uzd2_TB.vhd
# Compile Entity "uzd2_tb"
# Compile Architecture "TB_ARCHITECTURE" of Entity "uzd2_tb"
# Compile Configuration "TESTBENCH_FOR_uzd2"
# Compile success 0 Errors 0 Warnings  Analysis time :  78.0 [ms]
asim +access +r TESTBENCH_FOR_uzd2 
# ELBREAD: Elaboration process.
# ELBREAD: Error: You do not have a valid license to simulate VHDL unit 'work.testbench_for_uzd2'.
# Contact Aldec for ordering information - sales@aldec.com.
# ELBREAD: Error: Elaboration process completed with errors.
# Design: Error: Elaboration failed
# Error: VSIM: cannot select specified top-level
# Error: DO_001 in file C:\Users\Gustas\Documents\KTU\Skaitmenine logika\L1\L1\uzd2\src\TestBench\uzd2_TB_runtest.do line 4
# Error: Cannot run C:\Users\Gustas\Documents\KTU\Skaitmenine logika\L1\L1\uzd2\src\TestBench\uzd2_TB_runtest.do
SetActiveLib -work
comp -include "C:\Users\Gustas\Documents\KTU\Skaitmenine logika\L1\L1\impl1\uzd2.vhd" 
# Warning: DAGGEN_0523: The source is compiled without the -dbg switch. Line breakpoints and assertion debug will not be available.
# File: C:\Users\Gustas\Documents\KTU\Skaitmenine logika\L1\L1\uzd2\..\impl1\uzd2.vhd
# Compile Entity "UZD2"
# Compile Architecture "SCHEMATIC" of Entity "UZD2"
# Compile success 0 Errors 0 Warnings  Analysis time :  47.0 [ms]
comp -include "$dsn\src\TestBench\uzd2_TB.vhd" 
# Warning: DAGGEN_0523: The source is compiled without the -dbg switch. Line breakpoints and assertion debug will not be available.
# File: C:\Users\Gustas\Documents\KTU\Skaitmenine logika\L1\L1\uzd2\src\TestBench\uzd2_TB.vhd
# Compile Entity "uzd2_tb"
# Compile Architecture "TB_ARCHITECTURE" of Entity "uzd2_tb"
# Compile Configuration "TESTBENCH_FOR_uzd2"
# Compile success 0 Errors 0 Warnings  Analysis time :  93.0 [ms]
# #asim +access +r TESTBENCH_FOR_uzd2 
wave 
wave -noreg x1
# Waveform file 'untitled.awc' connected to 'C:/Users/Gustas/Documents/KTU/Skaitmenine logika/L1/L1/uzd2/src/wave.asdb'.
# Warning: WAVEFORM: Object matching x1 not found in C:/Users/Gustas/Documents/KTU/Skaitmenine logika/L1/L1/uzd2/src/wave.asdb.
wave -noreg x2
# Warning: WAVEFORM: Object matching x2 not found in C:/Users/Gustas/Documents/KTU/Skaitmenine logika/L1/L1/uzd2/src/wave.asdb.
wave -noreg x3
# Warning: WAVEFORM: Object matching x3 not found in C:/Users/Gustas/Documents/KTU/Skaitmenine logika/L1/L1/uzd2/src/wave.asdb.
wave -noreg x4
# Warning: WAVEFORM: Object matching x4 not found in C:/Users/Gustas/Documents/KTU/Skaitmenine logika/L1/L1/uzd2/src/wave.asdb.
wave -noreg x5
# Warning: WAVEFORM: Object matching x5 not found in C:/Users/Gustas/Documents/KTU/Skaitmenine logika/L1/L1/uzd2/src/wave.asdb.
wave -noreg x6
# Warning: WAVEFORM: Object matching x6 not found in C:/Users/Gustas/Documents/KTU/Skaitmenine logika/L1/L1/uzd2/src/wave.asdb.
wave -noreg y
# Warning: WAVEFORM: Object matching y not found in C:/Users/Gustas/Documents/KTU/Skaitmenine logika/L1/L1/uzd2/src/wave.asdb.
# # The following lines can be used for timing simulation
# # acom <backannotated_vhdl_file_name>
# # comp -include "$dsn\src\TestBench\uzd2_TB_tim_cfg.vhd" 
# # asim +access +r TIMING_FOR_uzd2 
