acom -O3 -e 100 -work work -2002  $dsn/src/TestBench/cnt8_TB.vhd
# Warning: DAGGEN_0523: The source is compiled without the -dbg switch. Line breakpoints and assertion debug will not be available.
# File: c:\Users\Gustas\Documents\KTU\Logika\L4\L4\a\src\TestBench\cnt8_TB.vhd
# Compile Entity "TOP_CNT"
# Compile Architecture "struct" of Entity "TOP_CNT"
# Warning: ELAB1_0026: TestBench/cnt8_TB.vhd : (48, 0): There is no default binding for component "M1". (No entity named "M1" was found).
# Error: COMP96_0078: TestBench/cnt8_TB.vhd : (51, 10): Unknown identifier "M2".
# Error: COMP96_0134: TestBench/cnt8_TB.vhd : (51, 10): Cannot find component declaration.
# Error: COMP96_0078: TestBench/cnt8_TB.vhd : (65, 10): Unknown identifier "CNT_0_O".
# Error: COMP96_0133: TestBench/cnt8_TB.vhd : (65, 10): Cannot find object declaration.
# Error: COMP96_0077: TestBench/cnt8_TB.vhd : (63, 7): Undefined type of expression. Expected type 'BOOLEAN'.
# Compile failure 5 Errors 1 Warnings  Analysis time :  31.0 [ms]
acom -O3 -e 100 -work work -2002  $dsn/src/TestBench/cnt8_TB.vhd
# Warning: DAGGEN_0523: The source is compiled without the -dbg switch. Line breakpoints and assertion debug will not be available.
# File: c:\Users\Gustas\Documents\KTU\Logika\L4\L4\a\src\TestBench\cnt8_TB.vhd
# Compile Entity "TOP_CNT"
# Compile Architecture "struct" of Entity "TOP_CNT"
# Warning: ELAB1_0026: TestBench/cnt8_TB.vhd : (48, 0): There is no default binding for component "M1". (No entity named "M1" was found).
# Warning: ELAB1_0026: TestBench/cnt8_TB.vhd : (51, 0): There is no default binding for component "M2". (No entity named "M2" was found).
# Warning: ELAB1_0026: TestBench/cnt8_TB.vhd : (54, 0): There is no default binding for component "M3". (No entity named "M3" was found).
# Error: COMP96_0078: TestBench/cnt8_TB.vhd : (65, 10): Unknown identifier "CNT_0_O".
# Error: COMP96_0133: TestBench/cnt8_TB.vhd : (65, 10): Cannot find object declaration.
# Error: COMP96_0077: TestBench/cnt8_TB.vhd : (63, 7): Undefined type of expression. Expected type 'BOOLEAN'.
# Compile failure 3 Errors 3 Warnings  Analysis time :  32.0 [ms]
acom -O3 -e 100 -work work -2002  $dsn/src/TestBench/cnt8_TB.vhd
# Warning: DAGGEN_0523: The source is compiled without the -dbg switch. Line breakpoints and assertion debug will not be available.
# File: c:\Users\Gustas\Documents\KTU\Logika\L4\L4\a\src\TestBench\cnt8_TB.vhd
# Compile Entity "TOP_CNT"
# Compile Architecture "struct" of Entity "TOP_CNT"
# Error: COMP96_0049: TestBench/cnt8_TB.vhd : (63, 19): Syntax error in expression.
# Error: COMP96_0015: TestBench/cnt8_TB.vhd : (63, 19): ')' expected.
# Error: COMP96_0015: TestBench/cnt8_TB.vhd : (63, 21): ')' expected.
# Error: COMP96_0019: TestBench/cnt8_TB.vhd : (63, 26): Keyword 'then' expected.
# Error: COMP96_0019: TestBench/cnt8_TB.vhd : (72, 7): Keyword 'process' expected.
# Error: COMP96_0015: TestBench/cnt8_TB.vhd : (73, 6): ';' expected.
# Error: COMP96_0016: TestBench/cnt8_TB.vhd : (73, 14): Design unit declaration expected.
# Compile failure 7 Errors 0 Warnings  Analysis time :  31.0 [ms]
acom -O3 -e 100 -work work -2002  $dsn/src/TestBench/cnt8_TB.vhd
# Warning: DAGGEN_0523: The source is compiled without the -dbg switch. Line breakpoints and assertion debug will not be available.
# File: c:\Users\Gustas\Documents\KTU\Logika\L4\L4\a\src\TestBench\cnt8_TB.vhd
# Compile Entity "TOP_CNT"
# Compile Architecture "struct" of Entity "TOP_CNT"
# Warning: ELAB1_0026: TestBench/cnt8_TB.vhd : (48, 0): There is no default binding for component "M1". (No entity named "M1" was found).
# Warning: ELAB1_0026: TestBench/cnt8_TB.vhd : (51, 0): There is no default binding for component "M2". (No entity named "M2" was found).
# Warning: ELAB1_0026: TestBench/cnt8_TB.vhd : (54, 0): There is no default binding for component "M3". (No entity named "M3" was found).
# Error: COMP96_0078: TestBench/cnt8_TB.vhd : (65, 10): Unknown identifier "CNT_0_O".
# Error: COMP96_0133: TestBench/cnt8_TB.vhd : (65, 10): Cannot find object declaration.
# Error: COMP96_0077: TestBench/cnt8_TB.vhd : (63, 7): Undefined type of expression. Expected type 'BOOLEAN'.
# Compile failure 3 Errors 3 Warnings  Analysis time :  16.0 [ms]
acom -O3 -e 100 -work work -2002  $dsn/src/TestBench/cnt8_TB.vhd
# Warning: DAGGEN_0523: The source is compiled without the -dbg switch. Line breakpoints and assertion debug will not be available.
# File: c:\Users\Gustas\Documents\KTU\Logika\L4\L4\a\src\TestBench\cnt8_TB.vhd
# Compile Entity "TOP_CNT"
# Compile Architecture "struct" of Entity "TOP_CNT"
# Warning: ELAB1_0026: TestBench/cnt8_TB.vhd : (48, 0): There is no default binding for component "M1". (No entity named "M1" was found).
# Warning: ELAB1_0026: TestBench/cnt8_TB.vhd : (51, 0): There is no default binding for component "M2". (No entity named "M2" was found).
# Warning: ELAB1_0026: TestBench/cnt8_TB.vhd : (54, 0): There is no default binding for component "M3". (No entity named "M3" was found).
# Error: COMP96_0078: TestBench/cnt8_TB.vhd : (63, 10): Unknown identifier "CNT_0_O".
# Error: COMP96_0133: TestBench/cnt8_TB.vhd : (63, 10): Cannot find object declaration.
# Error: COMP96_0077: TestBench/cnt8_TB.vhd : (63, 7): Undefined type of expression. Expected type 'BOOLEAN'.
# Compile failure 3 Errors 3 Warnings  Analysis time :  15.0 [ms]
acom -O3 -e 100 -work work -2002  $dsn/src/TestBench/cnt8_TB.vhd
# Warning: DAGGEN_0523: The source is compiled without the -dbg switch. Line breakpoints and assertion debug will not be available.
# File: c:\Users\Gustas\Documents\KTU\Logika\L4\L4\a\src\TestBench\cnt8_TB.vhd
# Compile Entity "TOP_CNT"
# Compile Architecture "struct" of Entity "TOP_CNT"
# Warning: ELAB1_0026: TestBench/cnt8_TB.vhd : (48, 0): There is no default binding for component "M1". (No entity named "M1" was found).
# Warning: ELAB1_0026: TestBench/cnt8_TB.vhd : (51, 0): There is no default binding for component "M2". (No entity named "M2" was found).
# Warning: ELAB1_0026: TestBench/cnt8_TB.vhd : (54, 0): There is no default binding for component "M3". (No entity named "M3" was found).
# Compile success 0 Errors 3 Warnings  Analysis time :  79.0 [ms]
acom -O3 -e 100 -work work -2002  $dsn/src/TestBench/cnt8_TB.vhd
# Warning: DAGGEN_0523: The source is compiled without the -dbg switch. Line breakpoints and assertion debug will not be available.
# File: c:\Users\Gustas\Documents\KTU\Logika\L4\L4\a\src\TestBench\cnt8_TB.vhd
# Compile Entity "TOP_CNT"
# Compile Architecture "struct" of Entity "TOP_CNT"
# Warning: ELAB1_0026: TestBench/cnt8_TB.vhd : (48, 0): There is no default binding for component "M1". (No entity named "M1" was found).
# Warning: ELAB1_0026: TestBench/cnt8_TB.vhd : (51, 0): There is no default binding for component "M2". (No entity named "M2" was found).
# Warning: ELAB1_0026: TestBench/cnt8_TB.vhd : (54, 0): There is no default binding for component "M3". (No entity named "M3" was found).
# Compile success 0 Errors 3 Warnings  Analysis time :  0.1 [s]
acom -O3 -e 100 -work work -2002  $dsn/src/TestBench/cnt8_TB.vhd
# Warning: DAGGEN_0523: The source is compiled without the -dbg switch. Line breakpoints and assertion debug will not be available.
# File: c:\Users\Gustas\Documents\KTU\Logika\L4\L4\a\src\TestBench\cnt8_TB.vhd
# Compile Entity "TOP_CNT"
# Compile Architecture "struct" of Entity "TOP_CNT"
# Warning: ELAB1_0026: TestBench/cnt8_TB.vhd : (48, 0): There is no default binding for component "M1". (No entity named "M1" was found).
# Warning: ELAB1_0026: TestBench/cnt8_TB.vhd : (51, 0): There is no default binding for component "M2". (No entity named "M2" was found).
# Warning: ELAB1_0026: TestBench/cnt8_TB.vhd : (54, 0): There is no default binding for component "M3". (No entity named "M3" was found).
# Compile success 0 Errors 3 Warnings  Analysis time :  62.0 [ms]
acom -O3 -e 100 -work work -2002  $dsn/src/TestBench/cnt8_TB.vhd
# Warning: DAGGEN_0523: The source is compiled without the -dbg switch. Line breakpoints and assertion debug will not be available.
# File: c:\Users\Gustas\Documents\KTU\Logika\L4\L4\a\src\TestBench\cnt8_TB.vhd
# Compile Entity "M1"
# Compile Architecture "rtl" of Entity "M1"
# Compile success 0 Errors 0 Warnings  Analysis time :  79.0 [ms]
