designverincludedir -clear
designverlibrarysim -PL -clear
designverlibrarysim -L -clear
designverlibrarysim -PL pmi_work
designverlibrarysim ovi_xp2
designverdefinemacro -clear
addfile {C:/Users/Gustas/Documents/KTU/Skaitmenine logika/L1/L1/impl1/shema.vhd}
# Adding file C:\Users\Gustas\Documents\KTU\Skaitmenine logika\L1\L1\impl1\shema.vhd ... Done
vlib {C:/Users/Gustas/Documents/KTU/Skaitmenine logika/L1/L1/uzd1/work}
# Adding library O.K.
adel -all
# Library contents cleared.
vcom -dbg -work work {C:/Users/Gustas/Documents/KTU/Skaitmenine logika/L1/L1/impl1/shema.vhd}
# File: C:\Users\Gustas\Documents\KTU\Skaitmenine logika\L1\L1\impl1\shema.vhd
# Compile Entity "SHEMA"
# Compile Architecture "SCHEMATIC" of Entity "SHEMA"
# Compile success 0 Errors 0 Warnings  Analysis time :  78.0 [ms]
entity SHEMA
# ELBREAD: Elaboration process.
# ELBREAD: Elaboration time 0.0 [s].
vsim +access +r SHEMA -PL pmi_work -L ovi_xp2
# ELBREAD: Elaboration process.
# ELBREAD: Elaboration time 0.0 [s].
# VSIM: Stack memory: 32MB
# VSIM: Retval memory: 32MB
# 
# KERNEL: Main thread initiated.
# KERNEL: Kernel process initialization phase.
# KERNEL: Time resolution set to 1ps.
# ELAB2: Elaboration final pass...
# ELAB2: Create instances ...
# ELAB2: Create instances complete.
# SLP: Started
# SLP: Elaboration phase ...
# SLP: Elaboration phase ... skipped, nothing to simulate in SLP mode : 0.0 [s]
# SLP: Finished : 0.0 [s]
# ELAB2: Elaboration final pass complete - time: 0.1 [s].
# KERNEL: Warning: You are using the Active-HDL Lattice Edition. The performance of simulation is running at a reduced rate.
# KERNEL: Warning: Contact Aldec for available upgrade options - sales@aldec.com.
# KERNEL: Kernel process initialization done.
# Allocation: Simulator allocated 7246 kB (elbread=1280 elab2=5816 kernel=149 sdf=0)
# KERNEL: ASDB file was created in location C:\Users\Gustas\Documents\KTU\Skaitmenine logika\L1\L1\uzd1\src\wave.asdb
#  10:11, Thursday, March 7, 2019
#  Simulation has been initialized
add wave *
# 33 signal(s) traced.
run 1000ns
# Waveform file 'untitled.awc' connected to 'C:/Users/Gustas/Documents/KTU/Skaitmenine logika/L1/L1/uzd1/src/wave.asdb'.
# KERNEL: stopped at time: 1 us
# KERNEL: Simulation has finished. There are no more test vectors to simulate.
acom -O3 -e 100 -work work -2002  $dsn/src/TestBench/shema_TB.vhd
# Warning: DAGGEN_0523: The source is compiled without the -dbg switch. Line breakpoints and assertion debug will not be available.
# File: C:\Users\Gustas\Documents\KTU\Skaitmenine logika\L1\L1\uzd1\src\TestBench\shema_TB.vhd
# Compile Entity "shema_tb"
# Compile Architecture "TB_ARCHITECTURE" of Entity "shema_tb"
# Compile Configuration "TESTBENCH_FOR_shema"
# Compile success 0 Errors 0 Warnings  Analysis time :  0.1 [s]
SetActiveLib -work
comp -include "C:\Users\Gustas\Documents\KTU\Skaitmenine logika\L1\L1\impl1\shema.vhd" 
# Warning: DAGGEN_0523: The source is compiled without the -dbg switch. Line breakpoints and assertion debug will not be available.
# File: C:\Users\Gustas\Documents\KTU\Skaitmenine logika\L1\L1\uzd1\..\impl1\shema.vhd
# Compile Entity "SHEMA"
# Compile Architecture "SCHEMATIC" of Entity "SHEMA"
# Compile success 0 Errors 0 Warnings  Analysis time :  47.0 [ms]
comp -include "$dsn\src\TestBench\shema_TB.vhd" 
# Warning: DAGGEN_0523: The source is compiled without the -dbg switch. Line breakpoints and assertion debug will not be available.
# File: C:\Users\Gustas\Documents\KTU\Skaitmenine logika\L1\L1\uzd1\src\TestBench\shema_TB.vhd
# Compile Entity "shema_tb"
# Compile Architecture "TB_ARCHITECTURE" of Entity "shema_tb"
# Compile Configuration "TESTBENCH_FOR_shema"
# Compile success 0 Errors 0 Warnings  Analysis time :  78.0 [ms]
asim +access +r TESTBENCH_FOR_shema 
# VSIM: Simulation has finished.
# ELBREAD: Elaboration process.
# ELBREAD: Elaboration time 0.0 [s].
# VSIM: Stack memory: 32MB
# VSIM: Retval memory: 32MB
# 
# KERNEL: Main thread initiated.
# KERNEL: Kernel process initialization phase.
# KERNEL: Time resolution set to 1ps.
# ELAB2: Elaboration final pass...
# ELAB2: Create instances ...
# ELAB2: Create instances complete.
# SLP: Started
# SLP: Elaboration phase ...
# SLP: Elaboration phase ... skipped, nothing to simulate in SLP mode : 0.0 [s]
# SLP: Finished : 0.0 [s]
# ELAB2: Elaboration final pass complete - time: 0.0 [s].
# KERNEL: Warning: You are using the Active-HDL Lattice Edition. The performance of simulation is running at a reduced rate.
# KERNEL: Warning: Contact Aldec for available upgrade options - sales@aldec.com.
# KERNEL: Kernel process initialization done.
# Allocation: Simulator allocated 7249 kB (elbread=1280 elab2=5818 kernel=149 sdf=0)
# KERNEL: ASDB file was created in location C:\Users\Gustas\Documents\KTU\Skaitmenine logika\L1\L1\uzd1\src\wave.asdb
#  10:13, Thursday, March 7, 2019
#  Simulation has been initialized
# Waveform file 'untitled.awc' connected to 'C:/Users/Gustas/Documents/KTU/Skaitmenine logika/L1/L1/uzd1/src/wave.asdb'.
wave 
wave -noreg x1
wave -noreg x2
wave -noreg x3
wave -noreg x4
wave -noreg x5
wave -noreg x6
wave -noreg y
# # The following lines can be used for timing simulation
# # acom <backannotated_vhdl_file_name>
# # comp -include "$dsn\src\TestBench\shema_TB_tim_cfg.vhd" 
# # asim +access +r TIMING_FOR_shema 
# 7 signal(s) traced.
# Waveform file 'untitled.awc' connected to 'C:/Users/Gustas/Documents/KTU/Skaitmenine logika/L1/L1/uzd1/src/wave.asdb'.
run
# EXECUTION:: FAILURE:  Pabaiga 
# EXECUTION:: Time: 640 ns,  Iteration: 0,  Instance: /shema_tb,  Process: x1p.
# KERNEL: Stopped at time 640 ns + 0.
