10 1 1
10 1 1
10 1 1
10 1 101
10 1 1
10 1 1
10 3 1
10 1 1
10 1 1
17 0 inv 288 208 1
17 0 inv 608 208 1
17 0 inv 768 208 1
17 0 inv 448 208 1
17 0 inv 928 208 1
17 0 inv 1088 208 1
17 0 and4 1120 304 0
17 0 and4 1120 624 0
17 0 and4 1120 784 0
17 0 and4 1120 1584 0
17 0 and4 1120 1424 0
17 0 and4 1120 1264 0
17 0 and5 1120 448 0
17 0 and5 1760 2528 0
17 0 and3 1120 1120 0
17 0 and3 1120 2240 0
17 0 and3 1120 2080 0
17 0 and3 1120 1920 0
17 0 and3 1760 1920 0
17 0 or4 1440 304 0
17 0 or4 1440 1104 0
17 0 or4 2080 304 0
17 0 or3 1440 1920 0
17 0 and2 1760 336 0
17 0 and2 1760 1136 0
13 0 160 208 240 208
13 0 320 208 400 208
13 0 480 208 560 208
13 0 640 208 720 208
13 0 800 208 880 208
13 0 960 208 1040 208
13 0 400 352 1120 352
13 0 1280 352 1440 352
13 0 1920 352 2080 352
13 0 560 384 1120 384
13 0 1312 384 1440 384
13 0 1600 384 1760 384
13 0 1952 384 2080 384
13 0 1264 400 1280 400
13 0 1584 400 1600 400
13 0 1904 400 1920 400
13 0 2224 400 2240 400
13 0 720 416 1120 416
13 0 1344 416 1440 416
13 0 1632 416 1760 416
13 0 1984 416 2080 416
13 0 1040 448 1120 448
13 0 1376 448 1440 448
13 0 2016 448 2080 448
13 0 400 496 1120 496
13 0 480 528 1120 528
13 0 720 560 1120 560
13 0 1264 560 1312 560
13 0 800 592 1120 592
13 0 960 624 1120 624
13 0 480 672 1120 672
13 0 640 704 1120 704
13 0 1264 720 1344 720
13 0 880 736 1120 736
13 0 1040 768 1120 768
13 0 320 832 1120 832
13 0 480 864 1120 864
13 0 1264 880 1376 880
13 0 880 896 1120 896
13 0 1040 928 1120 928
13 0 240 1040 1632 1040
13 0 1280 1152 1440 1152
13 0 320 1168 1120 1168
13 0 1312 1184 1440 1184
13 0 1600 1184 1760 1184
13 0 800 1200 1120 1200
13 0 1264 1200 1280 1200
13 0 1584 1200 1600 1200
13 0 1904 1200 1952 1200
13 0 1344 1216 1440 1216
13 0 1632 1216 1760 1216
13 0 1040 1232 1120 1232
13 0 1376 1248 1440 1248
13 0 320 1312 1120 1312
13 0 560 1344 1120 1344
13 0 1264 1360 1312 1360
13 0 640 1376 1120 1376
13 0 800 1408 1120 1408
13 0 320 1472 1120 1472
13 0 480 1504 1120 1504
13 0 1264 1520 1344 1520
13 0 640 1536 1120 1536
13 0 880 1568 1120 1568
13 0 320 1632 1120 1632
13 0 640 1664 1120 1664
13 0 1264 1680 1376 1680
13 0 880 1696 1120 1696
13 0 1040 1728 1120 1728
13 0 240 1840 1632 1840
13 0 560 1968 1120 1968
13 0 1280 1968 1440 1968
13 0 1600 1968 1760 1968
13 0 640 2000 1120 2000
13 0 1264 2000 1280 2000
13 0 1312 2000 1440 2000
13 0 1584 2000 1600 2000
13 0 1632 2000 1760 2000
13 0 1904 2000 1984 2000
13 0 960 2032 1120 2032
13 0 1344 2032 1440 2032
13 0 1664 2032 1760 2032
13 0 640 2128 1120 2128
13 0 880 2160 1120 2160
13 0 1264 2160 1312 2160
13 0 960 2192 1120 2192
13 0 560 2288 1120 2288
13 0 640 2320 1120 2320
13 0 1264 2320 1344 2320
13 0 880 2352 1120 2352
13 0 160 2464 1632 2464
13 0 400 2496 1664 2496
13 0 160 2576 1760 2576
13 0 560 2608 1760 2608
13 0 640 2640 1760 2640
13 0 1904 2640 2016 2640
13 0 880 2672 1760 2672
13 0 960 2704 1760 2704
13 0 160 160 160 208
13 0 160 208 160 2464
13 0 160 2464 160 2576
13 0 160 2576 160 2848
13 0 240 304 240 1040
13 0 240 1040 240 1840
13 0 240 1840 240 2848
13 0 320 160 320 208
13 0 320 208 320 832
13 0 320 832 320 1168
13 0 320 1168 320 1312
13 0 320 1312 320 1472
13 0 320 1472 320 1632
13 0 320 1632 320 2848
13 0 400 304 400 352
13 0 400 352 400 496
13 0 400 496 400 2496
13 0 400 2496 400 2848
13 0 480 160 480 208
13 0 480 208 480 528
13 0 480 528 480 672
13 0 480 672 480 864
13 0 480 864 480 1504
13 0 480 1504 480 2848
13 0 560 304 560 384
13 0 560 384 560 1344
13 0 560 1344 560 1968
13 0 560 1968 560 2288
13 0 560 2288 560 2608
13 0 560 2608 560 2848
13 0 640 160 640 208
13 0 640 208 640 704
13 0 640 704 640 1376
13 0 640 1376 640 1536
13 0 640 1536 640 1664
13 0 640 1664 640 2000
13 0 640 2000 640 2128
13 0 640 2128 640 2320
13 0 640 2320 640 2640
13 0 640 2640 640 2848
13 0 720 304 720 416
13 0 720 416 720 560
13 0 720 560 720 2848
13 0 800 160 800 208
13 0 800 208 800 592
13 0 800 592 800 1200
13 0 800 1200 800 1408
13 0 800 1408 800 2848
13 0 880 304 880 736
13 0 880 736 880 896
13 0 880 896 880 1568
13 0 880 1568 880 1696
13 0 880 1696 880 2160
13 0 880 2160 880 2352
13 0 880 2352 880 2672
13 0 880 2672 880 2848
13 0 960 160 960 208
13 0 960 208 960 624
13 0 960 624 960 2032
13 0 960 2032 960 2192
13 0 960 2192 960 2704
13 0 960 2704 960 2848
13 0 1040 304 1040 448
13 0 1040 448 1040 768
13 0 1040 768 1040 928
13 0 1040 928 1040 1232
13 0 1040 1232 1040 1728
13 0 1040 1728 1040 2848
13 0 1280 352 1280 400
13 0 1280 1152 1280 1200
13 0 1280 1968 1280 2000
13 0 1312 384 1312 560
13 0 1312 1184 1312 1360
13 0 1312 2000 1312 2160
13 0 1344 416 1344 720
13 0 1344 1216 1344 1520
13 0 1344 2032 1344 2320
13 0 1376 448 1376 880
13 0 1376 1248 1376 1680
13 0 1600 384 1600 400
13 0 1600 1184 1600 1200
13 0 1600 1968 1600 2000
13 0 1632 416 1632 1040
13 0 1632 1216 1632 1840
13 0 1632 2000 1632 2464
13 0 1664 2032 1664 2496
13 0 1920 352 1920 400
13 0 1952 384 1952 1200
13 0 1984 416 1984 2000
13 0 2016 448 2016 2640
13 0 2240 160 2240 400
13 5 160 160 x1
13 5 320 160 x2
13 5 480 160 x3
13 5 640 160 x4
13 5 800 160 x5
13 5 960 160 x6
13 5 2240 160 y
13 8 160 160 1
13 8 320 160 1
13 8 480 160 1
13 8 640 160 1
13 8 800 160 1
13 8 960 160 1
13 8 2240 160 2
17 0 7
17 0 13
17 0 8
17 0 9
17 0 20
17 0 24
17 0 22
17 0 15
17 0 12
17 0 11
17 0 10
17 0 21
17 0 25
17 0 18
17 0 17
17 0 16
17 0 23
17 0 19
17 0 14
17 0 and4 1120 304 0
17 0 and4 1120 624 0
17 0 and4 1120 784 0
17 0 and5 1120 448 0
17 0 and4 1440 304 0
17 0 14
17 0 16
17 0 19
17 0 23
17 0 17
17 0 nd4 1120 304 0
17 0 nd4 1120 624 0
17 0 nd4 1120 784 0
17 0 nd4 1440 304 0
17 0 nd4 2080 304 0
17 0 nd4 1120 1264 0
17 0 nd4 1440 1104 0
17 0 nd4 1120 1424 0
17 0 nd4 1120 1584 0
17 0 nd5 1760 2528 0
17 0 nd5 1120 448 0
17 0 nd2 1744 528 0
17 0 15
17 0 nd2 1760 336 0
17 0 nd2 1760 1136 0
17 0 nd3 1120 1920 0
17 0 nd3 1120 2080 0
17 0 nd3 1120 2240 0
17 0 nd3 1440 1920 0
17 0 nd3 1760 1920 0
17 0 nd3 1120 1120 0
