10 1 1
10 1 1
10 1 1
13 0 992 416 400 416
13 2 400 416 992 416
13 0 992 416 464 416
13 0 992 448 576 448
13 0 992 480 688 480
13 0 992 512 800 512
13 0 992 560 464 560
13 0 992 592 512 592
13 0 992 624 688 624
13 0 992 656 736 656
13 0 992 688 848 688
13 0 992 736 512 736
13 0 992 768 624 768
13 0 992 800 800 800
13 0 992 832 912 832
13 0 992 880 400 880
13 0 992 912 512 912
13 0 992 944 800 944
13 0 992 976 912 976
17 0 1
17 0 2
17 0 3
17 0 4
17 0 5
17 0 6
17 0 7
17 0 8
17 0 10
17 0 9
17 0 11
13 2 288 272 352 272
13 2 400 272 464 272
13 2 512 272 576 272
13 2 624 272 688 272
13 2 736 272 800 272
13 2 848 272 912 272
13 2 352 384 1248 384
13 2 464 416 992 416
13 2 576 448 992 448
13 2 1136 464 1168 464
13 2 688 480 992 480
13 2 800 512 992 512
13 2 464 560 992 560
13 2 512 592 992 592
13 2 688 624 992 624
13 2 736 656 992 656
13 2 1168 672 1248 672
13 2 848 688 992 688
13 2 1136 704 1248 704
13 2 512 736 992 736
13 2 1136 736 1248 736
13 2 624 768 992 768
13 2 1168 768 1248 768
13 2 800 800 992 800
13 2 912 832 992 832
13 2 400 880 992 880
13 2 512 912 992 912
13 2 1136 928 1168 928
13 2 800 944 992 944
13 2 912 976 992 976
13 0 288 208 288 272
13 2 288 208 288 272
13 2 288 272 288 1056
13 0 352 368 352 384
13 2 352 368 352 384
13 2 352 384 352 1056
13 0 400 208 400 272
13 2 400 208 400 272
13 0 400 272 400 880
13 2 400 272 400 880
13 2 400 880 400 1056
13 0 464 368 464 416
13 2 464 368 464 416
13 0 464 416 464 560
13 2 464 416 464 560
13 2 464 560 464 1056
13 0 512 208 512 272
13 2 512 208 512 272
13 0 512 272 512 592
13 2 512 272 512 592
13 0 512 592 512 736
13 2 512 592 512 736
13 0 512 736 512 912
13 2 512 736 512 912
13 2 512 912 512 1056
13 0 576 368 576 448
13 2 576 368 576 448
13 2 576 448 576 1056
13 0 624 208 624 272
13 2 624 208 624 272
13 0 624 272 624 768
13 2 624 272 624 768
13 2 624 768 624 1056
13 0 688 368 688 480
13 2 688 368 688 480
13 0 688 480 688 624
13 2 688 480 688 624
13 2 688 624 688 1056
13 0 736 208 736 272
13 2 736 208 736 272
13 0 736 272 736 656
13 2 736 272 736 656
13 2 736 656 736 1056
13 0 800 368 800 512
13 2 800 368 800 512
13 0 800 512 800 800
13 2 800 512 800 800
13 0 800 800 800 944
13 2 800 800 800 944
13 2 800 944 800 1056
13 0 848 208 848 272
13 2 848 208 848 272
13 0 848 272 848 688
13 2 848 272 848 688
13 2 848 688 848 1056
13 0 912 368 912 832
13 2 912 368 912 832
13 0 912 832 912 976
13 2 912 832 912 976
13 2 912 976 912 1056
13 2 1136 624 1136 704
13 2 1136 736 1136 784
13 2 1168 464 1168 672
13 2 1168 768 1168 928
13 2 1248 384 1248 640
13 7 288 208
13 8 288 208 0
13 7 400 208
13 8 400 208 0
13 7 512 208
13 8 512 208 0
13 7 624 208
13 8 624 208 0
13 7 736 208
13 8 736 208 0
13 7 848 208
13 8 848 208 0
13 8 288 208 0
13 8 400 208 0
13 8 512 208 0
13 8 624 208 0
13 8 736 208 0
13 8 848 208 0
17 0 inv 288 160 1
17 0 11
17 0 inv 288 224 1
13 0 160 160 160 1456
13 0 240 272 240 320
13 0 240 320 256 320
13 2 240 320 256 320
13 2 240 272 240 320
17 0 11
17 0 inv 288 224 1
13 0 240 224 160 224
13 0 240 320 240 1440
13 0 160 1456 160 1440
13 0 160 1456 160 1440
13 0 160 1456 160 1440
13 0 160 1440 160 1456
13 0 144 1440 208 1440
13 2 144 1440 208 1440
13 2 160 224 160 1456
13 0 160 1440 160 224
13 5 160 160 x1
13 7 160 160
13 8 160 160 1
17 0 inv 448 224 1
13 0 320 224 400 224
13 0 320 160 320 224
13 0 320 224 320 1440
13 0 400 320 400 1440
17 0 inv 608 224 1
13 0 480 224 560 224
13 0 480 160 480 224
13 0 480 224 480 1440
13 0 560 320 560 1440
17 0 inv 768 224 1
13 0 640 224 720 224
13 0 640 160 640 224
13 0 640 224 640 1440
13 0 720 320 720 1440
10 1 101
17 0 8
17 0 10
17 0 9
17 0 11
13 2 160 224 240 224
13 2 320 224 400 224
13 2 480 224 560 224
13 2 640 224 720 224
13 0 160 160 160 224
13 2 160 160 160 224
13 2 160 224 160 1440
13 2 240 320 240 1440
13 0 320 160 320 224
13 2 320 160 320 224
13 2 320 224 320 1440
13 2 400 320 400 1440
13 0 480 160 480 224
13 2 480 160 480 224
13 2 480 224 480 1440
13 2 560 320 560 1440
13 0 640 160 640 224
13 2 640 160 640 224
13 2 640 224 640 1440
13 2 720 320 720 1440
10 1 1
10 1 1
10 3 1
13 0 720 320 720 1440
13 0 640 224 640 1440
13 0 640 160 640 224
13 0 560 320 560 1440
13 0 480 224 480 1440
13 0 480 160 480 224
13 0 400 320 400 1440
13 0 320 224 320 1440
13 0 320 160 320 224
13 0 240 320 240 1440
13 0 160 224 160 1440
13 0 160 160 160 224
13 0 640 224 720 224
13 0 480 224 560 224
13 0 320 224 400 224
13 0 160 224 240 224
17 0 inv 768 224 1
17 0 inv 608 224 1
17 0 inv 448 224 1
17 0 inv 288 224 1
10 1 1
10 1 1
17 0 inv 928 224 1
13 0 800 224 880 224
13 0 800 160 800 224
13 0 800 224 800 1440
13 0 880 320 880 1440
17 0 inv 1088 224 1
13 0 960 224 1040 224
13 0 960 160 960 224
13 0 960 224 960 1440
13 0 1040 320 1040 1440
13 5 160 160 x1
13 5 320 160 x2
13 5 480 160 x3
13 5 640 160 x4
13 5 800 160 x5
13 5 960 160 x6
13 8 160 160 1
13 8 320 160 1
13 8 480 160 1
13 8 640 160 1
13 8 800 160 1
13 8 960 160 1
13 2 160 224 240 224
13 2 240 320 240 1440
17 0 8
17 0 inv 288 208 1
13 0 208 208 240 208
13 0 208 208 208 224
13 0 160 224 208 224
13 0 240 304 240 1440
13 2 320 224 400 224
13 2 400 320 400 1440
17 0 10
17 0 inv 448 208 1
13 0 368 208 400 208
13 0 368 208 368 224
13 0 320 224 368 224
13 0 400 304 400 1440
13 2 480 224 560 224
13 2 560 320 560 1440
17 0 9
17 0 inv 608 208 1
13 0 528 208 560 208
13 0 528 208 528 224
13 0 480 224 528 224
13 0 560 304 560 1440
13 2 640 224 720 224
13 2 720 320 720 1440
17 0 11
17 0 inv 768 208 1
13 0 688 208 720 208
13 0 688 208 688 224
13 0 640 224 688 224
13 0 720 304 720 1440
13 2 800 224 880 224
13 2 880 320 880 1440
17 0 7
17 0 inv 928 208 1
13 0 848 208 880 208
13 0 848 208 848 224
13 0 800 224 848 224
13 0 880 304 880 1440
13 2 960 224 1040 224
13 2 1040 320 1040 1440
17 0 6
17 0 inv 1088 208 1
13 0 1008 208 1040 208
13 0 1008 208 1008 224
13 0 960 224 1008 224
13 0 1040 304 1040 1440
13 2 160 224 208 224
13 0 160 224 160 160
13 2 160 160 160 224
13 2 160 224 160 1440
13 0 160 208 160 1440
13 0 160 208 160 160
13 0 160 208 208 208
13 0 208 208 208 224
13 2 208 208 208 224
13 2 320 224 368 224
13 0 320 224 320 160
13 2 320 160 320 224
13 2 320 224 320 1440
13 0 320 208 320 1440
13 0 320 208 320 160
13 0 320 208 368 208
13 0 368 208 368 224
17 0 10
17 0 inv 448 208 1
13 2 368 208 368 224
13 2 480 224 528 224
13 0 480 224 480 160
13 2 480 160 480 224
13 2 480 224 480 1440
13 0 480 208 480 1440
13 0 480 208 480 160
13 0 480 208 528 208
13 0 528 208 528 224
13 2 528 208 560 208
13 2 480 208 528 208
13 2 528 208 528 224
13 0 528 208 528 224
13 0 480 208 528 208
13 0 528 208 560 208
13 2 528 208 528 224
13 2 640 224 688 224
13 0 640 224 640 160
13 2 640 160 640 224
13 2 640 224 640 1440
13 0 640 208 640 1440
13 0 640 208 640 160
13 0 640 208 688 208
13 0 688 208 688 224
13 2 688 208 688 224
13 2 800 224 848 224
13 0 800 224 800 160
13 2 800 160 800 224
13 2 800 224 800 1440
13 0 800 208 800 1440
13 0 800 208 800 160
13 0 800 208 848 208
13 0 848 208 848 224
17 0 7
17 0 inv 928 208 1
13 2 848 208 848 224
13 2 960 224 1008 224
13 0 960 224 960 160
13 2 960 160 960 224
13 2 960 224 960 1440
13 0 960 208 960 1440
13 0 960 208 960 160
13 0 960 208 1008 208
13 0 1008 208 1008 224
13 2 1008 208 1008 224
13 2 960 208 1040 208
13 2 1040 304 1040 1440
17 0 6
17 0 inv 1088 192 1
13 0 1008 192 1040 192
13 0 1008 192 1008 208
13 0 960 208 1008 208
13 0 1040 288 1040 1440
13 2 800 208 880 208
13 2 880 304 880 1440
17 0 7
17 0 inv 928 208 1
13 0 848 208 880 208
13 0 800 208 848 208
13 0 880 304 880 1440
13 2 960 208 1008 208
13 0 960 208 960 160
13 2 960 160 960 208
13 2 960 208 960 1440
13 0 960 192 960 1440
13 0 960 192 960 160
13 0 960 192 1008 192
13 0 1008 192 1008 208
13 2 1008 192 1008 208
13 0 1008 192 1008 208
13 2 960 192 1008 192
13 0 960 192 960 160
13 2 960 160 960 192
13 2 960 192 960 1440
13 0 960 208 960 1440
13 0 960 160 960 208
13 0 960 208 1008 208
13 2 880 304 880 1440
13 0 800 208 848 208
13 2 800 208 848 208
13 2 848 208 880 208
17 0 7
17 0 inv 928 208 1
13 0 880 304 880 1440
13 0 800 208 880 208
13 2 1040 288 1040 1440
13 2 960 208 1008 208
13 2 1008 192 1008 208
13 2 1008 192 1040 192
17 0 6
17 0 inv 1088 208 1
13 0 1040 304 1040 1440
13 0 960 208 1040 208
17 0 and4 1120 272 0
17 0 5
17 0 and4 1120 304 0
17 0 and5 1120 448 0
17 0 and4 1120 624 0
17 0 and4 1120 784 0
17 0 or4 1440 304 0
13 0 1440 352 1264 352
13 2 1264 352 1440 352
13 0 1440 352 1264 352
13 0 1264 352 1264 400
13 0 1440 384 1440 560
13 0 1440 384 1440 448
13 0 1440 384 1440 416
13 0 1440 416 1440 448
13 0 1440 448 1440 560
13 0 1440 560 1264 560
13 2 1264 560 1440 560
13 2 1440 448 1440 560
13 2 1440 416 1440 448
13 2 1440 384 1440 416
13 2 1264 352 1264 400
13 2 1264 352 1440 352
13 0 1264 400 1280 400
13 0 1280 400 1280 352
13 0 1280 352 1440 352
13 0 1264 560 1296 560
13 0 1296 560 1296 384
13 0 1296 384 1440 384
13 0 1264 720 1312 720
13 0 1312 720 1312 416
13 0 1312 416 1440 416
13 0 1264 880 1328 880
13 0 1328 880 1328 448
13 0 1328 448 1440 448
13 2 1328 448 1440 448
13 2 1328 448 1328 880
13 2 1264 880 1328 880
13 2 1312 416 1440 416
13 2 1312 416 1312 720
13 2 1264 720 1312 720
13 2 1296 384 1440 384
13 2 1296 384 1296 560
13 2 1264 560 1296 560
13 0 1440 384 1312 384
13 0 1312 384 1312 560
13 0 1312 560 1264 560
13 0 1264 720 1344 720
13 0 1344 720 1344 416
13 0 1344 416 1440 416
13 0 1264 880 1376 880
13 0 1376 880 1376 448
13 0 1376 448 1440 448
17 0 and3 1120 960 0
17 0 and4 1120 1104 0
17 0 and4 1120 1264 0
17 0 and4 1120 1424 0
17 0 or4 1440 944 0
13 0 1264 1040 1280 1040
13 0 1280 1040 1280 992
13 0 1280 992 1440 992
13 0 1264 1200 1312 1200
13 0 1312 1200 1312 1024
13 0 1312 1024 1440 1024
13 0 1264 1360 1344 1360
13 0 1344 1360 1344 1056
13 0 1344 1056 1440 1056
13 0 1264 1520 1376 1520
13 0 1376 1520 1376 1088
13 0 1376 1088 1440 1088
17 0 and5 1120 1568 0
17 0 17
17 0 and5 1440 1568 0
17 0 and3 1120 1760 0
17 0 and3 1120 1920 0
17 0 and3 1120 2080 0
17 0 or3 1440 1760 0
13 0 1264 1840 1280 1840
13 0 1280 1840 1280 1808
13 0 1280 1808 1440 1808
13 0 1264 2000 1312 2000
13 0 1312 2000 1312 1840
13 0 1312 1840 1440 1840
13 0 1264 2160 1344 2160
13 0 1344 2160 1344 1872
13 0 1344 1872 1440 1872
17 0 17
13 2 1280 992 1440 992
13 2 1312 1024 1440 1024
13 2 1264 1040 1280 1040
13 2 1344 1056 1440 1056
13 2 1376 1088 1440 1088
13 2 1264 1200 1312 1200
13 2 1264 1360 1344 1360
13 2 1264 1520 1376 1520
13 2 1280 992 1280 1040
13 2 1312 1024 1312 1200
13 2 1344 1056 1344 1360
13 2 1376 1088 1376 1520
17 0 16
17 0 15
17 0 14
17 0 13
17 0 12
17 0 or4 1440 1104 0
17 0 and4 1120 1584 0
17 0 and4 1120 1424 0
17 0 and4 1120 1264 0
17 0 and3 1120 1120 0
13 0 1280 1152 1440 1152
13 0 1312 1184 1440 1184
13 0 1264 1200 1280 1200
13 0 1344 1216 1440 1216
13 0 1376 1248 1440 1248
13 0 1264 1360 1312 1360
13 0 1264 1520 1344 1520
13 0 1264 1680 1376 1680
13 0 1280 1152 1280 1200
13 0 1312 1184 1312 1360
13 0 1344 1216 1344 1520
13 0 1376 1248 1376 1680
13 2 1280 1808 1440 1808
13 2 1264 1840 1280 1840
13 2 1312 1840 1440 1840
13 2 1344 1872 1440 1872
13 2 1264 2000 1312 2000
13 2 1264 2160 1344 2160
13 2 1280 1808 1280 1840
13 2 1312 1840 1312 2000
13 2 1344 1872 1344 2160
17 0 21
17 0 20
17 0 19
17 0 18
17 0 or3 1440 1920 0
17 0 and3 1120 2240 0
17 0 and3 1120 2080 0
17 0 and3 1120 1920 0
13 0 1280 1968 1440 1968
13 0 1264 2000 1280 2000
13 0 1312 2000 1440 2000
13 0 1344 2032 1440 2032
13 0 1264 2160 1312 2160
13 0 1264 2320 1344 2320
13 0 1280 1968 1280 2000
13 0 1312 2000 1312 2160
13 0 1344 2032 1344 2320
17 0 and3 1760 1920 0
13 0 1584 2000 1584 1968
13 0 1584 1968 1760 1968
13 2 1584 1968 1760 1968
13 2 1584 1968 1584 2000
17 0 17
17 0 and3 1760 1920 0
13 0 1584 2000 1600 2000
13 0 1600 2000 1600 1968
13 0 1600 1968 1760 1968
13 2 160 208 160 1440
13 2 240 304 240 1440
13 2 320 208 320 1440
13 2 400 304 400 1440
13 2 480 208 480 1440
13 2 560 304 560 1440
13 2 640 208 640 1440
13 2 720 304 720 1440
13 2 800 208 800 1440
13 2 880 304 880 1440
13 2 960 208 960 1440
13 2 1040 304 1040 1440
13 0 160 5248 160 5280
13 0 160 208 160 5248
13 0 240 5248 240 5280
13 0 240 5232 240 5248
13 0 240 304 240 5232
13 0 320 5248 320 5280
13 0 320 5216 320 5248
13 0 320 208 320 5216
13 0 400 5248 400 5280
13 0 400 5200 400 5248
13 0 400 304 400 5200
13 0 480 5248 480 5280
13 0 480 5184 480 5248
13 0 480 208 480 5184
13 0 560 5248 560 5280
13 0 560 5168 560 5248
13 0 560 304 560 5168
13 0 640 5248 640 5280
13 0 640 5152 640 5248
13 0 640 208 640 5152
13 0 720 5248 720 5280
13 0 720 5136 720 5248
13 0 720 304 720 5136
13 0 800 5248 800 5280
13 0 800 5120 800 5248
13 0 800 208 800 5120
13 0 880 5248 880 5280
13 0 880 5104 880 5248
13 0 880 304 880 5104
13 0 960 5248 960 5280
13 0 960 5088 960 5248
13 0 960 208 960 5088
13 0 1040 5248 1040 5280
13 0 1040 5072 1040 5248
13 0 1040 304 1040 5072
17 0 and2 1760 336 0
17 0 and2 1760 1136 0
17 0 and5 1760 2528 0
17 0 or4 2080 304 0
13 0 1904 400 1920 400
13 0 1920 400 1920 352
13 0 1920 352 2080 352
13 0 2080 384 1952 384
13 0 1952 384 1952 1200
13 0 1952 1200 1904 1200
13 0 2080 416 1984 416
13 0 1984 416 1984 2000
13 0 1984 2000 1904 2000
13 0 2080 448 2016 448
13 0 2016 448 2016 2640
13 0 2016 2640 1904 2640
13 0 1760 384 1600 384
13 0 1600 384 1600 400
13 0 1600 400 1584 400
13 0 1760 416 1632 416
13 0 1632 416 1632 1040
13 0 1632 1040 240 1040
13 0 1760 1184 1600 1184
13 0 1600 1184 1600 1200
13 0 1600 1200 1584 1200
13 0 1760 1216 1632 1216
13 0 1632 1216 1632 1840
13 0 1632 1840 240 1840
13 0 1760 2000 1632 2000
13 0 1632 2000 1632 2464
13 0 1632 2464 160 2464
13 0 1760 2032 1664 2032
13 0 1664 2032 1664 2496
13 0 1664 2496 400 2496
13 0 1760 2576 160 2576
13 0 1760 2608 560 2608
13 0 1760 2640 640 2640
13 0 640 2640 640 2656
13 0 1760 2672 800 2672
13 2 800 2672 1760 2672
11 0 1 276 144 276 364
11 4 1 6
11 0 1 280 136 280 5252
11 4 1 6
13 0 1312 2608 1760 2608
13 2 1312 2608 1760 2608
13 2 560 2608 1312 2608
13 0 1344 2640 1760 2640
13 2 1344 2640 1760 2640
13 2 640 2640 1344 2640
13 0 1760 2608 560 2608
13 0 1760 2640 640 2640
13 0 1760 2672 880 2672
13 0 1760 2704 960 2704
13 0 1120 352 400 352
13 0 1120 384 560 384
13 0 1120 416 720 416
13 0 1120 448 880 448
13 0 1120 496 400 496
13 0 1120 528 480 528
13 0 1120 560 720 560
13 0 720 560 720 576
13 0 1120 592 800 592
13 0 1120 624 960 624
13 0 1120 672 480 672
13 0 480 672 480 688
13 0 1120 704 640 704
13 0 640 704 640 720
13 0 1120 736 880 736
13 0 880 736 880 752
13 0 1120 768 1056 768
13 2 1056 768 1120 768
13 2 880 736 1120 736
13 0 1120 736 880 736
13 0 1120 768 1040 768
13 0 1120 832 320 832
13 0 1120 864 480 864
13 0 1120 896 880 896
13 0 1120 928 1040 928
13 0 1120 1168 320 1168
13 0 320 1168 320 1184
13 0 1120 1200 880 1200
13 0 1120 1232 960 1232
13 0 960 1232 960 1248
13 0 1120 1312 320 1312
13 0 320 1312 320 1328
13 0 1120 1344 560 1344
13 0 1120 1376 640 1376
13 0 640 1376 640 1392
13 0 1120 1408 800 1408
13 0 800 1408 800 1424
13 0 1120 1472 320 1472
13 0 320 1472 320 1488
13 0 1120 1504 480 1504
13 0 1120 1536 640 1536
13 0 640 1536 640 1552
13 0 1120 1568 880 1568
13 0 880 1568 880 1600
13 0 1120 1632 320 1632
13 0 320 1632 320 1648
13 0 1120 1664 640 1664
13 0 640 1664 640 1680
13 0 1120 1696 880 1696
13 0 880 1696 880 1712
13 0 1120 1728 1040 1728
13 0 1040 1728 1040 1744
13 0 1120 1968 560 1968
13 0 1120 2000 640 2000
13 0 640 2000 640 2048
13 0 1120 2032 960 2032
13 0 960 2032 960 2048
13 0 1120 2128 640 2128
13 0 1120 2160 880 2160
13 0 880 2160 880 2176
13 0 1120 2192 960 2192
13 0 960 2192 960 2208
13 0 1120 2288 560 2288
13 0 560 2288 560 2304
13 0 1120 2320 640 2320
13 0 1120 2352 880 2352
13 0 2224 400 2240 400
13 0 2240 400 2240 160
13 5 2240 160 y
13 8 2240 160 2
13 2 880 448 1120 448
13 0 880 448 880 304
13 2 880 304 880 448
13 2 880 448 880 736
13 0 960 448 960 736
13 0 960 736 880 736
13 0 960 448 960 304
13 0 960 304 880 304
13 0 960 448 1120 448
13 2 960 448 1120 448
13 2 880 304 960 304
13 0 880 448 880 736
13 0 880 304 880 448
13 0 880 448 1120 448
13 0 912 448 1120 448
13 2 912 448 1120 448
13 2 880 448 912 448
13 0 1120 448 1040 448
13 0 992 1200 1120 1200
13 2 992 1200 1120 1200
13 2 880 1200 992 1200
13 0 1008 1232 1120 1232
13 2 1008 1232 1120 1232
13 2 960 1232 1008 1232
13 0 1120 1200 800 1200
13 0 1120 1232 1040 1232
