10 1 1
10 1 1
10 1 1
13 0 288 192 288 416
13 0 288 416 304 416
13 0 288 320 384 320
13 0 288 272 288 368
13 0 288 352 288 320
13 2 288 320 288 352
13 2 288 352 288 416
13 2 288 416 304 416
13 5 272 224 x1
13 5 688 352 test
13 8 272 224 1
13 8 272 224 1
13 8 272 224 1
13 7 688 352
13 8 688 352 0
13 2 288 320 384 320
13 2 288 192 288 320
13 7 272 224
13 8 272 224 0
13 8 272 224 0
13 5 224 208 x1
13 5 272 208 x2
13 7 272 208
13 8 272 208 0
13 8 384 288 1
13 8 224 208 1
13 7 224 208
13 8 224 208 0
13 8 224 208 0
