10 1 1
10 1 1
10 1 1
17 0 nd4 1120 2864 0
17 0 nd4 1120 3184 0
17 0 nd4 1120 3344 0
17 0 nd5 1120 3008 0
17 0 nd2 1440 2896 0
17 0 nd3 1120 3680 0
17 0 nd4 1120 3824 0
17 0 nd4 1120 3984 0
17 0 nd4 1120 4144 0
17 0 nd2 1440 3696 0
17 0 35
13 0 1120 3728 400 3728
13 0 1120 3760 560 3760
13 0 560 3760 560 3776
13 2 560 3760 1120 3760
13 2 400 3728 1120 3728
17 0 32
17 0 31
17 0 nd4 1120 3664 0
17 0 nd5 1120 3808 0
13 0 1120 3712 400 3712
13 0 1120 3744 560 3744
13 0 560 3744 560 3760
13 0 1120 3776 720 3776
13 0 720 3776 720 3792
13 0 1120 3808 1040 3808
13 0 1120 3856 400 3856
13 0 1120 3888 480 3888
13 0 480 3888 480 3904
13 0 1120 3920 720 3920
13 0 720 3920 720 3952
13 0 1120 3952 800 3952
13 0 800 3952 800 3968
13 0 1120 3984 960 3984
13 0 1120 4032 480 4032
13 0 1120 4064 640 4064
13 0 640 4064 640 4080
13 0 1120 4096 880 4096
13 0 880 4096 880 4128
13 0 1120 4128 1040 4128
13 0 1040 4128 1040 4144
13 0 1120 4192 320 4192
13 0 1120 4224 480 4224
13 0 480 4224 480 4256
13 0 1120 4256 880 4256
13 0 880 4256 880 4272
13 0 1120 4288 1040 4288
13 2 400 3712 1120 3712
13 2 560 3744 1120 3744
13 2 720 3776 1120 3776
13 2 1040 3808 1120 3808
13 2 400 3856 1120 3856
13 2 480 3888 1120 3888
13 2 720 3920 1120 3920
13 2 800 3952 1120 3952
13 2 960 3984 1120 3984
13 2 480 4032 1120 4032
13 2 640 4064 1120 4064
13 2 880 4096 1120 4096
13 2 1040 4128 1120 4128
13 2 320 4192 1120 4192
13 2 480 4224 1120 4224
13 2 880 4256 1120 4256
13 2 1040 4288 1120 4288
17 0 32
17 0 34
17 0 31
17 0 33
17 0 nd5 1328 3680 0
17 0 nd4 1328 4016 0
17 0 nd4 1328 3536 0
17 0 nd4 1328 3856 0
13 0 1312 3584 1328 3584
13 0 1056 3584 1312 3584
13 0 1056 3584 1056 3712
13 0 400 3712 1056 3712
13 0 1312 3616 1328 3616
13 0 1072 3616 1312 3616
13 0 1072 3616 1072 3744
13 0 560 3744 1072 3744
13 0 1312 3648 1328 3648
13 0 1088 3648 1312 3648
13 0 1088 3648 1088 3776
13 0 720 3776 1088 3776
13 0 1312 3680 1328 3680
13 0 1104 3680 1312 3680
13 0 1104 3680 1104 3808
13 0 1040 3808 1104 3808
13 0 1312 3728 1328 3728
13 0 1120 3728 1312 3728
13 0 1120 3728 1120 3856
13 0 400 3856 1120 3856
13 0 1312 3760 1328 3760
13 0 1136 3760 1312 3760
13 0 1136 3760 1136 3888
13 0 480 3888 1136 3888
13 0 1312 3792 1328 3792
13 0 1152 3792 1312 3792
13 0 1152 3792 1152 3920
13 0 720 3920 1152 3920
13 0 1312 3824 1328 3824
13 0 1168 3824 1312 3824
13 0 1168 3824 1168 3952
13 0 800 3952 1168 3952
13 0 1312 3856 1328 3856
13 0 1184 3856 1312 3856
13 0 1184 3856 1184 3984
13 0 960 3984 1184 3984
13 0 1312 3904 1328 3904
13 0 1200 3904 1312 3904
13 0 1200 3904 1200 4032
13 0 480 4032 1200 4032
13 0 1312 3936 1328 3936
13 0 1216 3936 1312 3936
13 0 1216 3936 1216 4064
13 0 640 4064 1216 4064
13 0 1312 3968 1328 3968
13 0 1232 3968 1312 3968
13 0 1232 3968 1232 4096
13 0 880 4096 1232 4096
13 0 1312 4000 1328 4000
13 0 1248 4000 1312 4000
13 0 1248 4000 1248 4128
13 0 1040 4128 1248 4128
13 0 1312 4064 1328 4064
13 0 1264 4064 1312 4064
13 0 1264 4064 1264 4192
13 0 320 4192 1264 4192
13 0 1312 4096 1328 4096
13 0 1280 4096 1312 4096
13 0 1280 4096 1280 4224
13 0 480 4224 1280 4224
13 0 1312 4128 1328 4128
13 0 1296 4128 1312 4128
13 0 1296 4128 1296 4256
13 0 880 4256 1296 4256
13 0 1312 4160 1328 4160
13 0 1312 4160 1312 4288
13 0 1040 4288 1312 4288
13 2 1040 4288 1312 4288
13 2 1312 4160 1312 4288
13 2 1312 4160 1328 4160
13 2 880 4256 1296 4256
13 2 1296 4128 1296 4256
13 0 1296 4128 1312 4128
13 2 1296 4128 1312 4128
13 2 1312 4128 1328 4128
13 2 480 4224 1280 4224
13 2 1280 4096 1280 4224
13 0 1280 4096 1312 4096
13 2 1280 4096 1312 4096
13 2 1312 4096 1328 4096
13 2 320 4192 1264 4192
13 2 1264 4064 1264 4192
13 0 1264 4064 1312 4064
13 2 1264 4064 1312 4064
13 2 1312 4064 1328 4064
13 2 1040 4128 1248 4128
13 2 1248 4000 1248 4128
13 0 1248 4000 1312 4000
13 2 1248 4000 1312 4000
13 2 1312 4000 1328 4000
13 2 880 4096 1232 4096
13 2 1232 3968 1232 4096
13 0 1232 3968 1312 3968
13 2 1232 3968 1312 3968
13 2 1312 3968 1328 3968
13 2 640 4064 1216 4064
13 2 1216 3936 1216 4064
13 0 1216 3936 1312 3936
13 2 1216 3936 1312 3936
13 2 1312 3936 1328 3936
13 2 480 4032 1200 4032
13 2 1200 3904 1200 4032
13 0 1200 3904 1312 3904
13 2 1200 3904 1312 3904
13 2 1312 3904 1328 3904
13 2 960 3984 1184 3984
13 2 1184 3856 1184 3984
13 0 1184 3856 1312 3856
13 2 1184 3856 1312 3856
13 2 1312 3856 1328 3856
13 2 800 3952 1168 3952
13 2 1168 3824 1168 3952
13 0 1168 3824 1312 3824
13 2 1168 3824 1312 3824
13 2 1312 3824 1328 3824
13 2 720 3920 1152 3920
13 2 1152 3792 1152 3920
13 0 1152 3792 1312 3792
13 2 1152 3792 1312 3792
13 2 1312 3792 1328 3792
13 2 480 3888 1136 3888
13 2 1136 3760 1136 3888
13 0 1136 3760 1312 3760
13 2 1136 3760 1312 3760
13 2 1312 3760 1328 3760
13 2 400 3856 1120 3856
13 2 1120 3728 1120 3856
13 0 1120 3728 1312 3728
13 2 1120 3728 1312 3728
13 2 1312 3728 1328 3728
13 2 1040 3808 1104 3808
13 2 1104 3680 1104 3808
13 0 1104 3680 1312 3680
13 2 1104 3680 1312 3680
13 2 1312 3680 1328 3680
13 2 720 3776 1088 3776
13 2 1088 3648 1088 3776
13 0 1088 3648 1312 3648
13 2 1088 3648 1312 3648
13 2 1312 3648 1328 3648
13 2 560 3744 1072 3744
13 2 1072 3616 1072 3744
13 0 1072 3616 1312 3616
13 2 1072 3616 1312 3616
13 2 1312 3616 1328 3616
13 2 400 3712 1056 3712
13 2 1056 3584 1056 3712
13 0 1056 3584 1312 3584
13 2 1056 3584 1312 3584
13 2 1312 3584 1328 3584
17 0 33
17 0 31
17 0 34
17 0 32
17 0 nd5 1120 3808 0
17 0 nd4 1120 4144 0
17 0 nd4 1120 3664 0
17 0 nd4 1120 3984 0
13 0 1040 4288 1120 4288
13 0 880 4256 1120 4256
13 0 480 4224 1120 4224
13 0 320 4192 1120 4192
13 0 1040 4128 1120 4128
13 0 880 4096 1120 4096
13 0 640 4064 1120 4064
13 0 480 4032 1120 4032
13 0 960 3984 1120 3984
13 0 800 3952 1120 3952
13 0 720 3920 1120 3920
13 0 480 3888 1120 3888
13 0 400 3856 1120 3856
13 0 1040 3808 1120 3808
13 0 720 3776 1120 3776
13 0 560 3744 1120 3744
13 0 400 3712 1120 3712
17 0 34
17 0 32
17 0 33
17 0 31
17 0 nd4 1120 4144 0
17 0 nd5 1120 3808 0
17 0 nd4 1120 3984 0
17 0 nd4 1120 3664 0
13 2 1040 4288 1120 4288
13 2 880 4256 1120 4256
13 2 480 4224 1120 4224
13 2 320 4192 1120 4192
13 2 1040 4128 1120 4128
13 2 880 4096 1120 4096
13 2 640 4064 1120 4064
13 2 480 4032 1120 4032
13 2 960 3984 1120 3984
13 2 800 3952 1120 3952
13 2 720 3920 1120 3920
13 2 480 3888 1120 3888
13 2 400 3856 1120 3856
13 2 1040 3808 1120 3808
13 2 720 3776 1120 3776
13 2 560 3744 1120 3744
13 2 400 3712 1120 3712
17 0 33
17 0 34
17 0 nd4 1120 3824 0
17 0 nd3 1120 3680 0
17 0 30
17 0 nd4 1440 2864 0
17 0 nd4 2096 3312 0
17 0 35
13 0 1264 2960 1280 2960
13 0 1280 2960 1280 2912
13 0 1280 2912 1440 2912
13 0 1440 2944 1312 2944
13 0 1312 2944 1312 3120
13 0 1312 3120 1264 3120
13 0 1440 2976 1344 2976
13 0 1344 2976 1344 3168
13 2 1344 2976 1344 3168
13 2 1344 2976 1440 2976
13 0 1440 2976 1344 2976
13 2 1344 2976 1440 2976
13 2 1264 3120 1312 3120
13 0 1312 3120 1264 3120
13 0 1440 2976 1344 2976
13 0 1344 2976 1344 3280
13 0 1344 3280 1264 3280
13 0 1440 3008 1376 3008
13 0 1376 3008 1376 3440
13 0 1376 3440 1264 3440
17 0 nd4 1440 3664 0
13 0 1440 3712 1280 3712
13 0 1280 3712 1280 3760
13 0 1280 3760 1264 3760
13 0 1264 3760 1264 3872
13 2 1264 3760 1264 3872
13 0 1440 3744 1312 3744
13 0 1312 3744 1312 3760
13 0 1312 3760 1312 3920
13 0 1312 3920 1264 3920
13 0 1440 3776 1344 3776
13 0 1344 3776 1344 3792
13 0 1344 3792 1344 3968
13 0 1344 3792 1344 3968
13 2 1344 3792 1344 3968
13 2 1344 3776 1344 3792
13 2 1344 3776 1440 3776
13 0 1440 3776 1344 3776
13 0 1344 3776 1344 3824
13 0 1344 3824 1344 4080
13 0 1344 4080 1264 4080
13 0 1440 3808 1376 3808
13 0 1376 3808 1376 4240
13 0 1376 4240 1264 4240
17 0 nd3 1120 4480 0
17 0 nd3 1120 4640 0
17 0 nd3 1120 4800 0
17 0 nd3 1440 4480 0
13 0 1440 4528 1280 4528
13 0 1280 4528 1280 4560
13 0 1280 4560 1264 4560
13 0 1440 4560 1312 4560
13 0 1312 4560 1312 4720
13 0 1312 4720 1264 4720
13 0 1440 4592 1344 4592
13 0 1344 4592 1344 4672
13 0 1344 4672 1344 4880
13 0 1344 4880 1264 4880
17 0 nd2 1760 2896 0
17 0 nd2 1760 3696 0
17 0 nd3 1760 4480 0
13 0 1584 2960 1600 2960
13 0 1600 2960 1600 2944
13 0 1600 2944 1616 2944
13 0 1616 2944 1760 2944
13 0 1584 3760 1600 3760
13 0 1600 3760 1600 3776
13 0 1600 3776 1616 3776
13 0 1616 3776 1760 3776
13 0 1760 3744 1632 3744
13 0 1632 3744 1632 3680
13 0 1632 3680 240 3680
13 0 1632 2944 1760 2944
13 2 1632 2944 1760 2944
13 2 1600 2944 1632 2944
17 0 40
17 0 30
17 0 29
17 0 28
17 0 27
17 0 26
13 2 1280 2912 1440 2912
13 2 1312 2944 1440 2944
13 2 1264 2960 1280 2960
13 2 1584 2960 1600 2960
13 2 1344 2976 1440 2976
13 2 1376 3008 1440 3008
13 2 1264 3120 1312 3120
13 2 1264 3280 1344 3280
13 2 1264 3440 1376 3440
13 2 1280 2912 1280 2960
13 2 1312 2944 1312 3120
13 2 1344 2976 1344 3280
13 2 1376 3008 1376 3440
13 2 1600 2944 1600 2960
17 0 35
17 0 33
17 0 34
17 0 32
17 0 31
13 0 1104 3680 1632 3680
13 2 1104 3680 1632 3680
13 2 1280 3712 1440 3712
13 2 1312 3744 1440 3744
13 2 1632 3744 1760 3744
13 2 1264 3760 1280 3760
13 2 1584 3760 1600 3760
13 2 1344 3776 1440 3776
13 2 1600 3776 1760 3776
13 2 1376 3808 1440 3808
13 2 1264 3920 1312 3920
13 2 1264 4080 1344 4080
13 2 1264 4240 1376 4240
13 2 1280 3712 1280 3760
13 2 1312 3744 1312 3920
13 2 1344 3776 1344 4080
13 2 1376 3808 1376 4240
13 2 1600 3760 1600 3776
13 2 1632 3680 1632 3744
17 0 41
13 0 1072 3680 1104 3680
13 2 1072 3680 1104 3680
13 2 240 3680 1072 3680
17 0 42
17 0 39
17 0 38
17 0 37
17 0 36
13 2 1280 4528 1440 4528
13 2 1264 4560 1280 4560
13 2 1312 4560 1440 4560
13 2 1344 4592 1440 4592
13 2 1264 4720 1312 4720
13 2 1264 4880 1344 4880
13 2 1280 4528 1280 4560
13 2 1312 4560 1312 4720
13 2 1344 4592 1344 4880
