10 1 1
10 1 1
10 1 1
17 0 inv 480 320 1
13 0 432 416 432 784
13 0 304 240 304 784
13 0 432 320 304 320
13 0 336 320 432 320
13 2 336 320 432 320
13 2 304 320 336 320
13 2 432 416 432 784
17 0 1
17 0 inv 400 272 1
13 0 352 368 352 736
11 0 1 536 860 644 788
11 4 1 6
13 0 304 736 304 816
13 0 304 816 512 816
13 2 304 816 512 816
13 0 304 784 304 816
13 2 304 784 304 816
13 0 304 784 304 736
13 0 304 784 304 752
13 2 304 240 304 784
13 0 304 736 304 240
13 0 352 272 304 272
13 0 304 384 304 272
13 2 304 272 304 384
13 2 304 384 304 736
13 0 288 384 288 736
13 0 288 736 304 736
13 0 288 384 288 272
13 0 288 272 304 272
13 2 304 272 352 272
13 2 288 272 304 272
13 2 304 240 304 272
13 0 288 272 288 240
13 0 288 240 304 240
13 0 288 272 352 272
13 2 288 240 304 240
13 2 288 240 288 272
13 0 288 224 288 272
13 2 288 224 288 272
13 0 288 208 288 272
13 5 288 208 x1
13 8 288 208 1
13 8 288 208 1
13 7 288 208
13 8 288 208 0
13 2 288 736 304 736
13 2 288 272 288 736
13 0 288 976 288 272
13 2 352 368 352 736
13 0 352 976 352 368
13 2 288 272 288 976
13 0 304 1056 288 1056
13 0 288 272 288 1056
13 2 288 1056 304 1056
13 2 352 368 352 976
13 0 368 1072 368 368
13 0 368 368 352 368
13 0 368 448 368 368
13 2 368 368 368 448
13 2 368 448 368 1072
13 0 352 448 352 1072
13 0 352 1072 368 1072
13 0 352 448 352 368
13 0 352 368 368 368
13 2 352 368 368 368
13 2 352 1072 368 1072
13 0 352 1056 352 1072
13 2 352 368 352 1072
13 0 352 1056 352 368
17 0 inv 512 272 1
13 0 400 272 464 272
13 0 400 208 400 272
13 0 400 272 400 1056
13 0 464 368 464 1056
17 0 inv 624 272 1
13 0 512 272 576 272
13 0 512 208 512 272
13 0 512 272 512 1056
13 0 576 368 576 1056
17 0 inv 736 272 1
13 0 624 272 688 272
13 0 624 208 624 272
13 0 624 272 624 1056
13 0 688 368 688 1056
17 0 inv 848 272 1
13 0 736 272 800 272
13 0 736 208 736 272
13 0 736 272 736 1056
13 0 800 368 800 1056
17 0 inv 960 272 1
13 0 848 272 912 272
13 0 848 208 848 272
13 0 848 272 848 1056
13 0 912 368 912 1056
13 5 288 208 x1
13 5 400 208 x2
13 5 512 208 x3
13 5 624 208 x4
13 5 736 208 x5
13 5 848 208 x6
13 8 848 192 1
13 8 848 192 1
13 8 288 208 1
13 8 400 208 1
13 8 512 208 1
13 8 624 208 1
13 8 736 208 1
13 8 848 208 1
17 0 and4 992 336 0
17 0 and5 992 480 0
17 0 and4 992 656 0
17 0 and4 992 800 0
17 0 and3 992 944 0
17 0 11
17 0 10
17 0 9
17 0 8
17 0 7
17 0 and4 992 832 0
17 0 and4 992 688 0
17 0 and5 992 512 0
17 0 and4 992 368 0
17 0 or5 1248 592 0
13 0 1136 928 1136 768
13 0 1136 768 1136 784
13 0 1136 784 1136 928
13 2 1136 784 1136 928
13 2 1136 768 1136 784
13 0 1136 928 1248 928
13 0 1248 928 1248 768
13 0 1136 624 1136 704
13 0 1136 704 1248 704
13 0 1248 672 1168 672
13 0 1168 672 1168 464
13 0 1168 464 1136 464
13 0 1248 736 1136 736
13 0 1136 736 1136 784
13 0 1264 896 1248 896
13 2 1248 896 1264 896
13 0 1248 896 1248 768
13 2 1248 768 1248 896
13 2 1248 896 1248 928
13 0 1216 928 1248 928
13 2 1216 928 1248 928
13 2 1136 928 1216 928
13 0 1248 768 1168 768
13 0 1168 768 1168 928
13 0 1168 928 1136 928
13 0 352 384 1248 384
13 0 1248 384 1248 640
