10 1 1
10 1 1
10 1 1
10 1 1
13 0 240 400 240 304
13 2 240 304 240 400
13 2 240 400 240 1040
13 0 1168 336 1168 1040
13 0 1168 1040 240 1040
13 0 1168 336 1168 304
13 0 1168 304 240 304
13 0 240 304 1040 304
13 0 240 304 880 304
13 0 240 304 720 304
13 0 240 304 560 304
13 0 240 304 400 304
13 0 400 304 560 304
13 0 560 304 720 304
13 0 720 304 880 304
13 0 880 304 1040 304
13 0 1040 304 1168 304
13 2 1040 304 1168 304
13 2 880 304 1040 304
13 2 720 304 880 304
13 2 560 304 720 304
13 2 400 304 560 304
13 2 240 304 400 304
13 0 1168 336 1168 304
13 2 1168 304 1168 336
13 2 1168 336 1168 1040
13 0 240 400 240 1040
13 0 240 304 240 400
