10 1 1
10 1 1
10 1 1
10 1 101
10 1 1
10 1 1
10 3 1
10 1 1
10 1 1
17 0 inv 288 208 1
17 0 inv 608 208 1
17 0 inv 768 208 1
17 0 inv 448 208 1
17 0 inv 928 208 1
17 0 inv 1088 208 1
17 0 and4 1120 304 0
17 0 and4 1120 624 0
17 0 and4 1120 784 0
17 0 and4 1120 1584 0
17 0 and4 1120 1424 0
17 0 and4 1120 1264 0
17 0 and5 1120 448 0
17 0 and5 1760 2528 0
17 0 and3 1120 1120 0
17 0 and3 1120 2240 0
17 0 and3 1120 2080 0
17 0 and3 1120 1920 0
17 0 and3 1760 1920 0
17 0 or4 1440 304 0
17 0 or4 1440 1104 0
17 0 or4 2080 304 0
17 0 or3 1440 1920 0
17 0 and2 1760 336 0
17 0 and2 1760 1136 0
13 0 160 208 240 208
13 0 320 208 400 208
13 0 480 208 560 208
13 0 640 208 720 208
13 0 800 208 880 208
13 0 960 208 1040 208
13 0 400 352 1120 352
13 0 1280 352 1440 352
13 0 1920 352 2080 352
13 0 560 384 1120 384
13 0 1312 384 1440 384
13 0 1600 384 1760 384
13 0 1952 384 2080 384
13 0 1264 400 1280 400
13 0 1584 400 1600 400
13 0 1904 400 1920 400
13 0 2224 400 2240 400
13 0 720 416 1120 416
13 0 1344 416 1440 416
13 0 1632 416 1760 416
13 0 1984 416 2080 416
13 0 1040 448 1120 448
13 0 1376 448 1440 448
13 0 2016 448 2080 448
13 0 400 496 1120 496
13 0 480 528 1120 528
13 0 720 560 1120 560
13 0 1264 560 1312 560
13 0 800 592 1120 592
13 0 960 624 1120 624
13 0 480 672 1120 672
13 0 640 704 1120 704
13 0 1264 720 1344 720
13 0 880 736 1120 736
13 0 1040 768 1120 768
13 0 320 832 1120 832
13 0 480 864 1120 864
13 0 1264 880 1376 880
13 0 880 896 1120 896
13 0 1040 928 1120 928
13 0 240 1040 1632 1040
13 0 1280 1152 1440 1152
13 0 320 1168 1120 1168
13 0 1312 1184 1440 1184
13 0 1600 1184 1760 1184
13 0 800 1200 1120 1200
13 0 1264 1200 1280 1200
13 0 1584 1200 1600 1200
13 0 1904 1200 1952 1200
13 0 1344 1216 1440 1216
13 0 1632 1216 1760 1216
13 0 1040 1232 1120 1232
13 0 1376 1248 1440 1248
13 0 320 1312 1120 1312
13 0 560 1344 1120 1344
13 0 1264 1360 1312 1360
13 0 640 1376 1120 1376
13 0 800 1408 1120 1408
13 0 320 1472 1120 1472
13 0 480 1504 1120 1504
13 0 1264 1520 1344 1520
13 0 640 1536 1120 1536
13 0 880 1568 1120 1568
13 0 320 1632 1120 1632
13 0 640 1664 1120 1664
13 0 1264 1680 1376 1680
13 0 880 1696 1120 1696
13 0 1040 1728 1120 1728
13 0 240 1840 1632 1840
13 0 560 1968 1120 1968
13 0 1280 1968 1440 1968
13 0 1600 1968 1760 1968
13 0 640 2000 1120 2000
13 0 1264 2000 1280 2000
13 0 1312 2000 1440 2000
13 0 1584 2000 1600 2000
13 0 1632 2000 1760 2000
13 0 1904 2000 1984 2000
13 0 960 2032 1120 2032
13 0 1344 2032 1440 2032
13 0 1664 2032 1760 2032
13 0 640 2128 1120 2128
13 0 880 2160 1120 2160
13 0 1264 2160 1312 2160
13 0 960 2192 1120 2192
13 0 560 2288 1120 2288
13 0 640 2320 1120 2320
13 0 1264 2320 1344 2320
13 0 880 2352 1120 2352
13 0 160 2464 1632 2464
13 0 400 2496 1664 2496
13 0 160 2576 1760 2576
13 0 560 2608 1760 2608
13 0 640 2640 1760 2640
13 0 1904 2640 2016 2640
13 0 880 2672 1760 2672
13 0 960 2704 1760 2704
13 0 160 160 160 208
13 0 160 208 160 2464
13 0 160 2464 160 2576
13 0 160 2576 160 5280
13 0 240 304 240 1040
13 0 240 1040 240 1840
13 0 240 1840 240 5280
13 0 320 160 320 208
13 0 320 208 320 832
13 0 320 832 320 1168
13 0 320 1168 320 1312
13 0 320 1312 320 1472
13 0 320 1472 320 1632
13 0 320 1632 320 5280
13 0 400 304 400 352
13 0 400 352 400 496
13 0 400 496 400 2496
13 0 400 2496 400 5280
13 0 480 160 480 208
13 0 480 208 480 528
13 0 480 528 480 672
13 0 480 672 480 864
13 0 480 864 480 1504
13 0 480 1504 480 5280
13 0 560 304 560 384
13 0 560 384 560 1344
13 0 560 1344 560 1968
13 0 560 1968 560 2288
13 0 560 2288 560 2608
13 0 560 2608 560 5280
13 0 640 160 640 208
13 0 640 208 640 704
13 0 640 704 640 1376
13 0 640 1376 640 1536
13 0 640 1536 640 1664
13 0 640 1664 640 2000
13 0 640 2000 640 2128
13 0 640 2128 640 2320
13 0 640 2320 640 2640
13 0 640 2640 640 5280
13 0 720 304 720 416
13 0 720 416 720 560
13 0 720 560 720 5280
13 0 800 160 800 208
13 0 800 208 800 592
13 0 800 592 800 1200
13 0 800 1200 800 1408
13 0 800 1408 800 5280
13 0 880 304 880 736
13 0 880 736 880 896
13 0 880 896 880 1568
13 0 880 1568 880 1696
13 0 880 1696 880 2160
13 0 880 2160 880 2352
13 0 880 2352 880 2672
13 0 880 2672 880 5280
13 0 960 160 960 208
13 0 960 208 960 624
13 0 960 624 960 2032
13 0 960 2032 960 2192
13 0 960 2192 960 2704
13 0 960 2704 960 5280
13 0 1040 304 1040 448
13 0 1040 448 1040 768
13 0 1040 768 1040 928
13 0 1040 928 1040 1232
13 0 1040 1232 1040 1728
13 0 1040 1728 1040 5280
13 0 1280 352 1280 400
13 0 1280 1152 1280 1200
13 0 1280 1968 1280 2000
13 0 1312 384 1312 560
13 0 1312 1184 1312 1360
13 0 1312 2000 1312 2160
13 0 1344 416 1344 720
13 0 1344 1216 1344 1520
13 0 1344 2032 1344 2320
13 0 1376 448 1376 880
13 0 1376 1248 1376 1680
13 0 1600 384 1600 400
13 0 1600 1184 1600 1200
13 0 1600 1968 1600 2000
13 0 1632 416 1632 1040
13 0 1632 1216 1632 1840
13 0 1632 2000 1632 2464
13 0 1664 2032 1664 2496
13 0 1920 352 1920 400
13 0 1952 384 1952 1200
13 0 1984 416 1984 2000
13 0 2016 448 2016 2640
13 0 2240 160 2240 400
13 5 160 160 x1
13 5 320 160 x2
13 5 480 160 x3
13 5 640 160 x4
13 5 800 160 x5
13 5 960 160 x6
13 5 2240 160 y
13 8 160 160 1
13 8 320 160 1
13 8 480 160 1
13 8 640 160 1
13 8 800 160 1
13 8 960 160 1
13 8 2240 160 2
17 0 24
17 0 22
17 0 20
13 2 1280 352 1440 352
13 2 1920 352 2080 352
13 2 1312 384 1440 384
13 2 1600 384 1760 384
13 2 1952 384 2080 384
13 2 1264 400 1280 400
13 2 1584 400 1600 400
13 2 1904 400 1920 400
13 2 2224 400 2240 400
13 2 1344 416 1440 416
13 2 1632 416 1760 416
13 2 1984 416 2080 416
13 2 1376 448 1440 448
13 2 2016 448 2080 448
13 2 1264 560 1312 560
13 2 1264 720 1344 720
13 2 1264 880 1376 880
13 0 1168 1040 1632 1040
13 2 1168 1040 1632 1040
13 2 1280 1152 1440 1152
13 2 1280 352 1280 400
13 0 1280 1152 1280 1168
13 2 1280 1152 1280 1168
13 2 1312 384 1312 560
13 2 1344 416 1344 720
13 2 1376 448 1376 880
13 2 1600 384 1600 400
13 2 1632 416 1632 1040
13 2 1920 352 1920 400
13 0 1952 384 1952 1168
13 2 1952 384 1952 1168
13 0 1984 416 1984 1168
13 2 1984 416 1984 1168
13 0 2016 448 2016 1168
13 2 2016 448 2016 1168
13 2 2240 160 2240 400
13 7 2240 160
13 8 2240 160 0
13 8 2240 160 0
17 0 13
17 0 9
17 0 8
17 0 7
13 0 1104 352 1120 352
13 2 1104 352 1120 352
13 0 1104 384 1120 384
13 2 1104 384 1120 384
13 0 1104 416 1120 416
13 2 1104 416 1120 416
13 0 1104 448 1120 448
13 2 1104 448 1120 448
13 0 1104 496 1120 496
13 2 1104 496 1120 496
13 0 1104 528 1120 528
13 2 1104 528 1120 528
13 0 1104 560 1120 560
13 2 1104 560 1120 560
13 0 1104 592 1120 592
13 2 1104 592 1120 592
13 0 1104 624 1120 624
13 2 1104 624 1120 624
13 0 1104 672 1120 672
13 2 1104 672 1120 672
13 0 1104 704 1120 704
13 2 1104 704 1120 704
13 0 1104 736 1120 736
13 2 1104 736 1120 736
13 0 1104 768 1120 768
13 2 1104 768 1120 768
13 0 1104 832 1120 832
13 2 1104 832 1120 832
13 0 1104 864 1120 864
13 2 1104 864 1120 864
13 0 1104 896 1120 896
13 2 1104 896 1120 896
13 0 1104 928 1120 928
13 2 1104 928 1120 928
13 0 1088 1040 1168 1040
13 2 1088 1040 1168 1040
13 2 240 1040 1088 1040
13 0 1088 352 1104 352
13 2 1088 352 1104 352
13 2 400 352 1088 352
13 2 480 672 1104 672
13 2 640 704 1104 704
13 2 880 736 1104 736
13 2 1040 768 1104 768
13 0 480 528 480 672
13 2 480 528 480 672
13 2 480 672 480 864
13 2 560 384 560 1344
13 0 640 208 640 704
13 2 640 208 640 704
13 2 640 704 640 1376
13 2 720 560 720 5280
13 2 800 592 800 1200
13 0 880 304 880 736
13 2 880 304 880 736
13 2 880 736 880 896
13 2 960 624 960 2032
13 0 1040 448 1040 768
13 2 1040 448 1040 768
13 2 1040 768 1040 928
13 0 480 672 1104 672
13 0 640 704 1104 704
13 0 880 736 1104 736
13 0 1040 768 1104 768
13 0 480 656 480 672
13 0 480 528 480 656
13 0 480 672 480 800
13 0 480 800 480 864
13 0 560 656 560 800
13 0 560 384 560 656
13 0 560 656 560 800
13 0 560 800 560 1344
13 0 640 656 640 704
13 0 640 208 640 656
13 0 640 704 640 800
13 0 640 800 640 1376
13 0 720 656 720 800
13 0 720 560 720 656
13 0 720 656 720 800
13 0 720 800 720 5280
13 0 800 656 800 800
13 0 800 592 800 656
13 0 800 656 800 800
13 0 800 800 800 1200
13 0 880 656 880 736
13 0 880 304 880 656
13 0 880 736 880 800
13 0 880 800 880 896
13 0 960 656 960 800
13 0 960 624 960 656
13 0 960 656 960 800
13 0 960 800 960 2032
13 0 1040 656 1040 768
13 0 1040 448 1040 656
13 0 1040 768 1040 800
13 0 1040 800 1040 928
13 0 1040 800 1040 928
13 2 1040 800 1040 928
13 2 1040 768 1040 800
13 0 1040 448 1040 656
13 2 1040 448 1040 656
13 2 1040 656 1040 768
13 0 960 800 960 2032
13 2 960 800 960 2032
13 0 960 624 960 656
13 2 960 624 960 656
13 2 960 656 960 800
13 0 880 800 880 896
13 2 880 800 880 896
13 2 880 736 880 800
13 0 880 304 880 656
13 2 880 304 880 656
13 2 880 656 880 736
13 0 800 800 800 1200
13 2 800 800 800 1200
13 0 800 592 800 656
13 2 800 592 800 656
13 2 800 656 800 800
13 0 720 800 720 5280
13 2 720 800 720 5280
13 0 720 560 720 656
13 2 720 560 720 656
13 2 720 656 720 800
13 0 640 800 640 1376
13 2 640 800 640 1376
13 2 640 704 640 800
13 0 640 208 640 656
13 2 640 208 640 656
13 2 640 656 640 704
13 0 560 800 560 1344
13 2 560 800 560 1344
13 0 560 384 560 656
13 2 560 384 560 656
13 2 560 656 560 800
13 0 480 800 480 864
13 2 480 800 480 864
13 2 480 672 480 800
13 0 480 528 480 656
13 2 480 528 480 656
13 2 480 656 480 672
13 2 1040 768 1104 768
13 2 880 736 1104 736
13 2 640 704 1104 704
13 2 480 672 1104 672
13 0 1040 768 1040 928
13 0 1040 448 1040 768
13 0 960 624 960 2032
13 0 880 736 880 896
13 0 880 304 880 736
13 0 800 592 800 1200
13 0 720 560 720 5280
13 0 640 704 640 1376
13 0 640 208 640 704
13 0 560 384 560 1344
13 0 480 672 480 864
13 0 480 528 480 672
13 0 1040 768 1104 768
13 0 880 736 1104 736
13 0 640 704 1104 704
13 0 480 672 1104 672
13 0 400 352 1088 352
13 0 1088 352 1104 352
13 0 240 1040 1088 1040
13 0 1088 1040 1168 1040
13 0 1104 928 1120 928
13 0 1104 896 1120 896
13 0 1104 864 1120 864
13 0 1104 832 1120 832
13 0 1104 768 1120 768
13 0 1104 736 1120 736
13 0 1104 704 1120 704
13 0 1104 672 1120 672
13 0 1104 624 1120 624
13 0 1104 592 1120 592
13 0 1104 560 1120 560
13 0 1104 528 1120 528
13 0 1104 496 1120 496
13 0 1104 448 1120 448
13 0 1104 416 1120 416
13 0 1104 384 1120 384
13 0 1104 352 1120 352
17 0 and5 1120 448 0
17 0 and4 1120 784 0
17 0 and4 1120 624 0
17 0 and4 1120 304 0
17 0 13
17 0 9
17 0 8
17 0 7
13 0 1088 352 1120 352
13 2 1088 352 1120 352
13 0 1088 384 1120 384
13 2 1088 384 1120 384
13 0 1088 416 1120 416
13 2 1088 416 1120 416
13 0 1088 448 1120 448
13 2 1088 448 1120 448
13 0 1088 496 1120 496
13 2 1088 496 1120 496
13 0 1088 528 1120 528
13 2 1088 528 1120 528
13 0 1088 560 1120 560
13 2 1088 560 1120 560
13 0 1088 592 1120 592
13 2 1088 592 1120 592
13 0 1088 624 1120 624
13 2 1088 624 1120 624
13 0 1088 672 1120 672
13 2 1088 672 1120 672
13 0 1088 704 1120 704
13 2 1088 704 1120 704
13 0 1088 736 1120 736
13 2 1088 736 1120 736
13 0 1088 768 1120 768
13 2 1088 768 1120 768
13 0 1088 832 1120 832
13 2 1088 832 1120 832
13 0 1088 864 1120 864
13 2 1088 864 1120 864
13 0 1088 896 1120 896
13 2 1088 896 1120 896
13 0 1088 928 1120 928
13 2 1088 928 1120 928
13 0 1072 352 1088 352
13 2 1072 352 1088 352
13 2 400 352 1072 352
13 0 1056 384 1088 384
13 2 1056 384 1088 384
13 2 560 384 1056 384
13 0 1056 416 1088 416
13 2 1056 416 1088 416
13 2 720 416 1056 416
13 0 1072 448 1088 448
13 2 1072 448 1088 448
13 2 1040 448 1072 448
13 0 1072 496 1088 496
13 2 1072 496 1088 496
13 2 400 496 1072 496
13 0 1072 528 1088 528
13 2 1072 528 1088 528
13 2 480 528 1072 528
13 0 1072 560 1088 560
13 2 1072 560 1088 560
13 2 720 560 1072 560
13 0 1072 592 1088 592
13 2 1072 592 1088 592
13 2 800 592 1072 592
13 0 1072 624 1088 624
13 2 1072 624 1088 624
13 2 960 624 1072 624
13 0 1072 672 1088 672
13 2 1072 672 1088 672
13 2 480 672 1072 672
13 2 640 704 1088 704
13 0 1072 736 1088 736
13 2 1072 736 1088 736
13 2 880 736 1072 736
13 0 1072 768 1088 768
13 2 1072 768 1088 768
13 2 1040 768 1072 768
13 0 1072 832 1088 832
13 2 1072 832 1088 832
13 2 320 832 1072 832
13 0 1072 864 1088 864
13 2 1072 864 1088 864
13 2 480 864 1072 864
13 0 1072 896 1088 896
13 2 1072 896 1088 896
13 2 880 896 1072 896
13 0 1072 928 1088 928
13 2 1072 928 1088 928
13 2 1040 928 1072 928
13 0 1120 1040 1168 1040
13 2 1120 1040 1168 1040
13 2 240 1040 1120 1040
17 0 25
17 0 23
17 0 21
17 0 19
17 0 18
17 0 17
17 0 16
17 0 15
17 0 14
17 0 12
17 0 11
17 0 10
13 2 320 1168 1120 1168
13 2 1312 1184 1440 1184
13 2 1600 1184 1760 1184
13 2 800 1200 1120 1200
13 2 1264 1200 1280 1200
13 2 1584 1200 1600 1200
13 2 1904 1200 1952 1200
13 2 1344 1216 1440 1216
13 2 1632 1216 1760 1216
13 2 1040 1232 1120 1232
13 2 1376 1248 1440 1248
13 2 320 1312 1120 1312
13 2 560 1344 1120 1344
13 2 1264 1360 1312 1360
13 2 640 1376 1120 1376
13 2 800 1408 1120 1408
13 2 320 1472 1120 1472
13 2 480 1504 1120 1504
13 2 1264 1520 1344 1520
13 2 640 1536 1120 1536
13 2 880 1568 1120 1568
13 2 320 1632 1120 1632
13 2 640 1664 1120 1664
13 2 1264 1680 1376 1680
13 2 880 1696 1120 1696
13 2 1040 1728 1120 1728
13 2 240 1840 1632 1840
13 2 560 1968 1120 1968
13 2 1280 1968 1440 1968
13 2 1600 1968 1760 1968
13 2 640 2000 1120 2000
13 2 1264 2000 1280 2000
13 2 1312 2000 1440 2000
13 2 1584 2000 1600 2000
13 2 1632 2000 1760 2000
13 2 1904 2000 1984 2000
13 2 960 2032 1120 2032
13 2 1344 2032 1440 2032
13 2 1664 2032 1760 2032
13 2 640 2128 1120 2128
13 2 880 2160 1120 2160
13 2 1264 2160 1312 2160
13 2 960 2192 1120 2192
13 2 560 2288 1120 2288
13 2 640 2320 1120 2320
13 2 1264 2320 1344 2320
13 2 880 2352 1120 2352
13 2 160 2464 1632 2464
13 2 400 2496 1664 2496
13 2 160 2576 1760 2576
13 2 560 2608 1760 2608
13 2 640 2640 1760 2640
13 2 1904 2640 2016 2640
13 2 880 2672 1760 2672
13 2 960 2704 1760 2704
13 0 160 1008 160 2464
13 2 160 1008 160 2464
13 0 160 2464 160 2576
13 2 160 2464 160 2576
13 0 160 2576 160 2960
13 2 160 2576 160 2960
13 0 240 1008 240 1840
13 2 240 1008 240 1840
13 0 240 1840 240 2960
13 2 240 1840 240 2960
13 0 320 1008 320 1168
13 2 320 1008 320 1168
13 0 320 1168 320 1312
13 2 320 1168 320 1312
13 0 320 1312 320 1472
13 2 320 1312 320 1472
13 0 320 1472 320 1632
13 2 320 1472 320 1632
13 0 320 1632 320 2960
13 2 320 1632 320 2960
13 0 400 1008 400 2496
13 2 400 1008 400 2496
13 0 400 2496 400 2960
13 2 400 2496 400 2960
13 0 480 1008 480 1504
13 2 480 1008 480 1504
13 0 480 1504 480 2960
13 2 480 1504 480 2960
13 0 560 1008 560 1344
13 2 560 1008 560 1344
13 0 560 1344 560 1968
13 2 560 1344 560 1968
13 0 560 1968 560 2288
13 2 560 1968 560 2288
13 0 560 2288 560 2608
13 2 560 2288 560 2608
13 0 560 2608 560 2960
13 2 560 2608 560 2960
13 0 640 1008 640 1376
13 2 640 1008 640 1376
13 0 640 1376 640 1536
13 2 640 1376 640 1536
13 0 640 1536 640 1664
13 2 640 1536 640 1664
13 0 640 1664 640 2000
13 2 640 1664 640 2000
13 0 640 2000 640 2128
13 2 640 2000 640 2128
13 0 640 2128 640 2320
13 2 640 2128 640 2320
13 0 640 2320 640 2640
13 2 640 2320 640 2640
13 0 640 2640 640 2960
13 2 640 2640 640 2960
13 0 720 1008 720 2960
13 2 720 1008 720 2960
13 0 800 1008 800 1200
13 2 800 1008 800 1200
13 0 800 1200 800 1408
13 2 800 1200 800 1408
13 0 800 1408 800 2960
13 2 800 1408 800 2960
13 0 880 1008 880 1568
13 2 880 1008 880 1568
13 0 880 1568 880 1696
13 2 880 1568 880 1696
13 0 880 1696 880 2160
13 2 880 1696 880 2160
13 0 880 2160 880 2352
13 2 880 2160 880 2352
13 0 880 2352 880 2672
13 2 880 2352 880 2672
13 0 880 2672 880 2960
13 2 880 2672 880 2960
13 0 960 1008 960 2032
13 2 960 1008 960 2032
13 0 960 2032 960 2192
13 2 960 2032 960 2192
13 0 960 2192 960 2704
13 2 960 2192 960 2704
13 0 960 2704 960 2960
13 2 960 2704 960 2960
13 0 1040 1008 1040 1232
13 2 1040 1008 1040 1232
13 0 1040 1232 1040 1728
13 2 1040 1232 1040 1728
13 0 1040 1728 1040 2960
13 2 1040 1728 1040 2960
13 2 1280 1168 1280 1200
13 2 1280 1968 1280 2000
13 2 1312 1184 1312 1360
13 2 1312 2000 1312 2160
13 2 1344 1216 1344 1520
13 2 1344 2032 1344 2320
13 2 1376 1248 1376 1680
13 2 1600 1184 1600 1200
13 2 1600 1968 1600 2000
13 2 1632 1216 1632 1840
13 2 1632 2000 1632 2464
13 2 1664 2032 1664 2496
13 2 1952 1168 1952 1200
13 2 1984 1168 1984 2000
13 2 2016 1168 2016 2640
13 2 160 2960 160 5280
13 2 240 2960 240 5280
13 2 320 2960 320 5280
13 2 400 2960 400 5280
13 2 480 2960 480 5280
13 2 560 2960 560 5280
13 2 640 2960 640 5280
13 2 720 2960 720 5280
13 2 800 2960 800 5280
13 2 880 2960 880 5280
13 2 960 2960 960 5280
13 2 1040 2960 1040 5280
13 2 160 208 160 1008
13 2 240 304 240 1008
13 2 320 208 320 1008
13 2 400 304 400 1008
13 2 480 208 480 1008
13 2 560 304 560 1008
13 2 640 208 640 1008
13 2 720 304 720 1008
13 2 800 208 800 1008
13 2 880 304 880 1008
13 2 960 208 960 1008
13 2 1040 304 1040 1008
13 0 160 1536 160 1568
13 0 160 208 160 1536
13 0 240 1536 240 1568
13 0 240 1520 240 1536
13 0 240 304 240 1520
13 0 320 1536 320 1568
13 0 320 1504 320 1536
13 0 320 208 320 1504
13 0 400 1536 400 1568
13 0 400 1488 400 1536
13 0 400 304 400 1488
13 0 480 1536 480 1568
13 0 480 1472 480 1536
13 0 480 208 480 1472
13 0 560 1536 560 1568
13 0 560 1456 560 1536
13 0 560 304 560 1456
13 0 640 1536 640 1568
13 0 640 1440 640 1536
13 0 640 208 640 1440
13 0 720 1536 720 1568
13 0 720 1424 720 1536
13 0 720 304 720 1424
13 0 800 1536 800 1568
13 0 800 1408 800 1536
13 0 800 208 800 1408
13 0 880 1536 880 1568
13 0 880 1392 880 1536
13 0 880 304 880 1392
13 0 960 1536 960 1568
13 0 960 1376 960 1536
13 0 960 208 960 1376
13 0 1040 1536 1040 1568
13 0 1040 1360 1040 1536
13 0 1040 304 1040 1360
13 0 800 1552 800 208
13 2 800 208 800 1552
13 2 800 1552 800 1568
13 0 800 1552 800 1568
13 0 800 1552 800 208
13 2 160 208 160 1568
13 2 240 304 240 1568
13 2 320 208 320 1568
13 2 400 304 400 1568
13 2 480 208 480 1568
13 2 560 304 560 1568
13 2 640 208 640 1568
13 2 720 304 720 1568
13 2 800 208 800 1568
13 2 880 304 880 1568
13 2 960 208 960 1568
13 2 1040 304 1040 1568
13 0 160 2000 160 2032
13 0 160 208 160 2000
13 0 240 2000 240 2032
13 0 240 1984 240 2000
13 0 240 304 240 1984
13 0 320 2000 320 2032
13 0 320 1968 320 2000
13 0 320 208 320 1968
13 0 400 2000 400 2032
13 0 400 1952 400 2000
13 0 400 304 400 1952
13 0 480 2000 480 2032
13 0 480 1936 480 2000
13 0 480 208 480 1936
13 0 560 2000 560 2032
13 0 560 1920 560 2000
13 0 560 304 560 1920
13 0 640 2000 640 2032
13 0 640 1904 640 2000
13 0 640 208 640 1904
13 0 720 2000 720 2032
13 0 720 1888 720 2000
13 0 720 304 720 1888
13 0 800 2000 800 2032
13 0 800 1872 800 2000
13 0 800 208 800 1872
13 0 880 2000 880 2032
13 0 880 1856 880 2000
13 0 880 304 880 1856
13 0 960 2000 960 2032
13 0 960 1840 960 2000
13 0 960 208 960 1840
13 0 1040 2000 1040 2032
13 0 1040 1824 1040 2000
13 0 1040 304 1040 1824
13 2 160 208 160 2032
13 2 240 304 240 2032
13 2 320 208 320 2032
13 2 400 304 400 2032
13 2 480 208 480 2032
13 2 560 304 560 2032
13 2 640 208 640 2032
13 2 720 304 720 2032
13 2 800 208 800 2032
13 2 880 304 880 2032
13 2 960 208 960 2032
13 2 1040 304 1040 2032
13 0 160 3104 160 3152
13 0 160 208 160 3104
13 0 240 3104 240 3152
13 0 240 3088 240 3104
13 0 240 304 240 3088
13 0 320 3104 320 3152
13 0 320 3072 320 3104
13 0 320 208 320 3072
13 0 400 3104 400 3152
13 0 400 3056 400 3104
13 0 400 304 400 3056
13 0 480 3104 480 3152
13 0 480 3040 480 3104
13 0 480 208 480 3040
13 0 560 3104 560 3152
13 0 560 3024 560 3104
13 0 560 304 560 3024
13 0 640 3104 640 3152
13 0 640 3008 640 3104
13 0 640 208 640 3008
13 0 720 3104 720 3152
13 0 720 2992 720 3104
13 0 720 304 720 2992
13 0 800 3104 800 3152
13 0 800 2976 800 3104
13 0 800 208 800 2976
13 0 880 3104 880 3152
13 0 880 2960 880 3104
13 0 880 304 880 2960
13 0 960 3104 960 3152
13 0 960 2944 960 3104
13 0 960 208 960 2944
13 0 1040 3104 1040 3152
13 0 1040 2928 1040 3104
13 0 1040 304 1040 2928
13 2 160 208 160 3152
13 2 240 304 240 3152
13 2 320 208 320 3152
13 2 400 304 400 3152
13 2 480 208 480 3152
13 2 560 304 560 3152
13 2 640 208 640 3152
13 2 720 304 720 3152
13 2 800 208 800 3152
13 2 880 304 880 3152
13 2 960 208 960 3152
13 2 1040 304 1040 3152
13 0 160 3984 160 4080
13 0 160 208 160 3984
13 0 240 3984 240 4080
13 0 240 3968 240 3984
13 0 240 304 240 3968
13 0 320 3984 320 4080
13 0 320 3952 320 3984
13 0 320 208 320 3952
13 0 400 3984 400 4080
13 0 400 3936 400 3984
13 0 400 304 400 3936
13 0 480 3984 480 4080
13 0 480 3920 480 3984
13 0 480 208 480 3920
13 0 560 3984 560 4080
13 0 560 3904 560 3984
13 0 560 304 560 3904
13 0 640 3984 640 4080
13 0 640 3888 640 3984
13 0 640 208 640 3888
13 0 720 3984 720 4080
13 0 720 3872 720 3984
13 0 720 304 720 3872
13 0 800 3984 800 4080
13 0 800 3856 800 3984
13 0 800 208 800 3856
13 0 880 3984 880 4080
13 0 880 3840 880 3984
13 0 880 304 880 3840
13 0 960 3984 960 4080
13 0 960 3824 960 3984
13 0 960 208 960 3824
13 0 1040 3984 1040 4080
13 0 1040 3808 1040 3984
13 0 1040 304 1040 3808
13 2 160 208 160 4080
13 2 240 304 240 4080
13 2 320 208 320 4080
13 2 400 304 400 4080
13 2 480 208 480 4080
13 2 560 304 560 4080
13 2 640 208 640 4080
13 2 720 304 720 4080
13 2 800 208 800 4080
13 2 880 304 880 4080
13 2 960 208 960 4080
13 2 1040 304 1040 4080
13 0 160 4896 160 5008
13 0 160 208 160 4896
13 0 240 4896 240 5008
13 0 240 4880 240 4896
13 0 240 304 240 4880
13 0 320 4896 320 5008
13 0 320 4864 320 4896
13 0 320 208 320 4864
13 0 400 4896 400 5008
13 0 400 4848 400 4896
13 0 400 304 400 4848
13 0 480 4896 480 5008
13 0 480 4832 480 4896
13 0 480 208 480 4832
13 0 560 4896 560 5008
13 0 560 4816 560 4896
13 0 560 304 560 4816
13 0 640 4896 640 5008
13 0 640 4800 640 4896
13 0 640 208 640 4800
13 0 720 4896 720 5008
13 0 720 4784 720 4896
13 0 720 304 720 4784
13 0 800 4896 800 5008
13 0 800 4768 800 4896
13 0 800 208 800 4768
13 0 880 4896 880 5008
13 0 880 4752 880 4896
13 0 880 304 880 4752
13 0 960 4896 960 5008
13 0 960 4736 960 4896
13 0 960 208 960 4736
13 0 1040 4896 1040 5008
13 0 1040 4720 1040 4896
13 0 1040 304 1040 4720
13 2 160 208 160 5008
13 2 240 304 240 5008
13 2 320 208 320 5008
13 2 400 304 400 5008
13 2 480 208 480 5008
13 2 560 304 560 5008
13 2 640 208 640 5008
13 2 720 304 720 5008
13 2 800 208 800 5008
13 2 880 304 880 5008
13 2 960 208 960 5008
13 2 1040 304 1040 5008
13 0 160 5168 160 5280
13 0 160 208 160 5168
13 0 240 5168 240 5280
13 0 240 5152 240 5168
13 0 240 304 240 5152
13 0 320 5168 320 5280
13 0 320 5136 320 5168
13 0 320 208 320 5136
13 0 400 5168 400 5280
13 0 400 5120 400 5168
13 0 400 304 400 5120
13 0 480 5168 480 5280
13 0 480 5104 480 5168
13 0 480 208 480 5104
13 0 560 5168 560 5280
13 0 560 5088 560 5168
13 0 560 304 560 5088
13 0 640 5168 640 5280
13 0 640 5072 640 5168
13 0 640 208 640 5072
13 0 720 5168 720 5280
13 0 720 5056 720 5168
13 0 720 304 720 5056
13 0 800 5168 800 5280
13 0 800 5040 800 5168
13 0 800 208 800 5040
13 0 880 5168 880 5280
13 0 880 5024 880 5168
13 0 880 304 880 5024
13 0 960 5168 960 5280
13 0 960 5008 960 5168
13 0 960 208 960 5008
13 0 1040 5168 1040 5280
13 0 1040 4992 1040 5168
13 0 1040 304 1040 4992
17 0 and3 1120 320 0
17 0 and4 1120 464 0
17 0 and4 1120 624 0
17 0 and2 1120 816 0
17 0 and2 1120 1136 0
17 0 and3 1120 960 0
17 0 and3 1120 1280 0
17 0 and3 1120 1440 0
17 0 and3 1120 1600 0
17 0 and3 1120 1760 0
17 0 and3 1120 1920 0
13 0 1120 368 560 368
13 0 1120 400 720 400
13 0 1120 432 1040 432
13 0 1120 512 480 512
13 0 1120 544 640 544
13 0 1120 576 880 576
13 0 1120 608 1040 608
13 0 1120 672 480 672
13 0 1120 704 720 704
13 0 1120 736 800 736
13 0 800 736 800 752
13 0 1120 768 960 768
13 0 1120 864 800 864
13 0 1120 896 1040 896
13 0 1040 896 1040 912
13 0 1120 1072 800 1072
13 0 1120 1040 736 1040
13 0 736 1040 736 1056
13 0 736 1056 624 1056
13 0 624 1056 624 1024
13 2 624 1024 624 1056
13 2 624 1056 736 1056
13 2 736 1040 736 1056
13 2 736 1040 1120 1040
13 0 1120 1040 640 1040
13 0 1120 1008 560 1008
13 0 1120 1216 1040 1216
13 0 1040 1216 1040 1232
13 0 1120 1184 640 1184
13 0 640 1184 640 1200
13 0 1120 1328 480 1328
13 0 1120 1360 640 1360
13 0 640 1360 640 1376
13 0 1120 1392 880 1392
13 0 880 1392 880 1408
13 0 1120 1488 480 1488
13 0 1120 1520 720 1520
13 0 720 1520 720 1552
13 0 1120 1552 1040 1552
13 0 1040 1552 1040 1568
13 0 1120 1648 560 1648
13 0 560 1648 560 1680
13 0 1120 1680 640 1680
13 0 640 1680 640 1696
13 0 1120 1712 880 1712
13 0 880 1712 880 1728
13 0 1120 1808 560 1808
13 0 560 1808 560 1824
13 0 1120 1840 640 1840
13 0 1120 1872 960 1872
13 0 1120 1968 640 1968
13 0 640 1968 640 1984
13 0 1120 2000 880 2000
13 0 880 2000 880 2016
13 0 1120 2032 960 2032
13 0 960 2032 960 2048
17 0 and4 1440 2080 0
17 0 25
17 0 and4 1440 2064 0
13 0 1440 2112 560 2112
13 0 560 2112 560 2128
13 0 1440 2144 640 2144
13 0 640 2144 640 2160
13 0 1440 2176 880 2176
13 0 880 2176 880 2224
13 0 1440 2208 960 2208
13 0 960 2208 960 2224
17 0 or3 1440 320 0
17 0 or3 1440 1600 0
17 0 or5 1440 768 0
13 0 1440 368 1280 368
13 0 1280 368 1280 400
13 0 1264 400 1280 400
13 0 1440 400 1312 400
13 0 1312 400 1312 416
13 0 1312 416 1312 560
13 0 1312 560 1264 560
13 0 1440 432 1344 432
13 0 1344 432 1344 512
13 0 1344 512 1344 720
13 0 1344 720 1264 720
13 0 1440 816 1280 816
13 0 1280 816 1280 880
13 0 1280 880 1264 880
13 0 1440 848 1312 848
13 0 1312 848 1312 1040
13 0 1312 1040 1264 1040
13 0 1440 880 1344 880
13 0 1344 880 1344 1200
13 0 1344 1200 1264 1200
13 0 1440 912 1376 912
13 0 1376 912 1376 928
13 0 1376 928 1376 1360
13 0 1376 1360 1264 1360
13 0 1440 944 1408 944
13 0 1408 944 1408 1520
13 0 1408 1520 1264 1520
13 0 1440 1648 1280 1648
13 0 1280 1648 1280 1664
13 0 1280 1664 1280 1680
13 0 1280 1680 1264 1680
13 0 1440 1680 1296 1680
13 0 1360 1680 1440 1680
13 2 1360 1680 1440 1680
13 2 1296 1680 1360 1680
13 0 1440 1680 1312 1680
13 0 1312 1680 1312 1728
13 0 1312 1728 1312 1840
13 0 1312 1840 1264 1840
13 0 1440 1712 1344 1712
13 0 1344 1712 1344 1744
13 0 1344 1744 1344 2000
13 0 1344 2000 1264 2000
17 0 mux41 1920 352 0
13 0 1920 400 1584 400
13 0 1920 432 1600 432
13 0 1600 432 1600 880
13 0 1600 880 1584 880
13 0 1920 464 1632 464
13 0 1632 464 1632 544
13 0 1632 544 1632 1680
13 0 1632 1680 1584 1680
13 0 1920 496 1664 496
13 0 1664 496 1664 2160
13 0 1664 2160 1584 2160
13 0 2112 448 2160 448
13 0 2160 448 2160 432
13 0 2160 432 2160 160
13 0 112 112 112 624
13 0 112 624 384 624
13 2 112 624 384 624
13 2 112 112 112 624
13 0 160 304 160 208
13 2 160 208 160 304
13 2 160 304 160 5280
13 0 240 368 240 304
13 2 240 304 240 368
13 2 240 368 240 5280
13 0 320 352 320 208
13 2 320 208 320 352
13 2 320 352 320 5280
13 0 400 352 400 304
13 2 400 304 400 352
13 2 400 352 400 5280
17 0 4
13 0 368 208 400 208
13 2 368 208 400 208
13 2 320 208 368 208
13 0 320 176 320 160
13 2 320 160 320 176
13 2 320 176 320 208
13 0 208 208 240 208
13 2 208 208 240 208
13 2 160 208 208 208
17 0 1
13 0 160 192 160 160
13 2 160 160 160 192
13 2 160 192 160 208
13 7 320 160
13 8 320 160 0
13 5 1824 544 x2
13 8 320 160 1
13 8 1824 544 1
13 7 1824 544
13 8 1824 544 0
13 5 1920 544 x2
13 5 1824 544 x2
13 8 1824 544 1
13 7 1824 544
13 8 1824 544 0
13 5 1760 544 x2
13 8 1824 544 1
13 8 1760 544 1
13 7 160 160
13 8 160 160 0
13 5 1456 592 x1
13 8 160 160 1
13 8 1456 592 1
13 7 1456 592
13 8 1456 592 0
13 5 1760 576 x1
13 8 1456 592 1
13 8 1760 576 1
13 0 1760 544 1920 544
13 0 1760 576 1920 576
13 5 2160 160 y
13 8 2160 160 2
13 2 480 208 560 208
13 2 640 208 720 208
13 2 800 208 880 208
13 2 960 208 1040 208
13 2 560 368 1120 368
13 2 1280 368 1440 368
13 2 720 400 1120 400
13 2 1264 400 1280 400
13 2 1312 400 1440 400
13 2 1584 400 1920 400
13 2 1040 432 1120 432
13 2 1344 432 1440 432
13 2 1600 432 1920 432
13 2 2112 448 2160 448
13 2 1632 464 1920 464
13 2 1664 496 1920 496
13 2 480 512 1120 512
13 2 640 544 1120 544
13 2 1760 544 1920 544
13 2 1264 560 1312 560
13 2 880 576 1120 576
13 2 1760 576 1920 576
13 2 1040 608 1120 608
13 2 480 672 1120 672
13 2 720 704 1120 704
13 2 1264 720 1344 720
13 2 800 736 1120 736
13 2 960 768 1120 768
13 2 1280 816 1440 816
13 2 1312 848 1440 848
13 2 800 864 1120 864
13 2 1264 880 1280 880
13 2 1344 880 1440 880
13 2 1584 880 1600 880
13 2 1040 896 1120 896
13 2 1376 912 1440 912
13 2 1408 944 1440 944
13 2 560 1008 1120 1008
13 2 640 1040 1120 1040
13 2 1264 1040 1312 1040
13 2 800 1072 1120 1072
13 2 640 1184 1120 1184
13 2 1264 1200 1344 1200
13 2 1040 1216 1120 1216
13 2 480 1328 1120 1328
13 2 640 1360 1120 1360
13 2 1264 1360 1376 1360
13 2 880 1392 1120 1392
13 2 480 1488 1120 1488
13 2 720 1520 1120 1520
13 2 1264 1520 1408 1520
13 2 1040 1552 1120 1552
13 2 560 1648 1120 1648
13 2 1280 1648 1440 1648
13 2 640 1680 1120 1680
13 2 1264 1680 1280 1680
13 2 1312 1680 1440 1680
13 2 1584 1680 1632 1680
13 2 880 1712 1120 1712
13 2 1344 1712 1440 1712
13 2 560 1808 1120 1808
13 2 640 1840 1120 1840
13 2 1264 1840 1312 1840
13 2 960 1872 1120 1872
13 2 640 1968 1120 1968
13 2 880 2000 1120 2000
13 2 1264 2000 1344 2000
13 2 960 2032 1120 2032
13 2 560 2112 1440 2112
13 2 640 2144 1440 2144
13 2 1584 2160 1664 2160
13 2 880 2176 1440 2176
13 2 960 2208 1440 2208
13 0 480 160 480 208
13 2 480 160 480 208
13 0 480 208 480 512
13 2 480 208 480 512
13 0 480 512 480 672
13 2 480 512 480 672
13 0 480 672 480 1328
13 2 480 672 480 1328
13 0 480 1328 480 1488
13 2 480 1328 480 1488
13 2 480 1488 480 5280
13 0 560 304 560 368
13 2 560 304 560 368
13 0 560 368 560 1008
13 2 560 368 560 1008
13 0 560 1008 560 1648
13 2 560 1008 560 1648
13 0 560 1648 560 1808
13 2 560 1648 560 1808
13 0 560 1808 560 2112
13 2 560 1808 560 2112
13 2 560 2112 560 5280
13 0 640 160 640 208
13 2 640 160 640 208
13 0 640 208 640 544
13 2 640 208 640 544
13 0 640 544 640 1040
13 2 640 544 640 1040
13 0 640 1040 640 1184
13 2 640 1040 640 1184
13 0 640 1184 640 1360
13 2 640 1184 640 1360
13 0 640 1360 640 1680
13 2 640 1360 640 1680
13 0 640 1680 640 1840
13 2 640 1680 640 1840
13 0 640 1840 640 1968
13 2 640 1840 640 1968
13 0 640 1968 640 2144
13 2 640 1968 640 2144
13 2 640 2144 640 5280
13 0 720 304 720 400
13 2 720 304 720 400
13 0 720 400 720 704
13 2 720 400 720 704
13 0 720 704 720 1520
13 2 720 704 720 1520
13 2 720 1520 720 5280
13 0 800 160 800 208
13 2 800 160 800 208
13 0 800 208 800 736
13 2 800 208 800 736
13 0 800 736 800 864
13 2 800 736 800 864
13 0 800 864 800 1072
13 2 800 864 800 1072
13 2 800 1072 800 5280
13 0 880 304 880 576
13 2 880 304 880 576
13 0 880 576 880 1392
13 2 880 576 880 1392
13 0 880 1392 880 1712
13 2 880 1392 880 1712
13 0 880 1712 880 2000
13 2 880 1712 880 2000
13 0 880 2000 880 2176
13 2 880 2000 880 2176
13 2 880 2176 880 5280
13 0 960 160 960 208
13 2 960 160 960 208
13 0 960 208 960 768
13 2 960 208 960 768
13 0 960 768 960 1872
13 2 960 768 960 1872
13 0 960 1872 960 2032
13 2 960 1872 960 2032
13 0 960 2032 960 2208
13 2 960 2032 960 2208
13 2 960 2208 960 5280
13 0 1040 304 1040 432
13 2 1040 304 1040 432
13 0 1040 432 1040 608
13 2 1040 432 1040 608
13 0 1040 608 1040 896
13 2 1040 608 1040 896
13 0 1040 896 1040 1216
13 2 1040 896 1040 1216
13 0 1040 1216 1040 1552
13 2 1040 1216 1040 1552
13 2 1040 1552 1040 5280
13 2 1280 368 1280 400
13 2 1280 816 1280 880
13 2 1280 1648 1280 1680
13 2 1312 400 1312 560
13 2 1312 848 1312 1040
13 2 1312 1680 1312 1840
13 2 1344 432 1344 720
13 2 1344 880 1344 1200
13 2 1344 1712 1344 2000
13 2 1376 912 1376 1360
13 2 1408 944 1408 1520
13 2 1600 432 1600 880
13 2 1632 464 1632 1680
13 2 1664 496 1664 2160
13 2 2160 160 2160 448
13 7 1760 544
13 8 1760 544 0
13 7 1760 576
13 8 1760 576 0
13 7 480 160
13 8 480 160 0
13 7 640 160
13 8 640 160 0
13 7 800 160
13 8 800 160 0
13 7 960 160
13 8 960 160 0
13 7 2160 160
13 8 2160 160 0
17 0 13
17 0 9
17 0 8
17 0 7
17 0 25
17 0 23
17 0 21
17 0 19
17 0 18
17 0 17
17 0 16
17 0 15
17 0 14
17 0 12
17 0 11
17 0 10
17 0 6
17 0 5
17 0 3
17 0 2
17 0 mux41 1600 352 0
17 0 or5 1120 768 0
17 0 or3 1120 1600 0
17 0 or3 1120 320 0
17 0 and4 1120 2064 0
17 0 and3 800 1920 0
17 0 and3 800 1760 0
17 0 and3 800 1600 0
17 0 and3 800 1440 0
17 0 and3 800 1280 0
17 0 and3 800 960 0
17 0 and2 800 1136 0
17 0 and2 800 816 0
17 0 and4 800 624 0
17 0 and4 800 464 0
17 0 and3 800 320 0
17 0 inv 768 208 1
17 0 inv 608 208 1
17 0 inv 448 208 1
17 0 inv 288 208 1
13 0 160 208 240 208
13 0 320 208 400 208
13 0 480 208 560 208
13 0 640 208 720 208
13 0 240 368 800 368
13 0 960 368 1120 368
13 0 400 400 800 400
13 0 944 400 960 400
13 0 992 400 1120 400
13 0 1264 400 1600 400
13 0 720 432 800 432
13 0 1024 432 1120 432
13 0 1280 432 1600 432
13 0 1792 448 1840 448
13 0 1312 464 1600 464
13 0 1344 496 1600 496
13 0 160 512 800 512
13 0 320 544 800 544
13 0 1440 544 1600 544
13 0 944 560 992 560
13 0 560 576 800 576
13 0 1440 576 1600 576
13 0 720 608 800 608
13 0 160 672 800 672
13 0 400 704 800 704
13 0 944 720 1024 720
13 0 480 736 800 736
13 0 640 768 800 768
13 0 960 816 1120 816
13 0 992 848 1120 848
13 0 480 864 800 864
13 0 944 880 960 880
13 0 1024 880 1120 880
13 0 1264 880 1280 880
13 0 720 896 800 896
13 0 1056 912 1120 912
13 0 1088 944 1120 944
13 0 240 1008 800 1008
13 0 320 1040 800 1040
13 0 944 1040 992 1040
13 0 480 1072 800 1072
13 0 320 1184 800 1184
13 0 944 1200 1024 1200
13 0 720 1216 800 1216
13 0 160 1328 800 1328
13 0 320 1360 800 1360
13 0 944 1360 1056 1360
13 0 560 1392 800 1392
13 0 160 1488 800 1488
13 0 400 1520 800 1520
13 0 944 1520 1088 1520
13 0 720 1552 800 1552
13 0 240 1648 800 1648
13 0 960 1648 1120 1648
13 0 320 1680 800 1680
13 0 944 1680 960 1680
13 0 992 1680 1120 1680
13 0 1264 1680 1312 1680
13 0 560 1712 800 1712
13 0 1024 1712 1120 1712
13 0 240 1808 800 1808
13 0 320 1840 800 1840
13 0 944 1840 992 1840
13 0 640 1872 800 1872
13 0 320 1968 800 1968
13 0 560 2000 800 2000
13 0 944 2000 1024 2000
13 0 640 2032 800 2032
13 0 240 2112 1120 2112
13 0 320 2144 1120 2144
13 0 1264 2160 1344 2160
13 0 560 2176 1120 2176
13 0 640 2208 1120 2208
13 0 160 160 160 208
13 0 160 208 160 512
13 0 160 512 160 672
13 0 160 672 160 1328
13 0 160 1328 160 1488
13 0 160 1488 160 5280
13 0 240 304 240 368
13 0 240 368 240 1008
13 0 240 1008 240 1648
13 0 240 1648 240 1808
13 0 240 1808 240 2112
13 0 240 2112 240 5280
13 0 320 160 320 208
13 0 320 208 320 544
13 0 320 544 320 1040
13 0 320 1040 320 1184
13 0 320 1184 320 1360
13 0 320 1360 320 1680
13 0 320 1680 320 1840
13 0 320 1840 320 1968
13 0 320 1968 320 2144
13 0 320 2144 320 5280
13 0 400 304 400 400
13 0 400 400 400 704
13 0 400 704 400 1520
13 0 400 1520 400 5280
13 0 480 160 480 208
13 0 480 208 480 736
13 0 480 736 480 864
13 0 480 864 480 1072
13 0 480 1072 480 5280
13 0 560 304 560 576
13 0 560 576 560 1392
13 0 560 1392 560 1712
13 0 560 1712 560 2000
13 0 560 2000 560 2176
13 0 560 2176 560 5280
13 0 640 160 640 208
13 0 640 208 640 768
13 0 640 768 640 1872
13 0 640 1872 640 2032
13 0 640 2032 640 2208
13 0 640 2208 640 5280
13 0 720 304 720 432
13 0 720 432 720 608
13 0 720 608 720 896
13 0 720 896 720 1216
13 0 720 1216 720 1552
13 0 720 1552 720 5280
13 0 960 368 960 400
13 0 960 816 960 880
13 0 960 1648 960 1680
13 0 992 400 992 560
13 0 992 848 992 1040
13 0 992 1680 992 1840
13 0 1024 432 1024 720
13 0 1024 880 1024 1200
13 0 1024 1712 1024 2000
13 0 1056 912 1056 1360
13 0 1088 944 1088 1520
13 0 1280 432 1280 880
13 0 1312 464 1312 1680
13 0 1344 496 1344 2160
13 0 1840 160 1840 448
13 5 1440 544 x2
13 5 1440 576 x1
13 5 160 160 x3
13 5 320 160 x4
13 5 480 160 x5
13 5 640 160 x6
13 5 1840 160 y
13 8 1760 544 1
13 8 1760 576 1
13 8 480 160 1
13 8 640 160 1
13 8 800 160 1
13 8 960 160 1
13 8 2160 160 2
13 8 1440 544 1
13 8 1440 576 1
13 8 160 160 1
13 8 320 160 1
13 8 480 160 1
13 8 640 160 1
13 8 1840 160 2
