Active-HDL 10.3.3558.6081  2019-10-04 13:00:15

Elaboration top modules:
VHDL Configuration            testbench_for_top


----------------------------------------------------------------------------------------------
Entity   | Architecture    | Library | Info | Compiler Version          | Compilation Options
----------------------------------------------------------------------------------------------
top_tb   | TB_ARCHITECTURE | l1      |      | 10.3.3558.6081  (Windows) | -O3
TOP      | struct          | l1      |      | 10.3.3558.6081  (Windows) | -O3
CTRL     | rtl             | l1      |      | 10.3.3558.6081  (Windows) | -O3
MUX      | rtl             | l1      |      | 10.3.3558.6081  (Windows) | -O3
ALU_s    | rtl             | l1      |      | 10.3.3558.6081  (Windows) | -O3
ROM      | rtl             | l1      |      | 10.3.3558.6081  (Windows) | -O3
CNT      | rtl             | l1      |      | 10.3.3558.6081  (Windows) | -O3
REG      | rtl             | l1      |      | 10.3.3558.6081  (Windows) | -O3
FLG      | rtl             | l1      |      | 10.3.3558.6081  (Windows) | -O3
----------------------------------------------------------------------------------------------

----------------------------------------------------------------------------------------------
VHDL Configuration         | Library | Info | Compiler Version          | Compilation Options
----------------------------------------------------------------------------------------------
testbench_for_top          | l1      |      | 10.3.3558.6081  (Windows) | -O3
----------------------------------------------------------------------------------------------

----------------------------------------------------------------------------------------------
VHDL Package               | Library | Info | Compiler Version          | Compilation Options
----------------------------------------------------------------------------------------------
standard                   | std     |      |                           | <unavailable>
TEXTIO                     | std     |      | 10.3.3558.6081  (Windows) |  -2008
std_logic_1164             | ieee    |      | 10.3.3558.6081  (Windows) |  -2008
NUMERIC_STD                | ieee    |      | 10.3.3558.6081  (Windows) |  -2008
----------------------------------------------------------------------------------------------

----------------------------------------------------------------------------------------------
Library                    | Comment
----------------------------------------------------------------------------------------------
ieee                       | Standard IEEE packages library
l1                         | None
std                        | Standard VHDL library
----------------------------------------------------------------------------------------------


Simulation Options: asim +access +r TESTBENCH_FOR_top


The performance of simulation is reduced. Version Lattice Edition
