
edif2ngd  -l "LatticeXP2" -d LAXP2-5E -path "C:/Users/Gustas/Documents/KTU/Logika/L1/L1/impl1" -path "C:/Users/Gustas/Documents/KTU/Logika/L1/L1"   "C:/Users/Gustas/Documents/KTU/Logika/L1/L1/impl1/L1_impl1.edi" "L1_impl1.ngo"   
edif2ngd:  version Diamond (64-bit) 3.10.3.144

Copyright (c) 1991-1994 by NeoCAD Inc. All rights reserved.
Copyright (c) 1995 AT&T Corp.   All rights reserved.
Copyright (c) 1995-2001 Lucent Technologies Inc.  All rights reserved.
Copyright (c) 2001 Agere Systems   All rights reserved.
Copyright (c) 2002-2017 Lattice Semiconductor Corporation,  All rights reserved.
Writing the design to L1_impl1.ngo...

Total CPU Time: 0 secs  

Total REAL Time: 0 secs  


ngdbuild  -a "LatticeXP2" -d LAXP2-5E  -p "C:/Program Files/lscc/diamond/3.10_x64/ispfpga/mg5a00/data"  -p "C:/Users/Gustas/Documents/KTU/Logika/L1/L1/impl1" -p "C:/Users/Gustas/Documents/KTU/Logika/L1/L1"  "L1_impl1.ngo" "L1_impl1.ngd"  	
ngdbuild:  version Diamond (64-bit) 3.10.3.144

Copyright (c) 1991-1994 by NeoCAD Inc. All rights reserved.
Copyright (c) 1995 AT&T Corp.   All rights reserved.
Copyright (c) 1995-2001 Lucent Technologies Inc.  All rights reserved.
Copyright (c) 2001 Agere Systems   All rights reserved.
Copyright (c) 2002-2017 Lattice Semiconductor Corporation,  All rights reserved.
Reading 'L1_impl1.ngo' ...
Loading NGL library 'C:/Program Files/lscc/diamond/3.10_x64/ispfpga/mg5a00/data/mg5alib.ngl'...
Loading NGL library 'C:/Program Files/lscc/diamond/3.10_x64/ispfpga/ep5a00/data/ep5alib.ngl'...
Loading NGL library 'C:/Program Files/lscc/diamond/3.10_x64/ispfpga/ep5g00/data/ep5glib.ngl'...
Loading NGL library 'C:/Program Files/lscc/diamond/3.10_x64/ispfpga/or5g00/data/orc5glib.ngl'...


Running DRC...

DRC complete with no errors or warnings

Design Results:
     30 blocks expanded
Complete the first expansion.
Writing 'L1_impl1.ngd' ...
Total CPU Time: 0 secs  

Total REAL Time: 0 secs  

